<?xml version="1.0" encoding="UTF-8"?>
<!-- Generated by org.testng.reporters.JUnitReportReporter -->
<testsuite hostname="MCGL-5632" name="DataVerification.BonusPointsReferenceOptinout" tests="528" failures="0" timestamp="10 Oct 2017 06:32:38 GMT" time="151.088" errors="0">
  <testcase name="target" time="0.065" classname="DataVerification.BonusPointsReferenceOptinout"/>
  <testcase name="target" time="1.130" classname="DataVerification.BonusPointsReferenceOptinout"/>
  <testcase name="target" time="0.115" classname="DataVerification.BonusPointsReferenceOptinout"/>
  <testcase name="target" time="0.284" classname="DataVerification.BonusPointsReferenceOptinout"/>
  <testcase name="target" time="0.055" classname="DataVerification.BonusPointsReferenceOptinout"/>
  <testcase name="target" time="0.831" classname="DataVerification.BonusPointsReferenceOptinout"/>
  <testcase name="target" time="0.056" classname="DataVerification.BonusPointsReferenceOptinout"/>
  <testcase name="target" time="0.206" classname="DataVerification.BonusPointsReferenceOptinout"/>
  <testcase name="target" time="0.357" classname="DataVerification.BonusPointsReferenceOptinout"/>
  <testcase name="target" time="0.051" classname="DataVerification.BonusPointsReferenceOptinout"/>
  <testcase name="target" time="0.147" classname="DataVerification.BonusPointsReferenceOptinout"/>
  <testcase name="target" time="0.318" classname="DataVerification.BonusPointsReferenceOptinout"/>
  <testcase name="target" time="0.122" classname="DataVerification.BonusPointsReferenceOptinout"/>
  <testcase name="target" time="0.078" classname="DataVerification.BonusPointsReferenceOptinout"/>
  <testcase name="target" time="0.365" classname="DataVerification.BonusPointsReferenceOptinout"/>
  <testcase name="target" time="0.174" classname="DataVerification.BonusPointsReferenceOptinout"/>
  <testcase name="target" time="0.135" classname="DataVerification.BonusPointsReferenceOptinout"/>
  <testcase name="target" time="1.438" classname="DataVerification.BonusPointsReferenceOptinout"/>
  <testcase name="target" time="0.097" classname="DataVerification.BonusPointsReferenceOptinout"/>
  <testcase name="target" time="0.081" classname="DataVerification.BonusPointsReferenceOptinout"/>
  <testcase name="target" time="0.188" classname="DataVerification.BonusPointsReferenceOptinout"/>
  <testcase name="target" time="0.191" classname="DataVerification.BonusPointsReferenceOptinout"/>
  <testcase name="target" time="0.163" classname="DataVerification.BonusPointsReferenceOptinout"/>
  <testcase name="target" time="0.034" classname="DataVerification.BonusPointsReferenceOptinout"/>
  <testcase name="target" time="0.070" classname="DataVerification.BonusPointsReferenceOptinout"/>
  <testcase name="target" time="2.347" classname="DataVerification.BonusPointsReferenceOptinout"/>
  <testcase name="target" time="0.076" classname="DataVerification.BonusPointsReferenceOptinout"/>
  <testcase name="target" time="0.032" classname="DataVerification.BonusPointsReferenceOptinout"/>
  <testcase name="target" time="0.080" classname="DataVerification.BonusPointsReferenceOptinout"/>
  <testcase name="target" time="0.362" classname="DataVerification.BonusPointsReferenceOptinout"/>
  <testcase name="target" time="0.251" classname="DataVerification.BonusPointsReferenceOptinout"/>
  <testcase name="target" time="0.065" classname="DataVerification.BonusPointsReferenceOptinout"/>
  <testcase name="target" time="0.098" classname="DataVerification.BonusPointsReferenceOptinout"/>
  <testcase name="target" time="1.345" classname="DataVerification.BonusPointsReferenceOptinout"/>
  <testcase name="target" time="0.102" classname="DataVerification.BonusPointsReferenceOptinout"/>
  <testcase name="target" time="0.288" classname="DataVerification.BonusPointsReferenceOptinout"/>
  <testcase name="target" time="0.037" classname="DataVerification.BonusPointsReferenceOptinout"/>
  <testcase name="target" time="0.173" classname="DataVerification.BonusPointsReferenceOptinout"/>
  <testcase name="target" time="0.037" classname="DataVerification.BonusPointsReferenceOptinout"/>
  <testcase name="target" time="0.197" classname="DataVerification.BonusPointsReferenceOptinout"/>
  <testcase name="target" time="0.115" classname="DataVerification.BonusPointsReferenceOptinout"/>
  <testcase name="target" time="0.505" classname="DataVerification.BonusPointsReferenceOptinout"/>
  <testcase name="target" time="0.053" classname="DataVerification.BonusPointsReferenceOptinout"/>
  <testcase name="target" time="0.061" classname="DataVerification.BonusPointsReferenceOptinout"/>
  <testcase name="target" time="0.051" classname="DataVerification.BonusPointsReferenceOptinout"/>
  <testcase name="target" time="0.379" classname="DataVerification.BonusPointsReferenceOptinout"/>
  <testcase name="target" time="0.158" classname="DataVerification.BonusPointsReferenceOptinout"/>
  <testcase name="target" time="0.635" classname="DataVerification.BonusPointsReferenceOptinout"/>
  <testcase name="target" time="0.135" classname="DataVerification.BonusPointsReferenceOptinout"/>
  <testcase name="target" time="0.036" classname="DataVerification.BonusPointsReferenceOptinout"/>
  <testcase name="target" time="0.388" classname="DataVerification.BonusPointsReferenceOptinout"/>
  <testcase name="target" time="0.049" classname="DataVerification.BonusPointsReferenceOptinout"/>
  <testcase name="target" time="0.288" classname="DataVerification.BonusPointsReferenceOptinout"/>
  <testcase name="target" time="0.068" classname="DataVerification.BonusPointsReferenceOptinout"/>
  <testcase name="target" time="0.342" classname="DataVerification.BonusPointsReferenceOptinout"/>
  <testcase name="target" time="0.049" classname="DataVerification.BonusPointsReferenceOptinout"/>
  <testcase name="target" time="0.103" classname="DataVerification.BonusPointsReferenceOptinout"/>
  <testcase name="target" time="0.143" classname="DataVerification.BonusPointsReferenceOptinout"/>
  <testcase name="target" time="0.037" classname="DataVerification.BonusPointsReferenceOptinout"/>
  <testcase name="target" time="0.313" classname="DataVerification.BonusPointsReferenceOptinout"/>
  <testcase name="target" time="0.232" classname="DataVerification.BonusPointsReferenceOptinout"/>
  <testcase name="target" time="0.077" classname="DataVerification.BonusPointsReferenceOptinout"/>
  <testcase name="target" time="0.124" classname="DataVerification.BonusPointsReferenceOptinout"/>
  <testcase name="target" time="0.062" classname="DataVerification.BonusPointsReferenceOptinout"/>
  <testcase name="target" time="0.047" classname="DataVerification.BonusPointsReferenceOptinout"/>
  <testcase name="target" time="0.217" classname="DataVerification.BonusPointsReferenceOptinout"/>
  <testcase name="target" time="0.071" classname="DataVerification.BonusPointsReferenceOptinout"/>
  <testcase name="target" time="0.276" classname="DataVerification.BonusPointsReferenceOptinout"/>
  <testcase name="target" time="0.066" classname="DataVerification.BonusPointsReferenceOptinout"/>
  <testcase name="target" time="0.081" classname="DataVerification.BonusPointsReferenceOptinout"/>
  <testcase name="target" time="0.070" classname="DataVerification.BonusPointsReferenceOptinout"/>
  <testcase name="target" time="0.046" classname="DataVerification.BonusPointsReferenceOptinout"/>
  <testcase name="target" time="0.167" classname="DataVerification.BonusPointsReferenceOptinout"/>
  <testcase name="target" time="0.366" classname="DataVerification.BonusPointsReferenceOptinout"/>
  <testcase name="target" time="0.290" classname="DataVerification.BonusPointsReferenceOptinout"/>
  <testcase name="target" time="0.048" classname="DataVerification.BonusPointsReferenceOptinout"/>
  <testcase name="target" time="0.075" classname="DataVerification.BonusPointsReferenceOptinout"/>
  <testcase name="target" time="0.044" classname="DataVerification.BonusPointsReferenceOptinout"/>
  <testcase name="target" time="0.181" classname="DataVerification.BonusPointsReferenceOptinout"/>
  <testcase name="target" time="0.039" classname="DataVerification.BonusPointsReferenceOptinout"/>
  <testcase name="target" time="0.244" classname="DataVerification.BonusPointsReferenceOptinout"/>
  <testcase name="target" time="0.403" classname="DataVerification.BonusPointsReferenceOptinout"/>
  <testcase name="target" time="0.069" classname="DataVerification.BonusPointsReferenceOptinout"/>
  <testcase name="target" time="0.066" classname="DataVerification.BonusPointsReferenceOptinout"/>
  <testcase name="target" time="2.069" classname="DataVerification.BonusPointsReferenceOptinout"/>
  <testcase name="target" time="0.288" classname="DataVerification.BonusPointsReferenceOptinout"/>
  <testcase name="target" time="0.563" classname="DataVerification.BonusPointsReferenceOptinout"/>
  <testcase name="target" time="0.066" classname="DataVerification.BonusPointsReferenceOptinout"/>
  <testcase name="target" time="0.125" classname="DataVerification.BonusPointsReferenceOptinout"/>
  <testcase name="target" time="0.053" classname="DataVerification.BonusPointsReferenceOptinout"/>
  <testcase name="target" time="0.070" classname="DataVerification.BonusPointsReferenceOptinout"/>
  <testcase name="target" time="0.269" classname="DataVerification.BonusPointsReferenceOptinout"/>
  <testcase name="target" time="0.546" classname="DataVerification.BonusPointsReferenceOptinout"/>
  <testcase name="target" time="0.220" classname="DataVerification.BonusPointsReferenceOptinout"/>
  <testcase name="target" time="0.093" classname="DataVerification.BonusPointsReferenceOptinout"/>
  <testcase name="target" time="0.399" classname="DataVerification.BonusPointsReferenceOptinout"/>
  <testcase name="target" time="0.278" classname="DataVerification.BonusPointsReferenceOptinout"/>
  <testcase name="target" time="0.068" classname="DataVerification.BonusPointsReferenceOptinout"/>
  <testcase name="target" time="0.085" classname="DataVerification.BonusPointsReferenceOptinout"/>
  <testcase name="target" time="0.216" classname="DataVerification.BonusPointsReferenceOptinout"/>
  <testcase name="target" time="0.048" classname="DataVerification.BonusPointsReferenceOptinout"/>
  <testcase name="target" time="1.814" classname="DataVerification.BonusPointsReferenceOptinout"/>
  <testcase name="target" time="0.069" classname="DataVerification.BonusPointsReferenceOptinout"/>
  <testcase name="target" time="0.251" classname="DataVerification.BonusPointsReferenceOptinout"/>
  <testcase name="target" time="0.344" classname="DataVerification.BonusPointsReferenceOptinout"/>
  <testcase name="target" time="0.035" classname="DataVerification.BonusPointsReferenceOptinout"/>
  <testcase name="target" time="0.984" classname="DataVerification.BonusPointsReferenceOptinout"/>
  <testcase name="target" time="0.354" classname="DataVerification.BonusPointsReferenceOptinout"/>
  <testcase name="target" time="0.061" classname="DataVerification.BonusPointsReferenceOptinout"/>
  <testcase name="target" time="0.166" classname="DataVerification.BonusPointsReferenceOptinout"/>
  <testcase name="target" time="0.054" classname="DataVerification.BonusPointsReferenceOptinout"/>
  <testcase name="target" time="0.164" classname="DataVerification.BonusPointsReferenceOptinout"/>
  <testcase name="target" time="0.403" classname="DataVerification.BonusPointsReferenceOptinout"/>
  <testcase name="target" time="0.304" classname="DataVerification.BonusPointsReferenceOptinout"/>
  <testcase name="target" time="0.305" classname="DataVerification.BonusPointsReferenceOptinout"/>
  <testcase name="target" time="0.747" classname="DataVerification.BonusPointsReferenceOptinout"/>
  <testcase name="target" time="0.392" classname="DataVerification.BonusPointsReferenceOptinout"/>
  <testcase name="target" time="0.131" classname="DataVerification.BonusPointsReferenceOptinout"/>
  <testcase name="target" time="0.048" classname="DataVerification.BonusPointsReferenceOptinout"/>
  <testcase name="target" time="0.044" classname="DataVerification.BonusPointsReferenceOptinout"/>
  <testcase name="target" time="0.370" classname="DataVerification.BonusPointsReferenceOptinout"/>
  <testcase name="target" time="0.530" classname="DataVerification.BonusPointsReferenceOptinout"/>
  <testcase name="target" time="0.330" classname="DataVerification.BonusPointsReferenceOptinout"/>
  <testcase name="target" time="0.710" classname="DataVerification.BonusPointsReferenceOptinout"/>
  <testcase name="target" time="0.794" classname="DataVerification.BonusPointsReferenceOptinout"/>
  <testcase name="target" time="0.094" classname="DataVerification.BonusPointsReferenceOptinout"/>
  <testcase name="target" time="0.081" classname="DataVerification.BonusPointsReferenceOptinout"/>
  <testcase name="target" time="0.743" classname="DataVerification.BonusPointsReferenceOptinout"/>
  <testcase name="target" time="0.368" classname="DataVerification.BonusPointsReferenceOptinout"/>
  <testcase name="target" time="0.048" classname="DataVerification.BonusPointsReferenceOptinout"/>
  <testcase name="target" time="0.102" classname="DataVerification.BonusPointsReferenceOptinout"/>
  <testcase name="target" time="0.077" classname="DataVerification.BonusPointsReferenceOptinout"/>
  <testcase name="target" time="0.106" classname="DataVerification.BonusPointsReferenceOptinout"/>
  <testcase name="target" time="0.049" classname="DataVerification.BonusPointsReferenceOptinout"/>
  <testcase name="target" time="0.086" classname="DataVerification.BonusPointsReferenceOptinout"/>
  <testcase name="target" time="0.296" classname="DataVerification.BonusPointsReferenceOptinout"/>
  <testcase name="target" time="0.194" classname="DataVerification.BonusPointsReferenceOptinout"/>
  <testcase name="target" time="0.552" classname="DataVerification.BonusPointsReferenceOptinout"/>
  <testcase name="target" time="0.052" classname="DataVerification.BonusPointsReferenceOptinout"/>
  <testcase name="target" time="0.049" classname="DataVerification.BonusPointsReferenceOptinout"/>
  <testcase name="target" time="0.366" classname="DataVerification.BonusPointsReferenceOptinout"/>
  <testcase name="target" time="0.037" classname="DataVerification.BonusPointsReferenceOptinout"/>
  <testcase name="target" time="0.513" classname="DataVerification.BonusPointsReferenceOptinout"/>
  <testcase name="target" time="0.067" classname="DataVerification.BonusPointsReferenceOptinout"/>
  <testcase name="target" time="0.550" classname="DataVerification.BonusPointsReferenceOptinout"/>
  <testcase name="target" time="0.110" classname="DataVerification.BonusPointsReferenceOptinout"/>
  <testcase name="target" time="0.039" classname="DataVerification.BonusPointsReferenceOptinout"/>
  <testcase name="target" time="0.377" classname="DataVerification.BonusPointsReferenceOptinout"/>
  <testcase name="target" time="0.133" classname="DataVerification.BonusPointsReferenceOptinout"/>
  <testcase name="target" time="0.067" classname="DataVerification.BonusPointsReferenceOptinout"/>
  <testcase name="target" time="0.053" classname="DataVerification.BonusPointsReferenceOptinout"/>
  <testcase name="target" time="0.058" classname="DataVerification.BonusPointsReferenceOptinout"/>
  <testcase name="target" time="0.361" classname="DataVerification.BonusPointsReferenceOptinout"/>
  <testcase name="target" time="0.171" classname="DataVerification.BonusPointsReferenceOptinout"/>
  <testcase name="target" time="0.041" classname="DataVerification.BonusPointsReferenceOptinout"/>
  <testcase name="target" time="0.135" classname="DataVerification.BonusPointsReferenceOptinout"/>
  <testcase name="target" time="0.051" classname="DataVerification.BonusPointsReferenceOptinout"/>
  <testcase name="target" time="0.258" classname="DataVerification.BonusPointsReferenceOptinout"/>
  <testcase name="target" time="0.062" classname="DataVerification.BonusPointsReferenceOptinout"/>
  <testcase name="target" time="0.087" classname="DataVerification.BonusPointsReferenceOptinout"/>
  <testcase name="target" time="0.121" classname="DataVerification.BonusPointsReferenceOptinout"/>
  <testcase name="target" time="0.049" classname="DataVerification.BonusPointsReferenceOptinout"/>
  <testcase name="target" time="0.070" classname="DataVerification.BonusPointsReferenceOptinout"/>
  <testcase name="target" time="0.050" classname="DataVerification.BonusPointsReferenceOptinout"/>
  <testcase name="target" time="0.118" classname="DataVerification.BonusPointsReferenceOptinout"/>
  <testcase name="target" time="0.268" classname="DataVerification.BonusPointsReferenceOptinout"/>
  <testcase name="target" time="0.387" classname="DataVerification.BonusPointsReferenceOptinout"/>
  <testcase name="target" time="0.087" classname="DataVerification.BonusPointsReferenceOptinout"/>
  <testcase name="target" time="0.629" classname="DataVerification.BonusPointsReferenceOptinout"/>
  <testcase name="target" time="0.427" classname="DataVerification.BonusPointsReferenceOptinout"/>
  <testcase name="target" time="0.058" classname="DataVerification.BonusPointsReferenceOptinout"/>
  <testcase name="target" time="0.053" classname="DataVerification.BonusPointsReferenceOptinout"/>
  <testcase name="target" time="0.039" classname="DataVerification.BonusPointsReferenceOptinout"/>
  <testcase name="target" time="0.705" classname="DataVerification.BonusPointsReferenceOptinout"/>
  <testcase name="target" time="0.077" classname="DataVerification.BonusPointsReferenceOptinout"/>
  <testcase name="target" time="0.258" classname="DataVerification.BonusPointsReferenceOptinout"/>
  <testcase name="target" time="0.047" classname="DataVerification.BonusPointsReferenceOptinout"/>
  <testcase name="target" time="0.071" classname="DataVerification.BonusPointsReferenceOptinout"/>
  <testcase name="target" time="0.174" classname="DataVerification.BonusPointsReferenceOptinout"/>
  <testcase name="target" time="1.708" classname="DataVerification.BonusPointsReferenceOptinout"/>
  <testcase name="target" time="0.030" classname="DataVerification.BonusPointsReferenceOptinout"/>
  <testcase name="target" time="0.683" classname="DataVerification.BonusPointsReferenceOptinout"/>
  <testcase name="target" time="0.375" classname="DataVerification.BonusPointsReferenceOptinout"/>
  <testcase name="target" time="0.066" classname="DataVerification.BonusPointsReferenceOptinout"/>
  <testcase name="target" time="0.327" classname="DataVerification.BonusPointsReferenceOptinout"/>
  <testcase name="target" time="0.045" classname="DataVerification.BonusPointsReferenceOptinout"/>
  <testcase name="target" time="0.052" classname="DataVerification.BonusPointsReferenceOptinout"/>
  <testcase name="target" time="0.694" classname="DataVerification.BonusPointsReferenceOptinout"/>
  <testcase name="target" time="0.119" classname="DataVerification.BonusPointsReferenceOptinout"/>
  <testcase name="target" time="0.120" classname="DataVerification.BonusPointsReferenceOptinout"/>
  <testcase name="target" time="0.054" classname="DataVerification.BonusPointsReferenceOptinout"/>
  <testcase name="target" time="0.063" classname="DataVerification.BonusPointsReferenceOptinout"/>
  <testcase name="target" time="0.166" classname="DataVerification.BonusPointsReferenceOptinout"/>
  <testcase name="target" time="0.089" classname="DataVerification.BonusPointsReferenceOptinout"/>
  <testcase name="target" time="0.197" classname="DataVerification.BonusPointsReferenceOptinout"/>
  <testcase name="target" time="0.049" classname="DataVerification.BonusPointsReferenceOptinout"/>
  <testcase name="target" time="0.046" classname="DataVerification.BonusPointsReferenceOptinout"/>
  <testcase name="target" time="0.075" classname="DataVerification.BonusPointsReferenceOptinout"/>
  <testcase name="target" time="0.118" classname="DataVerification.BonusPointsReferenceOptinout"/>
  <testcase name="target" time="0.289" classname="DataVerification.BonusPointsReferenceOptinout"/>
  <testcase name="target" time="0.075" classname="DataVerification.BonusPointsReferenceOptinout"/>
  <testcase name="target" time="0.058" classname="DataVerification.BonusPointsReferenceOptinout"/>
  <testcase name="target" time="0.039" classname="DataVerification.BonusPointsReferenceOptinout"/>
  <testcase name="target" time="0.266" classname="DataVerification.BonusPointsReferenceOptinout"/>
  <testcase name="target" time="0.271" classname="DataVerification.BonusPointsReferenceOptinout"/>
  <testcase name="target" time="0.282" classname="DataVerification.BonusPointsReferenceOptinout"/>
  <testcase name="target" time="0.137" classname="DataVerification.BonusPointsReferenceOptinout"/>
  <testcase name="target" time="0.621" classname="DataVerification.BonusPointsReferenceOptinout"/>
  <testcase name="target" time="0.308" classname="DataVerification.BonusPointsReferenceOptinout"/>
  <testcase name="target" time="0.216" classname="DataVerification.BonusPointsReferenceOptinout"/>
  <testcase name="target" time="0.789" classname="DataVerification.BonusPointsReferenceOptinout"/>
  <testcase name="target" time="0.063" classname="DataVerification.BonusPointsReferenceOptinout"/>
  <testcase name="target" time="0.115" classname="DataVerification.BonusPointsReferenceOptinout"/>
  <testcase name="target" time="0.054" classname="DataVerification.BonusPointsReferenceOptinout"/>
  <testcase name="target" time="0.088" classname="DataVerification.BonusPointsReferenceOptinout"/>
  <testcase name="target" time="0.446" classname="DataVerification.BonusPointsReferenceOptinout"/>
  <testcase name="target" time="0.097" classname="DataVerification.BonusPointsReferenceOptinout"/>
  <testcase name="target" time="0.115" classname="DataVerification.BonusPointsReferenceOptinout"/>
  <testcase name="target" time="0.047" classname="DataVerification.BonusPointsReferenceOptinout"/>
  <testcase name="target" time="0.079" classname="DataVerification.BonusPointsReferenceOptinout"/>
  <testcase name="target" time="0.083" classname="DataVerification.BonusPointsReferenceOptinout"/>
  <testcase name="target" time="0.265" classname="DataVerification.BonusPointsReferenceOptinout"/>
  <testcase name="target" time="0.448" classname="DataVerification.BonusPointsReferenceOptinout"/>
  <testcase name="target" time="0.250" classname="DataVerification.BonusPointsReferenceOptinout"/>
  <testcase name="target" time="0.475" classname="DataVerification.BonusPointsReferenceOptinout"/>
  <testcase name="target" time="0.049" classname="DataVerification.BonusPointsReferenceOptinout"/>
  <testcase name="target" time="0.095" classname="DataVerification.BonusPointsReferenceOptinout"/>
  <testcase name="target" time="0.109" classname="DataVerification.BonusPointsReferenceOptinout"/>
  <testcase name="target" time="0.039" classname="DataVerification.BonusPointsReferenceOptinout"/>
  <testcase name="target" time="0.119" classname="DataVerification.BonusPointsReferenceOptinout"/>
  <testcase name="target" time="0.571" classname="DataVerification.BonusPointsReferenceOptinout"/>
  <testcase name="target" time="0.366" classname="DataVerification.BonusPointsReferenceOptinout"/>
  <testcase name="target" time="1.897" classname="DataVerification.BonusPointsReferenceOptinout"/>
  <testcase name="target" time="0.050" classname="DataVerification.BonusPointsReferenceOptinout"/>
  <testcase name="target" time="0.622" classname="DataVerification.BonusPointsReferenceOptinout"/>
  <testcase name="target" time="0.077" classname="DataVerification.BonusPointsReferenceOptinout"/>
  <testcase name="target" time="0.057" classname="DataVerification.BonusPointsReferenceOptinout"/>
  <testcase name="target" time="1.324" classname="DataVerification.BonusPointsReferenceOptinout"/>
  <testcase name="target" time="0.071" classname="DataVerification.BonusPointsReferenceOptinout"/>
  <testcase name="target" time="0.562" classname="DataVerification.BonusPointsReferenceOptinout"/>
  <testcase name="target" time="0.876" classname="DataVerification.BonusPointsReferenceOptinout"/>
  <testcase name="target" time="0.223" classname="DataVerification.BonusPointsReferenceOptinout"/>
  <testcase name="target" time="0.145" classname="DataVerification.BonusPointsReferenceOptinout"/>
  <testcase name="target" time="0.037" classname="DataVerification.BonusPointsReferenceOptinout"/>
  <testcase name="target" time="0.791" classname="DataVerification.BonusPointsReferenceOptinout"/>
  <testcase name="target" time="0.293" classname="DataVerification.BonusPointsReferenceOptinout"/>
  <testcase name="target" time="0.441" classname="DataVerification.BonusPointsReferenceOptinout"/>
  <testcase name="target" time="0.054" classname="DataVerification.BonusPointsReferenceOptinout"/>
  <testcase name="target" time="0.097" classname="DataVerification.BonusPointsReferenceOptinout"/>
  <testcase name="target" time="0.428" classname="DataVerification.BonusPointsReferenceOptinout"/>
  <testcase name="target" time="0.078" classname="DataVerification.BonusPointsReferenceOptinout"/>
  <testcase name="target" time="0.075" classname="DataVerification.BonusPointsReferenceOptinout"/>
  <testcase name="target" time="0.326" classname="DataVerification.BonusPointsReferenceOptinout"/>
  <testcase name="target" time="0.129" classname="DataVerification.BonusPointsReferenceOptinout"/>
  <testcase name="target" time="0.105" classname="DataVerification.BonusPointsReferenceOptinout"/>
  <testcase name="target" time="0.076" classname="DataVerification.BonusPointsReferenceOptinout"/>
  <testcase name="target" time="0.759" classname="DataVerification.BonusPointsReferenceOptinout"/>
  <testcase name="target" time="0.053" classname="DataVerification.BonusPointsReferenceOptinout"/>
  <testcase name="target" time="0.060" classname="DataVerification.BonusPointsReferenceOptinout"/>
  <testcase name="target" time="0.086" classname="DataVerification.BonusPointsReferenceOptinout"/>
  <testcase name="target" time="0.336" classname="DataVerification.BonusPointsReferenceOptinout"/>
  <testcase name="target" time="0.071" classname="DataVerification.BonusPointsReferenceOptinout"/>
  <testcase name="target" time="0.792" classname="DataVerification.BonusPointsReferenceOptinout"/>
  <testcase name="target" time="0.076" classname="DataVerification.BonusPointsReferenceOptinout"/>
  <testcase name="target" time="0.372" classname="DataVerification.BonusPointsReferenceOptinout"/>
  <testcase name="target" time="3.385" classname="DataVerification.BonusPointsReferenceOptinout"/>
  <testcase name="target" time="0.056" classname="DataVerification.BonusPointsReferenceOptinout"/>
  <testcase name="target" time="0.055" classname="DataVerification.BonusPointsReferenceOptinout"/>
  <testcase name="target" time="0.201" classname="DataVerification.BonusPointsReferenceOptinout"/>
  <testcase name="target" time="0.054" classname="DataVerification.BonusPointsReferenceOptinout"/>
  <testcase name="target" time="0.507" classname="DataVerification.BonusPointsReferenceOptinout"/>
  <testcase name="target" time="0.318" classname="DataVerification.BonusPointsReferenceOptinout"/>
  <testcase name="target" time="0.342" classname="DataVerification.BonusPointsReferenceOptinout"/>
  <testcase name="target" time="0.127" classname="DataVerification.BonusPointsReferenceOptinout"/>
  <testcase name="target" time="0.057" classname="DataVerification.BonusPointsReferenceOptinout"/>
  <testcase name="target" time="0.039" classname="DataVerification.BonusPointsReferenceOptinout"/>
  <testcase name="target" time="0.049" classname="DataVerification.BonusPointsReferenceOptinout"/>
  <testcase name="target" time="0.044" classname="DataVerification.BonusPointsReferenceOptinout"/>
  <testcase name="target" time="0.223" classname="DataVerification.BonusPointsReferenceOptinout"/>
  <testcase name="target" time="0.078" classname="DataVerification.BonusPointsReferenceOptinout"/>
  <testcase name="target" time="0.509" classname="DataVerification.BonusPointsReferenceOptinout"/>
  <testcase name="target" time="0.275" classname="DataVerification.BonusPointsReferenceOptinout"/>
  <testcase name="target" time="0.181" classname="DataVerification.BonusPointsReferenceOptinout"/>
  <testcase name="target" time="0.055" classname="DataVerification.BonusPointsReferenceOptinout"/>
  <testcase name="target" time="1.119" classname="DataVerification.BonusPointsReferenceOptinout"/>
  <testcase name="target" time="0.029" classname="DataVerification.BonusPointsReferenceOptinout"/>
  <testcase name="target" time="0.850" classname="DataVerification.BonusPointsReferenceOptinout"/>
  <testcase name="target" time="0.070" classname="DataVerification.BonusPointsReferenceOptinout"/>
  <testcase name="target" time="0.321" classname="DataVerification.BonusPointsReferenceOptinout"/>
  <testcase name="target" time="0.339" classname="DataVerification.BonusPointsReferenceOptinout"/>
  <testcase name="target" time="0.122" classname="DataVerification.BonusPointsReferenceOptinout"/>
  <testcase name="target" time="0.063" classname="DataVerification.BonusPointsReferenceOptinout"/>
  <testcase name="target" time="0.253" classname="DataVerification.BonusPointsReferenceOptinout"/>
  <testcase name="target" time="0.193" classname="DataVerification.BonusPointsReferenceOptinout"/>
  <testcase name="target" time="0.075" classname="DataVerification.BonusPointsReferenceOptinout"/>
  <testcase name="target" time="0.162" classname="DataVerification.BonusPointsReferenceOptinout"/>
  <testcase name="target" time="0.103" classname="DataVerification.BonusPointsReferenceOptinout"/>
  <testcase name="target" time="0.404" classname="DataVerification.BonusPointsReferenceOptinout"/>
  <testcase name="target" time="7.129" classname="DataVerification.BonusPointsReferenceOptinout"/>
  <testcase name="target" time="0.077" classname="DataVerification.BonusPointsReferenceOptinout"/>
  <testcase name="target" time="0.445" classname="DataVerification.BonusPointsReferenceOptinout"/>
  <testcase name="target" time="0.793" classname="DataVerification.BonusPointsReferenceOptinout"/>
  <testcase name="target" time="0.057" classname="DataVerification.BonusPointsReferenceOptinout"/>
  <testcase name="target" time="0.073" classname="DataVerification.BonusPointsReferenceOptinout"/>
  <testcase name="target" time="0.612" classname="DataVerification.BonusPointsReferenceOptinout"/>
  <testcase name="target" time="0.056" classname="DataVerification.BonusPointsReferenceOptinout"/>
  <testcase name="target" time="0.077" classname="DataVerification.BonusPointsReferenceOptinout"/>
  <testcase name="target" time="0.062" classname="DataVerification.BonusPointsReferenceOptinout"/>
  <testcase name="target" time="0.624" classname="DataVerification.BonusPointsReferenceOptinout"/>
  <testcase name="target" time="0.297" classname="DataVerification.BonusPointsReferenceOptinout"/>
  <testcase name="target" time="1.244" classname="DataVerification.BonusPointsReferenceOptinout"/>
  <testcase name="target" time="3.668" classname="DataVerification.BonusPointsReferenceOptinout"/>
  <testcase name="target" time="0.383" classname="DataVerification.BonusPointsReferenceOptinout"/>
  <testcase name="target" time="0.792" classname="DataVerification.BonusPointsReferenceOptinout"/>
  <testcase name="target" time="0.040" classname="DataVerification.BonusPointsReferenceOptinout"/>
  <testcase name="target" time="0.050" classname="DataVerification.BonusPointsReferenceOptinout"/>
  <testcase name="target" time="0.171" classname="DataVerification.BonusPointsReferenceOptinout"/>
  <testcase name="target" time="0.122" classname="DataVerification.BonusPointsReferenceOptinout"/>
  <testcase name="target" time="0.785" classname="DataVerification.BonusPointsReferenceOptinout"/>
  <testcase name="target" time="0.080" classname="DataVerification.BonusPointsReferenceOptinout"/>
  <testcase name="target" time="0.051" classname="DataVerification.BonusPointsReferenceOptinout"/>
  <testcase name="target" time="0.218" classname="DataVerification.BonusPointsReferenceOptinout"/>
  <testcase name="target" time="0.322" classname="DataVerification.BonusPointsReferenceOptinout"/>
  <testcase name="target" time="0.275" classname="DataVerification.BonusPointsReferenceOptinout"/>
  <testcase name="target" time="0.067" classname="DataVerification.BonusPointsReferenceOptinout"/>
  <testcase name="target" time="0.081" classname="DataVerification.BonusPointsReferenceOptinout"/>
  <testcase name="target" time="0.040" classname="DataVerification.BonusPointsReferenceOptinout"/>
  <testcase name="target" time="0.757" classname="DataVerification.BonusPointsReferenceOptinout"/>
  <testcase name="target" time="0.058" classname="DataVerification.BonusPointsReferenceOptinout"/>
  <testcase name="target" time="0.057" classname="DataVerification.BonusPointsReferenceOptinout"/>
  <testcase name="target" time="0.115" classname="DataVerification.BonusPointsReferenceOptinout"/>
  <testcase name="target" time="0.055" classname="DataVerification.BonusPointsReferenceOptinout"/>
  <testcase name="target" time="0.314" classname="DataVerification.BonusPointsReferenceOptinout"/>
  <testcase name="target" time="0.085" classname="DataVerification.BonusPointsReferenceOptinout"/>
  <testcase name="target" time="0.050" classname="DataVerification.BonusPointsReferenceOptinout"/>
  <testcase name="target" time="0.062" classname="DataVerification.BonusPointsReferenceOptinout"/>
  <testcase name="target" time="0.818" classname="DataVerification.BonusPointsReferenceOptinout"/>
  <testcase name="target" time="0.037" classname="DataVerification.BonusPointsReferenceOptinout"/>
  <testcase name="target" time="0.049" classname="DataVerification.BonusPointsReferenceOptinout"/>
  <testcase name="target" time="0.075" classname="DataVerification.BonusPointsReferenceOptinout"/>
  <testcase name="target" time="0.063" classname="DataVerification.BonusPointsReferenceOptinout"/>
  <testcase name="target" time="0.045" classname="DataVerification.BonusPointsReferenceOptinout"/>
  <testcase name="target" time="0.066" classname="DataVerification.BonusPointsReferenceOptinout"/>
  <testcase name="target" time="0.048" classname="DataVerification.BonusPointsReferenceOptinout"/>
  <testcase name="target" time="0.050" classname="DataVerification.BonusPointsReferenceOptinout"/>
  <testcase name="target" time="0.078" classname="DataVerification.BonusPointsReferenceOptinout"/>
  <testcase name="target" time="0.467" classname="DataVerification.BonusPointsReferenceOptinout"/>
  <testcase name="target" time="0.201" classname="DataVerification.BonusPointsReferenceOptinout"/>
  <testcase name="target" time="0.107" classname="DataVerification.BonusPointsReferenceOptinout"/>
  <testcase name="target" time="0.185" classname="DataVerification.BonusPointsReferenceOptinout"/>
  <testcase name="target" time="0.435" classname="DataVerification.BonusPointsReferenceOptinout"/>
  <testcase name="target" time="0.176" classname="DataVerification.BonusPointsReferenceOptinout"/>
  <testcase name="target" time="0.062" classname="DataVerification.BonusPointsReferenceOptinout"/>
  <testcase name="target" time="0.132" classname="DataVerification.BonusPointsReferenceOptinout"/>
  <testcase name="target" time="0.156" classname="DataVerification.BonusPointsReferenceOptinout"/>
  <testcase name="target" time="0.058" classname="DataVerification.BonusPointsReferenceOptinout"/>
  <testcase name="target" time="0.044" classname="DataVerification.BonusPointsReferenceOptinout"/>
  <testcase name="target" time="0.934" classname="DataVerification.BonusPointsReferenceOptinout"/>
  <testcase name="target" time="0.183" classname="DataVerification.BonusPointsReferenceOptinout"/>
  <testcase name="target" time="0.596" classname="DataVerification.BonusPointsReferenceOptinout"/>
  <testcase name="target" time="0.328" classname="DataVerification.BonusPointsReferenceOptinout"/>
  <testcase name="target" time="0.155" classname="DataVerification.BonusPointsReferenceOptinout"/>
  <testcase name="target" time="0.558" classname="DataVerification.BonusPointsReferenceOptinout"/>
  <testcase name="target" time="0.857" classname="DataVerification.BonusPointsReferenceOptinout"/>
  <testcase name="target" time="0.335" classname="DataVerification.BonusPointsReferenceOptinout"/>
  <testcase name="target" time="0.098" classname="DataVerification.BonusPointsReferenceOptinout"/>
  <testcase name="target" time="0.041" classname="DataVerification.BonusPointsReferenceOptinout"/>
  <testcase name="target" time="0.334" classname="DataVerification.BonusPointsReferenceOptinout"/>
  <testcase name="target" time="0.115" classname="DataVerification.BonusPointsReferenceOptinout"/>
  <testcase name="target" time="0.102" classname="DataVerification.BonusPointsReferenceOptinout"/>
  <testcase name="target" time="0.053" classname="DataVerification.BonusPointsReferenceOptinout"/>
  <testcase name="target" time="0.069" classname="DataVerification.BonusPointsReferenceOptinout"/>
  <testcase name="target" time="0.423" classname="DataVerification.BonusPointsReferenceOptinout"/>
  <testcase name="target" time="0.058" classname="DataVerification.BonusPointsReferenceOptinout"/>
  <testcase name="target" time="0.268" classname="DataVerification.BonusPointsReferenceOptinout"/>
  <testcase name="target" time="0.445" classname="DataVerification.BonusPointsReferenceOptinout"/>
  <testcase name="target" time="0.067" classname="DataVerification.BonusPointsReferenceOptinout"/>
  <testcase name="target" time="0.054" classname="DataVerification.BonusPointsReferenceOptinout"/>
  <testcase name="target" time="0.052" classname="DataVerification.BonusPointsReferenceOptinout"/>
  <testcase name="target" time="0.053" classname="DataVerification.BonusPointsReferenceOptinout"/>
  <testcase name="target" time="0.328" classname="DataVerification.BonusPointsReferenceOptinout"/>
  <testcase name="target" time="0.261" classname="DataVerification.BonusPointsReferenceOptinout"/>
  <testcase name="target" time="0.240" classname="DataVerification.BonusPointsReferenceOptinout"/>
  <testcase name="target" time="0.035" classname="DataVerification.BonusPointsReferenceOptinout"/>
  <testcase name="target" time="0.030" classname="DataVerification.BonusPointsReferenceOptinout"/>
  <testcase name="target" time="0.239" classname="DataVerification.BonusPointsReferenceOptinout"/>
  <testcase name="target" time="0.200" classname="DataVerification.BonusPointsReferenceOptinout"/>
  <testcase name="target" time="0.074" classname="DataVerification.BonusPointsReferenceOptinout"/>
  <testcase name="target" time="0.269" classname="DataVerification.BonusPointsReferenceOptinout"/>
  <testcase name="target" time="0.334" classname="DataVerification.BonusPointsReferenceOptinout"/>
  <testcase name="target" time="0.060" classname="DataVerification.BonusPointsReferenceOptinout"/>
  <testcase name="target" time="0.292" classname="DataVerification.BonusPointsReferenceOptinout"/>
  <testcase name="target" time="0.946" classname="DataVerification.BonusPointsReferenceOptinout"/>
  <testcase name="target" time="0.065" classname="DataVerification.BonusPointsReferenceOptinout"/>
  <testcase name="target" time="0.074" classname="DataVerification.BonusPointsReferenceOptinout"/>
  <testcase name="target" time="0.152" classname="DataVerification.BonusPointsReferenceOptinout"/>
  <testcase name="target" time="0.060" classname="DataVerification.BonusPointsReferenceOptinout"/>
  <testcase name="target" time="0.290" classname="DataVerification.BonusPointsReferenceOptinout"/>
  <testcase name="target" time="0.350" classname="DataVerification.BonusPointsReferenceOptinout"/>
  <testcase name="target" time="0.050" classname="DataVerification.BonusPointsReferenceOptinout"/>
  <testcase name="target" time="0.176" classname="DataVerification.BonusPointsReferenceOptinout"/>
  <testcase name="target" time="0.136" classname="DataVerification.BonusPointsReferenceOptinout"/>
  <testcase name="target" time="0.067" classname="DataVerification.BonusPointsReferenceOptinout"/>
  <testcase name="target" time="0.082" classname="DataVerification.BonusPointsReferenceOptinout"/>
  <testcase name="target" time="0.704" classname="DataVerification.BonusPointsReferenceOptinout"/>
  <testcase name="target" time="0.047" classname="DataVerification.BonusPointsReferenceOptinout"/>
  <testcase name="target" time="0.038" classname="DataVerification.BonusPointsReferenceOptinout"/>
  <testcase name="target" time="1.073" classname="DataVerification.BonusPointsReferenceOptinout"/>
  <testcase name="target" time="0.088" classname="DataVerification.BonusPointsReferenceOptinout"/>
  <testcase name="target" time="0.301" classname="DataVerification.BonusPointsReferenceOptinout"/>
  <testcase name="target" time="0.324" classname="DataVerification.BonusPointsReferenceOptinout"/>
  <testcase name="target" time="0.051" classname="DataVerification.BonusPointsReferenceOptinout"/>
  <testcase name="target" time="0.153" classname="DataVerification.BonusPointsReferenceOptinout"/>
  <testcase name="target" time="0.101" classname="DataVerification.BonusPointsReferenceOptinout"/>
  <testcase name="target" time="0.328" classname="DataVerification.BonusPointsReferenceOptinout"/>
  <testcase name="target" time="0.041" classname="DataVerification.BonusPointsReferenceOptinout"/>
  <testcase name="target" time="0.084" classname="DataVerification.BonusPointsReferenceOptinout"/>
  <testcase name="target" time="0.059" classname="DataVerification.BonusPointsReferenceOptinout"/>
  <testcase name="target" time="0.499" classname="DataVerification.BonusPointsReferenceOptinout"/>
  <testcase name="target" time="0.146" classname="DataVerification.BonusPointsReferenceOptinout"/>
  <testcase name="target" time="3.621" classname="DataVerification.BonusPointsReferenceOptinout"/>
  <testcase name="target" time="0.087" classname="DataVerification.BonusPointsReferenceOptinout"/>
  <testcase name="target" time="0.038" classname="DataVerification.BonusPointsReferenceOptinout"/>
  <testcase name="target" time="0.402" classname="DataVerification.BonusPointsReferenceOptinout"/>
  <testcase name="target" time="0.589" classname="DataVerification.BonusPointsReferenceOptinout"/>
  <testcase name="target" time="0.078" classname="DataVerification.BonusPointsReferenceOptinout"/>
  <testcase name="target" time="0.077" classname="DataVerification.BonusPointsReferenceOptinout"/>
  <testcase name="target" time="0.209" classname="DataVerification.BonusPointsReferenceOptinout"/>
  <testcase name="target" time="0.070" classname="DataVerification.BonusPointsReferenceOptinout"/>
  <testcase name="target" time="0.040" classname="DataVerification.BonusPointsReferenceOptinout"/>
  <testcase name="target" time="1.472" classname="DataVerification.BonusPointsReferenceOptinout"/>
  <testcase name="target" time="0.049" classname="DataVerification.BonusPointsReferenceOptinout"/>
  <testcase name="target" time="0.299" classname="DataVerification.BonusPointsReferenceOptinout"/>
  <testcase name="target" time="0.059" classname="DataVerification.BonusPointsReferenceOptinout"/>
  <testcase name="target" time="0.036" classname="DataVerification.BonusPointsReferenceOptinout"/>
  <testcase name="target" time="0.085" classname="DataVerification.BonusPointsReferenceOptinout"/>
  <testcase name="target" time="0.037" classname="DataVerification.BonusPointsReferenceOptinout"/>
  <testcase name="target" time="0.060" classname="DataVerification.BonusPointsReferenceOptinout"/>
  <testcase name="target" time="0.050" classname="DataVerification.BonusPointsReferenceOptinout"/>
  <testcase name="target" time="1.582" classname="DataVerification.BonusPointsReferenceOptinout"/>
  <testcase name="target" time="0.111" classname="DataVerification.BonusPointsReferenceOptinout"/>
  <testcase name="target" time="0.333" classname="DataVerification.BonusPointsReferenceOptinout"/>
  <testcase name="target" time="0.122" classname="DataVerification.BonusPointsReferenceOptinout"/>
  <testcase name="target" time="0.522" classname="DataVerification.BonusPointsReferenceOptinout"/>
  <testcase name="target" time="0.207" classname="DataVerification.BonusPointsReferenceOptinout"/>
  <testcase name="target" time="2.065" classname="DataVerification.BonusPointsReferenceOptinout"/>
  <testcase name="target" time="0.823" classname="DataVerification.BonusPointsReferenceOptinout"/>
  <testcase name="target" time="0.041" classname="DataVerification.BonusPointsReferenceOptinout"/>
  <testcase name="target" time="0.149" classname="DataVerification.BonusPointsReferenceOptinout"/>
  <testcase name="target" time="1.215" classname="DataVerification.BonusPointsReferenceOptinout"/>
  <testcase name="target" time="0.305" classname="DataVerification.BonusPointsReferenceOptinout"/>
  <testcase name="target" time="0.273" classname="DataVerification.BonusPointsReferenceOptinout"/>
  <testcase name="target" time="0.140" classname="DataVerification.BonusPointsReferenceOptinout"/>
  <testcase name="target" time="0.152" classname="DataVerification.BonusPointsReferenceOptinout"/>
  <testcase name="target" time="0.070" classname="DataVerification.BonusPointsReferenceOptinout"/>
  <testcase name="target" time="0.072" classname="DataVerification.BonusPointsReferenceOptinout"/>
  <testcase name="target" time="1.101" classname="DataVerification.BonusPointsReferenceOptinout"/>
  <testcase name="target" time="0.156" classname="DataVerification.BonusPointsReferenceOptinout"/>
  <testcase name="target" time="0.060" classname="DataVerification.BonusPointsReferenceOptinout"/>
  <testcase name="target" time="0.203" classname="DataVerification.BonusPointsReferenceOptinout"/>
  <testcase name="target" time="0.788" classname="DataVerification.BonusPointsReferenceOptinout"/>
  <testcase name="target" time="0.051" classname="DataVerification.BonusPointsReferenceOptinout"/>
  <testcase name="target" time="0.084" classname="DataVerification.BonusPointsReferenceOptinout"/>
  <testcase name="target" time="0.541" classname="DataVerification.BonusPointsReferenceOptinout"/>
  <testcase name="target" time="0.046" classname="DataVerification.BonusPointsReferenceOptinout"/>
  <testcase name="target" time="0.358" classname="DataVerification.BonusPointsReferenceOptinout"/>
  <testcase name="target" time="0.050" classname="DataVerification.BonusPointsReferenceOptinout"/>
  <testcase name="target" time="0.556" classname="DataVerification.BonusPointsReferenceOptinout"/>
  <testcase name="target" time="0.043" classname="DataVerification.BonusPointsReferenceOptinout"/>
  <testcase name="target" time="0.101" classname="DataVerification.BonusPointsReferenceOptinout"/>
  <testcase name="target" time="0.099" classname="DataVerification.BonusPointsReferenceOptinout"/>
  <testcase name="target" time="0.068" classname="DataVerification.BonusPointsReferenceOptinout"/>
  <testcase name="target" time="0.825" classname="DataVerification.BonusPointsReferenceOptinout"/>
  <testcase name="target" time="0.049" classname="DataVerification.BonusPointsReferenceOptinout"/>
  <testcase name="target" time="0.131" classname="DataVerification.BonusPointsReferenceOptinout"/>
  <testcase name="target" time="0.062" classname="DataVerification.BonusPointsReferenceOptinout"/>
  <testcase name="target" time="0.032" classname="DataVerification.BonusPointsReferenceOptinout"/>
  <testcase name="target" time="0.328" classname="DataVerification.BonusPointsReferenceOptinout"/>
  <testcase name="target" time="0.066" classname="DataVerification.BonusPointsReferenceOptinout"/>
  <testcase name="target" time="0.038" classname="DataVerification.BonusPointsReferenceOptinout"/>
  <testcase name="target" time="0.380" classname="DataVerification.BonusPointsReferenceOptinout"/>
  <testcase name="target" time="0.069" classname="DataVerification.BonusPointsReferenceOptinout"/>
  <testcase name="target" time="0.077" classname="DataVerification.BonusPointsReferenceOptinout"/>
  <testcase name="target" time="0.056" classname="DataVerification.BonusPointsReferenceOptinout"/>
  <testcase name="target" time="0.038" classname="DataVerification.BonusPointsReferenceOptinout"/>
  <testcase name="target" time="0.539" classname="DataVerification.BonusPointsReferenceOptinout"/>
  <testcase name="target" time="0.326" classname="DataVerification.BonusPointsReferenceOptinout"/>
  <testcase name="target" time="0.075" classname="DataVerification.BonusPointsReferenceOptinout"/>
  <testcase name="target" time="0.411" classname="DataVerification.BonusPointsReferenceOptinout"/>
  <testcase name="target" time="0.092" classname="DataVerification.BonusPointsReferenceOptinout"/>
  <testcase name="target" time="0.278" classname="DataVerification.BonusPointsReferenceOptinout"/>
  <testcase name="target" time="0.398" classname="DataVerification.BonusPointsReferenceOptinout"/>
  <testcase name="target" time="0.074" classname="DataVerification.BonusPointsReferenceOptinout"/>
  <testcase name="target" time="0.343" classname="DataVerification.BonusPointsReferenceOptinout"/>
  <testcase name="target" time="0.128" classname="DataVerification.BonusPointsReferenceOptinout"/>
  <testcase name="target" time="0.516" classname="DataVerification.BonusPointsReferenceOptinout"/>
  <testcase name="target" time="0.287" classname="DataVerification.BonusPointsReferenceOptinout"/>
  <testcase name="target" time="0.054" classname="DataVerification.BonusPointsReferenceOptinout"/>
  <testcase name="target" time="0.328" classname="DataVerification.BonusPointsReferenceOptinout"/>
  <testcase name="target" time="0.048" classname="DataVerification.BonusPointsReferenceOptinout"/>
  <testcase name="target" time="0.098" classname="DataVerification.BonusPointsReferenceOptinout"/>
  <testcase name="target" time="0.306" classname="DataVerification.BonusPointsReferenceOptinout"/>
  <testcase name="target" time="0.508" classname="DataVerification.BonusPointsReferenceOptinout"/>
  <testcase name="target" time="0.462" classname="DataVerification.BonusPointsReferenceOptinout"/>
  <testcase name="target" time="1.805" classname="DataVerification.BonusPointsReferenceOptinout"/>
  <testcase name="target" time="0.393" classname="DataVerification.BonusPointsReferenceOptinout"/>
  <testcase name="target" time="0.269" classname="DataVerification.BonusPointsReferenceOptinout"/>
  <testcase name="target" time="0.149" classname="DataVerification.BonusPointsReferenceOptinout"/>
  <testcase name="target" time="0.452" classname="DataVerification.BonusPointsReferenceOptinout"/>
  <testcase name="target" time="0.047" classname="DataVerification.BonusPointsReferenceOptinout"/>
  <testcase name="target" time="0.063" classname="DataVerification.BonusPointsReferenceOptinout"/>
  <testcase name="target" time="0.503" classname="DataVerification.BonusPointsReferenceOptinout"/>
  <testcase name="target" time="0.082" classname="DataVerification.BonusPointsReferenceOptinout"/>
  <testcase name="target" time="0.094" classname="DataVerification.BonusPointsReferenceOptinout"/>
  <testcase name="target" time="0.303" classname="DataVerification.BonusPointsReferenceOptinout"/>
  <testcase name="target" time="0.035" classname="DataVerification.BonusPointsReferenceOptinout"/>
  <testcase name="target" time="0.030" classname="DataVerification.BonusPointsReferenceOptinout"/>
  <testcase name="target" time="0.114" classname="DataVerification.BonusPointsReferenceOptinout"/>
  <testcase name="target" time="0.048" classname="DataVerification.BonusPointsReferenceOptinout"/>
  <testcase name="target" time="0.084" classname="DataVerification.BonusPointsReferenceOptinout"/>
  <testcase name="target" time="0.564" classname="DataVerification.BonusPointsReferenceOptinout"/>
  <testcase name="target" time="0.495" classname="DataVerification.BonusPointsReferenceOptinout"/>
  <testcase name="target" time="0.339" classname="DataVerification.BonusPointsReferenceOptinout"/>
  <testcase name="target" time="0.056" classname="DataVerification.BonusPointsReferenceOptinout"/>
  <testcase name="target" time="0.052" classname="DataVerification.BonusPointsReferenceOptinout"/>
  <testcase name="target" time="0.041" classname="DataVerification.BonusPointsReferenceOptinout"/>
  <testcase name="target" time="0.091" classname="DataVerification.BonusPointsReferenceOptinout"/>
  <testcase name="target" time="0.103" classname="DataVerification.BonusPointsReferenceOptinout"/>
</testsuite> <!-- DataVerification.BonusPointsReferenceOptinout -->
