<?xml version="1.0" encoding="UTF-8"?>
<!-- Generated by org.testng.reporters.JUnitReportReporter -->
<testsuite hostname="MCGL-5632" name="testcases.DeleteProfile" tests="6" failures="0" timestamp="16 Oct 2017 10:56:14 GMT" time="70.505" errors="0">
  <testcase name="delete" time="0.847" classname="testcases.DeleteProfile"/>
  <testcase name="delete" time="13.945" classname="testcases.DeleteProfile"/>
  <testcase name="delete" time="14.202" classname="testcases.DeleteProfile"/>
  <testcase name="delete" time="13.801" classname="testcases.DeleteProfile"/>
  <testcase name="delete" time="13.647" classname="testcases.DeleteProfile"/>
  <testcase name="delete" time="14.063" classname="testcases.DeleteProfile"/>
</testsuite> <!-- testcases.DeleteProfile -->
