<?xml version="1.0" encoding="UTF-8"?>
<!-- Generated by org.testng.reporters.JUnitReportReporter -->
<testsuite hostname="MCGL-5632" name="DataVerification.BonusPointsTransactionBasedOptinout" tests="36" failures="2" timestamp="14 Sep 2017 11:05:51 GMT" time="1036.175" errors="0">
  <testcase name="trans" time="3.179" classname="DataVerification.BonusPointsTransactionBasedOptinout"/>
  <testcase name="trans" time="23.146" classname="DataVerification.BonusPointsTransactionBasedOptinout"/>
  <testcase name="trans" time="20.667" classname="DataVerification.BonusPointsTransactionBasedOptinout"/>
  <testcase name="trans" time="0.667" classname="DataVerification.BonusPointsTransactionBasedOptinout"/>
  <testcase name="trans" time="44.030" classname="DataVerification.BonusPointsTransactionBasedOptinout"/>
  <testcase name="trans" time="129.336" classname="DataVerification.BonusPointsTransactionBasedOptinout"/>
  <testcase name="trans" time="27.417" classname="DataVerification.BonusPointsTransactionBasedOptinout"/>
  <testcase name="trans" time="28.778" classname="DataVerification.BonusPointsTransactionBasedOptinout"/>
  <testcase name="trans" time="0.143" classname="DataVerification.BonusPointsTransactionBasedOptinout"/>
  <testcase name="trans" time="0.631" classname="DataVerification.BonusPointsTransactionBasedOptinout"/>
  <testcase name="trans" time="0.446" classname="DataVerification.BonusPointsTransactionBasedOptinout"/>
  <testcase name="trans" time="125.248" classname="DataVerification.BonusPointsTransactionBasedOptinout">
    <failure type="java.lang.AssertionError" message="expected [true] but found [false]">
      <![CDATA[java.lang.AssertionError: expected [true] but found [false]
	at org.testng.Assert.fail(Assert.java:94)
	at org.testng.Assert.failNotEquals(Assert.java:496)
	at org.testng.Assert.assertTrue(Assert.java:42)
	at org.testng.Assert.assertTrue(Assert.java:52)
	at DataVerification.BonusPointsTransactionBasedOptinout.trans(BonusPointsTransactionBasedOptinout.java:174)
	at sun.reflect.GeneratedMethodAccessor3.invoke(Unknown Source)
	at sun.reflect.DelegatingMethodAccessorImpl.invoke(Unknown Source)
	at java.lang.reflect.Method.invoke(Unknown Source)
	at org.testng.internal.MethodInvocationHelper.invokeMethod(MethodInvocationHelper.java:85)
	at org.testng.internal.Invoker.invokeMethod(Invoker.java:639)
	at org.testng.internal.Invoker.invokeTestMethod(Invoker.java:816)
	at org.testng.internal.Invoker.invokeTestMethods(Invoker.java:1124)
	at org.testng.internal.TestMethodWorker.invokeTestMethods(TestMethodWorker.java:125)
	at org.testng.internal.TestMethodWorker.run(TestMethodWorker.java:108)
	at org.testng.TestRunner.privateRun(TestRunner.java:774)
	at org.testng.TestRunner.run(TestRunner.java:624)
	at org.testng.SuiteRunner.runTest(SuiteRunner.java:359)
	at org.testng.SuiteRunner.runSequentially(SuiteRunner.java:354)
	at org.testng.SuiteRunner.privateRun(SuiteRunner.java:312)
	at org.testng.SuiteRunner.run(SuiteRunner.java:261)
	at org.testng.SuiteRunnerWorker.runSuite(SuiteRunnerWorker.java:52)
	at org.testng.SuiteRunnerWorker.run(SuiteRunnerWorker.java:86)
	at org.testng.TestNG.runSuitesSequentially(TestNG.java:1215)
	at org.testng.TestNG.runSuitesLocally(TestNG.java:1140)
	at org.testng.TestNG.run(TestNG.java:1048)
	at org.testng.remote.AbstractRemoteTestNG.run(AbstractRemoteTestNG.java:132)
	at org.testng.remote.RemoteTestNG.initAndRun(RemoteTestNG.java:236)
	at org.testng.remote.RemoteTestNG.main(RemoteTestNG.java:81)
]]>
    </failure>
  </testcase> <!-- trans -->
  <testcase name="trans" time="47.142" classname="DataVerification.BonusPointsTransactionBasedOptinout"/>
  <testcase name="trans" time="0.228" classname="DataVerification.BonusPointsTransactionBasedOptinout"/>
  <testcase name="trans" time="0.983" classname="DataVerification.BonusPointsTransactionBasedOptinout"/>
  <testcase name="trans" time="2.409" classname="DataVerification.BonusPointsTransactionBasedOptinout"/>
  <testcase name="trans" time="0.671" classname="DataVerification.BonusPointsTransactionBasedOptinout"/>
  <testcase name="trans" time="49.771" classname="DataVerification.BonusPointsTransactionBasedOptinout"/>
  <testcase name="trans" time="100.911" classname="DataVerification.BonusPointsTransactionBasedOptinout"/>
  <testcase name="trans" time="0.233" classname="DataVerification.BonusPointsTransactionBasedOptinout"/>
  <testcase name="trans" time="36.377" classname="DataVerification.BonusPointsTransactionBasedOptinout"/>
  <testcase name="trans" time="48.976" classname="DataVerification.BonusPointsTransactionBasedOptinout"/>
  <testcase name="trans" time="0.309" classname="DataVerification.BonusPointsTransactionBasedOptinout"/>
  <testcase name="trans" time="0.295" classname="DataVerification.BonusPointsTransactionBasedOptinout"/>
  <testcase name="trans" time="0.231" classname="DataVerification.BonusPointsTransactionBasedOptinout"/>
  <testcase name="trans" time="0.593" classname="DataVerification.BonusPointsTransactionBasedOptinout"/>
  <testcase name="trans" time="62.008" classname="DataVerification.BonusPointsTransactionBasedOptinout"/>
  <testcase name="trans" time="0.167" classname="DataVerification.BonusPointsTransactionBasedOptinout"/>
  <testcase name="trans" time="18.280" classname="DataVerification.BonusPointsTransactionBasedOptinout"/>
  <testcase name="trans" time="22.310" classname="DataVerification.BonusPointsTransactionBasedOptinout">
    <failure type="java.lang.AssertionError" message="expected [true] but found [false]">
      <![CDATA[java.lang.AssertionError: expected [true] but found [false]
	at org.testng.Assert.fail(Assert.java:94)
	at org.testng.Assert.failNotEquals(Assert.java:496)
	at org.testng.Assert.assertTrue(Assert.java:42)
	at org.testng.Assert.assertTrue(Assert.java:52)
	at DataVerification.BonusPointsTransactionBasedOptinout.trans(BonusPointsTransactionBasedOptinout.java:174)
	at sun.reflect.NativeMethodAccessorImpl.invoke0(Native Method)
	at sun.reflect.NativeMethodAccessorImpl.invoke(Unknown Source)
	at sun.reflect.DelegatingMethodAccessorImpl.invoke(Unknown Source)
	at java.lang.reflect.Method.invoke(Unknown Source)
	at org.testng.internal.MethodInvocationHelper.invokeMethod(MethodInvocationHelper.java:85)
	at org.testng.internal.Invoker.invokeMethod(Invoker.java:639)
	at org.testng.internal.Invoker.invokeTestMethod(Invoker.java:816)
	at org.testng.internal.Invoker.invokeTestMethods(Invoker.java:1124)
	at org.testng.internal.TestMethodWorker.invokeTestMethods(TestMethodWorker.java:125)
	at org.testng.internal.TestMethodWorker.run(TestMethodWorker.java:108)
	at org.testng.TestRunner.privateRun(TestRunner.java:774)
	at org.testng.TestRunner.run(TestRunner.java:624)
	at org.testng.SuiteRunner.runTest(SuiteRunner.java:359)
	at org.testng.SuiteRunner.runSequentially(SuiteRunner.java:354)
	at org.testng.SuiteRunner.privateRun(SuiteRunner.java:312)
	at org.testng.SuiteRunner.run(SuiteRunner.java:261)
	at org.testng.SuiteRunnerWorker.runSuite(SuiteRunnerWorker.java:52)
	at org.testng.SuiteRunnerWorker.run(SuiteRunnerWorker.java:86)
	at org.testng.TestNG.runSuitesSequentially(TestNG.java:1215)
	at org.testng.TestNG.runSuitesLocally(TestNG.java:1140)
	at org.testng.TestNG.run(TestNG.java:1048)
	at org.testng.remote.AbstractRemoteTestNG.run(AbstractRemoteTestNG.java:132)
	at org.testng.remote.RemoteTestNG.initAndRun(RemoteTestNG.java:236)
	at org.testng.remote.RemoteTestNG.main(RemoteTestNG.java:81)
]]>
    </failure>
  </testcase> <!-- trans -->
  <testcase name="trans" time="167.646" classname="DataVerification.BonusPointsTransactionBasedOptinout"/>
  <testcase name="trans" time="0.304" classname="DataVerification.BonusPointsTransactionBasedOptinout"/>
  <testcase name="trans" time="24.391" classname="DataVerification.BonusPointsTransactionBasedOptinout"/>
  <testcase name="trans" time="1.653" classname="DataVerification.BonusPointsTransactionBasedOptinout"/>
  <testcase name="trans" time="46.278" classname="DataVerification.BonusPointsTransactionBasedOptinout"/>
  <testcase name="trans" time="0.321" classname="DataVerification.BonusPointsTransactionBasedOptinout"/>
</testsuite> <!-- DataVerification.BonusPointsTransactionBasedOptinout -->
