<?xml version="1.0" encoding="UTF-8"?>
<!-- Generated by org.testng.reporters.JUnitReportReporter -->
<testsuite hostname="MCGL-5632" name="DataVerification.BonusPointsNonReferenceOptinout" tests="35" failures="0" timestamp="16 Oct 2017 11:47:53 GMT" time="8.331" errors="0">
  <testcase name="target" time="0.116" classname="DataVerification.BonusPointsNonReferenceOptinout"/>
  <testcase name="target" time="0.113" classname="DataVerification.BonusPointsNonReferenceOptinout"/>
  <testcase name="target" time="0.113" classname="DataVerification.BonusPointsNonReferenceOptinout"/>
  <testcase name="target" time="0.122" classname="DataVerification.BonusPointsNonReferenceOptinout"/>
  <testcase name="target" time="0.092" classname="DataVerification.BonusPointsNonReferenceOptinout"/>
  <testcase name="target" time="0.103" classname="DataVerification.BonusPointsNonReferenceOptinout"/>
  <testcase name="target" time="0.092" classname="DataVerification.BonusPointsNonReferenceOptinout"/>
  <testcase name="target" time="0.343" classname="DataVerification.BonusPointsNonReferenceOptinout"/>
  <testcase name="target" time="0.169" classname="DataVerification.BonusPointsNonReferenceOptinout"/>
  <testcase name="target" time="0.062" classname="DataVerification.BonusPointsNonReferenceOptinout"/>
  <testcase name="target" time="0.100" classname="DataVerification.BonusPointsNonReferenceOptinout"/>
  <testcase name="target" time="0.080" classname="DataVerification.BonusPointsNonReferenceOptinout"/>
  <testcase name="target" time="0.102" classname="DataVerification.BonusPointsNonReferenceOptinout"/>
  <testcase name="target" time="0.072" classname="DataVerification.BonusPointsNonReferenceOptinout"/>
  <testcase name="target" time="1.266" classname="DataVerification.BonusPointsNonReferenceOptinout"/>
  <testcase name="target" time="0.166" classname="DataVerification.BonusPointsNonReferenceOptinout"/>
  <testcase name="target" time="0.133" classname="DataVerification.BonusPointsNonReferenceOptinout"/>
  <testcase name="target" time="0.681" classname="DataVerification.BonusPointsNonReferenceOptinout"/>
  <testcase name="target" time="1.414" classname="DataVerification.BonusPointsNonReferenceOptinout"/>
  <testcase name="target" time="0.111" classname="DataVerification.BonusPointsNonReferenceOptinout"/>
  <testcase name="target" time="0.242" classname="DataVerification.BonusPointsNonReferenceOptinout"/>
  <testcase name="target" time="0.126" classname="DataVerification.BonusPointsNonReferenceOptinout"/>
  <testcase name="target" time="0.621" classname="DataVerification.BonusPointsNonReferenceOptinout"/>
  <testcase name="target" time="0.341" classname="DataVerification.BonusPointsNonReferenceOptinout"/>
  <testcase name="target" time="0.282" classname="DataVerification.BonusPointsNonReferenceOptinout"/>
  <testcase name="target" time="0.085" classname="DataVerification.BonusPointsNonReferenceOptinout"/>
  <testcase name="target" time="0.129" classname="DataVerification.BonusPointsNonReferenceOptinout"/>
  <testcase name="target" time="0.057" classname="DataVerification.BonusPointsNonReferenceOptinout"/>
  <testcase name="target" time="0.322" classname="DataVerification.BonusPointsNonReferenceOptinout"/>
  <testcase name="target" time="0.102" classname="DataVerification.BonusPointsNonReferenceOptinout"/>
  <testcase name="target" time="0.152" classname="DataVerification.BonusPointsNonReferenceOptinout"/>
  <testcase name="target" time="0.119" classname="DataVerification.BonusPointsNonReferenceOptinout"/>
  <testcase name="target" time="0.134" classname="DataVerification.BonusPointsNonReferenceOptinout"/>
  <testcase name="target" time="0.067" classname="DataVerification.BonusPointsNonReferenceOptinout"/>
  <testcase name="target" time="0.102" classname="DataVerification.BonusPointsNonReferenceOptinout"/>
</testsuite> <!-- DataVerification.BonusPointsNonReferenceOptinout -->
