<?xml version="1.0" encoding="UTF-8"?>
<!-- Generated by org.testng.reporters.JUnitReportReporter -->
<testsuite hostname="MCGL-5632" name="testcases.Suspend" tests="5" failures="0" timestamp="16 Oct 2017 10:25:55 GMT" time="56.623" errors="0">
  <testcase name="suspend" time="13.603" classname="testcases.Suspend"/>
  <testcase name="suspend" time="13.840" classname="testcases.Suspend"/>
  <testcase name="suspend" time="13.732" classname="testcases.Suspend"/>
  <testcase name="suspend" time="14.152" classname="testcases.Suspend"/>
  <testcase name="suspend" time="1.296" classname="testcases.Suspend"/>
</testsuite> <!-- testcases.Suspend -->
