<?xml version="1.0" encoding="UTF-8"?>
<!-- Generated by org.testng.reporters.JUnitReportReporter -->
<testsuite hostname="MCGL-5632" name="testcases.Add_LMS_Profile" tests="1" failures="0" timestamp="4 Oct 2017 07:39:48 GMT" time="3687.541" errors="0">
  <testcase name="add" time="3687.541" classname="testcases.Add_LMS_Profile"/>
</testsuite> <!-- testcases.Add_LMS_Profile -->
