<?xml version="1.0" encoding="UTF-8"?>
<!-- Generated by org.testng.reporters.JUnitReportReporter -->
<testsuite hostname="MCGL-5632" name="testcases.TC_ApproveLMS" tests="666" failures="0" timestamp="12 Oct 2017 09:00:00 GMT" time="10790.823" errors="0">
  <testcase name="approvelmsprofile" time="9.002" classname="testcases.TC_ApproveLMS"/>
  <testcase name="approvelmsprofile" time="9.003" classname="testcases.TC_ApproveLMS"/>
  <testcase name="approvelmsprofile" time="91.005" classname="testcases.TC_ApproveLMS"/>
  <testcase name="approvelmsprofile" time="2.100" classname="testcases.TC_ApproveLMS"/>
  <testcase name="approvelmsprofile" time="2.101" classname="testcases.TC_ApproveLMS"/>
  <testcase name="approvelmsprofile" time="15.101" classname="testcases.TC_ApproveLMS"/>
  <testcase name="approvelmsprofile" time="15.102" classname="testcases.TC_ApproveLMS"/>
  <testcase name="approvelmsprofile" time="9.002" classname="testcases.TC_ApproveLMS"/>
  <testcase name="approvelmsprofile" time="9.003" classname="testcases.TC_ApproveLMS"/>
  <testcase name="approvelmsprofile" time="9.002" classname="testcases.TC_ApproveLMS"/>
  <testcase name="approvelmsprofile" time="9.001" classname="testcases.TC_ApproveLMS"/>
  <testcase name="approvelmsprofile" time="91.005" classname="testcases.TC_ApproveLMS"/>
  <testcase name="approvelmsprofile" time="9.002" classname="testcases.TC_ApproveLMS"/>
  <testcase name="approvelmsprofile" time="9.001" classname="testcases.TC_ApproveLMS"/>
  <testcase name="approvelmsprofile" time="15.102" classname="testcases.TC_ApproveLMS"/>
  <testcase name="approvelmsprofile" time="9.005" classname="testcases.TC_ApproveLMS"/>
  <testcase name="approvelmsprofile" time="15.105" classname="testcases.TC_ApproveLMS"/>
  <testcase name="approvelmsprofile" time="15.104" classname="testcases.TC_ApproveLMS"/>
  <testcase name="approvelmsprofile" time="2.102" classname="testcases.TC_ApproveLMS"/>
  <testcase name="approvelmsprofile" time="15.103" classname="testcases.TC_ApproveLMS"/>
  <testcase name="approvelmsprofile" time="15.103" classname="testcases.TC_ApproveLMS"/>
  <testcase name="approvelmsprofile" time="9.001" classname="testcases.TC_ApproveLMS"/>
  <testcase name="approvelmsprofile" time="2.102" classname="testcases.TC_ApproveLMS"/>
  <testcase name="approvelmsprofile" time="9.001" classname="testcases.TC_ApproveLMS"/>
  <testcase name="approvelmsprofile" time="15.103" classname="testcases.TC_ApproveLMS"/>
  <testcase name="approvelmsprofile" time="9.002" classname="testcases.TC_ApproveLMS"/>
  <testcase name="approvelmsprofile" time="9.003" classname="testcases.TC_ApproveLMS"/>
  <testcase name="approvelmsprofile" time="9.003" classname="testcases.TC_ApproveLMS"/>
  <testcase name="approvelmsprofile" time="9.001" classname="testcases.TC_ApproveLMS"/>
  <testcase name="approvelmsprofile" time="9.003" classname="testcases.TC_ApproveLMS"/>
  <testcase name="approvelmsprofile" time="9.002" classname="testcases.TC_ApproveLMS"/>
  <testcase name="approvelmsprofile" time="2.102" classname="testcases.TC_ApproveLMS"/>
  <testcase name="approvelmsprofile" time="9.003" classname="testcases.TC_ApproveLMS"/>
  <testcase name="approvelmsprofile" time="2.102" classname="testcases.TC_ApproveLMS"/>
  <testcase name="approvelmsprofile" time="9.002" classname="testcases.TC_ApproveLMS"/>
  <testcase name="approvelmsprofile" time="2.102" classname="testcases.TC_ApproveLMS"/>
  <testcase name="approvelmsprofile" time="91.005" classname="testcases.TC_ApproveLMS"/>
  <testcase name="approvelmsprofile" time="91.004" classname="testcases.TC_ApproveLMS"/>
  <testcase name="approvelmsprofile" time="2.101" classname="testcases.TC_ApproveLMS"/>
  <testcase name="approvelmsprofile" time="2.101" classname="testcases.TC_ApproveLMS"/>
  <testcase name="approvelmsprofile" time="2.103" classname="testcases.TC_ApproveLMS"/>
  <testcase name="approvelmsprofile" time="15.103" classname="testcases.TC_ApproveLMS"/>
  <testcase name="approvelmsprofile" time="2.101" classname="testcases.TC_ApproveLMS"/>
  <testcase name="approvelmsprofile" time="9.002" classname="testcases.TC_ApproveLMS"/>
  <testcase name="approvelmsprofile" time="9.002" classname="testcases.TC_ApproveLMS"/>
  <testcase name="approvelmsprofile" time="9.003" classname="testcases.TC_ApproveLMS"/>
  <testcase name="approvelmsprofile" time="9.003" classname="testcases.TC_ApproveLMS"/>
  <testcase name="approvelmsprofile" time="91.004" classname="testcases.TC_ApproveLMS"/>
  <testcase name="approvelmsprofile" time="9.004" classname="testcases.TC_ApproveLMS"/>
  <testcase name="approvelmsprofile" time="15.101" classname="testcases.TC_ApproveLMS"/>
  <testcase name="approvelmsprofile" time="9.003" classname="testcases.TC_ApproveLMS"/>
  <testcase name="approvelmsprofile" time="15.102" classname="testcases.TC_ApproveLMS"/>
  <testcase name="approvelmsprofile" time="9.003" classname="testcases.TC_ApproveLMS"/>
  <testcase name="approvelmsprofile" time="2.100" classname="testcases.TC_ApproveLMS"/>
  <testcase name="approvelmsprofile" time="15.102" classname="testcases.TC_ApproveLMS"/>
  <testcase name="approvelmsprofile" time="15.105" classname="testcases.TC_ApproveLMS"/>
  <testcase name="approvelmsprofile" time="15.103" classname="testcases.TC_ApproveLMS"/>
  <testcase name="approvelmsprofile" time="2.102" classname="testcases.TC_ApproveLMS"/>
  <testcase name="approvelmsprofile" time="2.102" classname="testcases.TC_ApproveLMS"/>
  <testcase name="approvelmsprofile" time="104.029" classname="testcases.TC_ApproveLMS"/>
  <testcase name="approvelmsprofile" time="9.001" classname="testcases.TC_ApproveLMS"/>
  <testcase name="approvelmsprofile" time="9.002" classname="testcases.TC_ApproveLMS"/>
  <testcase name="approvelmsprofile" time="15.104" classname="testcases.TC_ApproveLMS"/>
  <testcase name="approvelmsprofile" time="15.102" classname="testcases.TC_ApproveLMS"/>
  <testcase name="approvelmsprofile" time="15.102" classname="testcases.TC_ApproveLMS"/>
  <testcase name="approvelmsprofile" time="9.004" classname="testcases.TC_ApproveLMS"/>
  <testcase name="approvelmsprofile" time="9.002" classname="testcases.TC_ApproveLMS"/>
  <testcase name="approvelmsprofile" time="2.102" classname="testcases.TC_ApproveLMS"/>
  <testcase name="approvelmsprofile" time="91.004" classname="testcases.TC_ApproveLMS"/>
  <testcase name="approvelmsprofile" time="9.003" classname="testcases.TC_ApproveLMS"/>
  <testcase name="approvelmsprofile" time="2.102" classname="testcases.TC_ApproveLMS"/>
  <testcase name="approvelmsprofile" time="2.101" classname="testcases.TC_ApproveLMS"/>
  <testcase name="approvelmsprofile" time="9.003" classname="testcases.TC_ApproveLMS"/>
  <testcase name="approvelmsprofile" time="2.102" classname="testcases.TC_ApproveLMS"/>
  <testcase name="approvelmsprofile" time="2.102" classname="testcases.TC_ApproveLMS"/>
  <testcase name="approvelmsprofile" time="91.004" classname="testcases.TC_ApproveLMS"/>
  <testcase name="approvelmsprofile" time="9.004" classname="testcases.TC_ApproveLMS"/>
  <testcase name="approvelmsprofile" time="91.000" classname="testcases.TC_ApproveLMS"/>
  <testcase name="approvelmsprofile" time="91.003" classname="testcases.TC_ApproveLMS"/>
  <testcase name="approvelmsprofile" time="2.104" classname="testcases.TC_ApproveLMS"/>
  <testcase name="approvelmsprofile" time="15.102" classname="testcases.TC_ApproveLMS"/>
  <testcase name="approvelmsprofile" time="9.001" classname="testcases.TC_ApproveLMS"/>
  <testcase name="approvelmsprofile" time="9.002" classname="testcases.TC_ApproveLMS"/>
  <testcase name="approvelmsprofile" time="91.000" classname="testcases.TC_ApproveLMS"/>
  <testcase name="approvelmsprofile" time="9.004" classname="testcases.TC_ApproveLMS"/>
  <testcase name="approvelmsprofile" time="15.102" classname="testcases.TC_ApproveLMS"/>
  <testcase name="approvelmsprofile" time="2.101" classname="testcases.TC_ApproveLMS"/>
  <testcase name="approvelmsprofile" time="9.002" classname="testcases.TC_ApproveLMS"/>
  <testcase name="approvelmsprofile" time="2.100" classname="testcases.TC_ApproveLMS"/>
  <testcase name="approvelmsprofile" time="15.103" classname="testcases.TC_ApproveLMS"/>
  <testcase name="approvelmsprofile" time="90.999" classname="testcases.TC_ApproveLMS"/>
  <testcase name="approvelmsprofile" time="9.003" classname="testcases.TC_ApproveLMS"/>
  <testcase name="approvelmsprofile" time="9.004" classname="testcases.TC_ApproveLMS"/>
  <testcase name="approvelmsprofile" time="9.002" classname="testcases.TC_ApproveLMS"/>
  <testcase name="approvelmsprofile" time="2.103" classname="testcases.TC_ApproveLMS"/>
  <testcase name="approvelmsprofile" time="2.101" classname="testcases.TC_ApproveLMS"/>
  <testcase name="approvelmsprofile" time="91.004" classname="testcases.TC_ApproveLMS"/>
  <testcase name="approvelmsprofile" time="9.005" classname="testcases.TC_ApproveLMS"/>
  <testcase name="approvelmsprofile" time="2.102" classname="testcases.TC_ApproveLMS"/>
  <testcase name="approvelmsprofile" time="15.103" classname="testcases.TC_ApproveLMS"/>
  <testcase name="approvelmsprofile" time="9.002" classname="testcases.TC_ApproveLMS"/>
  <testcase name="approvelmsprofile" time="2.102" classname="testcases.TC_ApproveLMS"/>
  <testcase name="approvelmsprofile" time="9.002" classname="testcases.TC_ApproveLMS"/>
  <testcase name="approvelmsprofile" time="9.003" classname="testcases.TC_ApproveLMS"/>
  <testcase name="approvelmsprofile" time="15.102" classname="testcases.TC_ApproveLMS"/>
  <testcase name="approvelmsprofile" time="2.102" classname="testcases.TC_ApproveLMS"/>
  <testcase name="approvelmsprofile" time="15.102" classname="testcases.TC_ApproveLMS"/>
  <testcase name="approvelmsprofile" time="91.001" classname="testcases.TC_ApproveLMS"/>
  <testcase name="approvelmsprofile" time="15.102" classname="testcases.TC_ApproveLMS"/>
  <testcase name="approvelmsprofile" time="91.005" classname="testcases.TC_ApproveLMS"/>
  <testcase name="approvelmsprofile" time="9.003" classname="testcases.TC_ApproveLMS"/>
  <testcase name="approvelmsprofile" time="9.001" classname="testcases.TC_ApproveLMS"/>
  <testcase name="approvelmsprofile" time="2.102" classname="testcases.TC_ApproveLMS"/>
  <testcase name="approvelmsprofile" time="2.102" classname="testcases.TC_ApproveLMS"/>
  <testcase name="approvelmsprofile" time="15.102" classname="testcases.TC_ApproveLMS"/>
  <testcase name="approvelmsprofile" time="91.004" classname="testcases.TC_ApproveLMS"/>
  <testcase name="approvelmsprofile" time="2.101" classname="testcases.TC_ApproveLMS"/>
  <testcase name="approvelmsprofile" time="9.001" classname="testcases.TC_ApproveLMS"/>
  <testcase name="approvelmsprofile" time="2.101" classname="testcases.TC_ApproveLMS"/>
  <testcase name="approvelmsprofile" time="9.001" classname="testcases.TC_ApproveLMS"/>
  <testcase name="approvelmsprofile" time="9.002" classname="testcases.TC_ApproveLMS"/>
  <testcase name="approvelmsprofile" time="9.004" classname="testcases.TC_ApproveLMS"/>
  <testcase name="approvelmsprofile" time="15.104" classname="testcases.TC_ApproveLMS"/>
  <testcase name="approvelmsprofile" time="9.002" classname="testcases.TC_ApproveLMS"/>
  <testcase name="approvelmsprofile" time="9.001" classname="testcases.TC_ApproveLMS"/>
  <testcase name="approvelmsprofile" time="2.103" classname="testcases.TC_ApproveLMS"/>
  <testcase name="approvelmsprofile" time="9.003" classname="testcases.TC_ApproveLMS"/>
  <testcase name="approvelmsprofile" time="2.103" classname="testcases.TC_ApproveLMS"/>
  <testcase name="approvelmsprofile" time="9.002" classname="testcases.TC_ApproveLMS"/>
  <testcase name="approvelmsprofile" time="15.101" classname="testcases.TC_ApproveLMS"/>
  <testcase name="approvelmsprofile" time="2.100" classname="testcases.TC_ApproveLMS"/>
  <testcase name="approvelmsprofile" time="2.103" classname="testcases.TC_ApproveLMS"/>
  <testcase name="approvelmsprofile" time="15.102" classname="testcases.TC_ApproveLMS"/>
  <testcase name="approvelmsprofile" time="9.003" classname="testcases.TC_ApproveLMS"/>
  <testcase name="approvelmsprofile" time="15.104" classname="testcases.TC_ApproveLMS"/>
  <testcase name="approvelmsprofile" time="2.101" classname="testcases.TC_ApproveLMS"/>
  <testcase name="approvelmsprofile" time="91.003" classname="testcases.TC_ApproveLMS"/>
  <testcase name="approvelmsprofile" time="9.001" classname="testcases.TC_ApproveLMS"/>
  <testcase name="approvelmsprofile" time="2.100" classname="testcases.TC_ApproveLMS"/>
  <testcase name="approvelmsprofile" time="9.002" classname="testcases.TC_ApproveLMS"/>
  <testcase name="approvelmsprofile" time="9.004" classname="testcases.TC_ApproveLMS"/>
  <testcase name="approvelmsprofile" time="2.100" classname="testcases.TC_ApproveLMS"/>
  <testcase name="approvelmsprofile" time="15.101" classname="testcases.TC_ApproveLMS"/>
  <testcase name="approvelmsprofile" time="2.101" classname="testcases.TC_ApproveLMS"/>
  <testcase name="approvelmsprofile" time="2.102" classname="testcases.TC_ApproveLMS"/>
  <testcase name="approvelmsprofile" time="15.101" classname="testcases.TC_ApproveLMS"/>
  <testcase name="approvelmsprofile" time="2.101" classname="testcases.TC_ApproveLMS"/>
  <testcase name="approvelmsprofile" time="2.100" classname="testcases.TC_ApproveLMS"/>
  <testcase name="approvelmsprofile" time="2.101" classname="testcases.TC_ApproveLMS"/>
  <testcase name="approvelmsprofile" time="2.101" classname="testcases.TC_ApproveLMS"/>
  <testcase name="approvelmsprofile" time="15.101" classname="testcases.TC_ApproveLMS"/>
  <testcase name="approvelmsprofile" time="2.100" classname="testcases.TC_ApproveLMS"/>
  <testcase name="approvelmsprofile" time="9.003" classname="testcases.TC_ApproveLMS"/>
  <testcase name="approvelmsprofile" time="2.101" classname="testcases.TC_ApproveLMS"/>
  <testcase name="approvelmsprofile" time="2.102" classname="testcases.TC_ApproveLMS"/>
  <testcase name="approvelmsprofile" time="2.103" classname="testcases.TC_ApproveLMS"/>
  <testcase name="approvelmsprofile" time="15.103" classname="testcases.TC_ApproveLMS"/>
  <testcase name="approvelmsprofile" time="2.101" classname="testcases.TC_ApproveLMS"/>
  <testcase name="approvelmsprofile" time="2.100" classname="testcases.TC_ApproveLMS"/>
  <testcase name="approvelmsprofile" time="15.101" classname="testcases.TC_ApproveLMS"/>
  <testcase name="approvelmsprofile" time="9.002" classname="testcases.TC_ApproveLMS"/>
  <testcase name="approvelmsprofile" time="15.101" classname="testcases.TC_ApproveLMS"/>
  <testcase name="approvelmsprofile" time="15.100" classname="testcases.TC_ApproveLMS"/>
  <testcase name="approvelmsprofile" time="9.005" classname="testcases.TC_ApproveLMS"/>
  <testcase name="approvelmsprofile" time="15.103" classname="testcases.TC_ApproveLMS"/>
  <testcase name="approvelmsprofile" time="2.101" classname="testcases.TC_ApproveLMS"/>
  <testcase name="approvelmsprofile" time="9.002" classname="testcases.TC_ApproveLMS"/>
  <testcase name="approvelmsprofile" time="9.003" classname="testcases.TC_ApproveLMS"/>
  <testcase name="approvelmsprofile" time="2.103" classname="testcases.TC_ApproveLMS"/>
  <testcase name="approvelmsprofile" time="2.102" classname="testcases.TC_ApproveLMS"/>
  <testcase name="approvelmsprofile" time="2.101" classname="testcases.TC_ApproveLMS"/>
  <testcase name="approvelmsprofile" time="90.993" classname="testcases.TC_ApproveLMS"/>
  <testcase name="approvelmsprofile" time="2.101" classname="testcases.TC_ApproveLMS"/>
  <testcase name="approvelmsprofile" time="15.102" classname="testcases.TC_ApproveLMS"/>
  <testcase name="approvelmsprofile" time="2.101" classname="testcases.TC_ApproveLMS"/>
  <testcase name="approvelmsprofile" time="91.004" classname="testcases.TC_ApproveLMS"/>
  <testcase name="approvelmsprofile" time="2.101" classname="testcases.TC_ApproveLMS"/>
  <testcase name="approvelmsprofile" time="2.101" classname="testcases.TC_ApproveLMS"/>
  <testcase name="approvelmsprofile" time="9.003" classname="testcases.TC_ApproveLMS"/>
  <testcase name="approvelmsprofile" time="2.101" classname="testcases.TC_ApproveLMS"/>
  <testcase name="approvelmsprofile" time="2.101" classname="testcases.TC_ApproveLMS"/>
  <testcase name="approvelmsprofile" time="9.002" classname="testcases.TC_ApproveLMS"/>
  <testcase name="approvelmsprofile" time="9.002" classname="testcases.TC_ApproveLMS"/>
  <testcase name="approvelmsprofile" time="9.001" classname="testcases.TC_ApproveLMS"/>
  <testcase name="approvelmsprofile" time="9.001" classname="testcases.TC_ApproveLMS"/>
  <testcase name="approvelmsprofile" time="15.104" classname="testcases.TC_ApproveLMS"/>
  <testcase name="approvelmsprofile" time="15.103" classname="testcases.TC_ApproveLMS"/>
  <testcase name="approvelmsprofile" time="15.102" classname="testcases.TC_ApproveLMS"/>
  <testcase name="approvelmsprofile" time="2.102" classname="testcases.TC_ApproveLMS"/>
  <testcase name="approvelmsprofile" time="2.101" classname="testcases.TC_ApproveLMS"/>
  <testcase name="approvelmsprofile" time="2.100" classname="testcases.TC_ApproveLMS"/>
  <testcase name="approvelmsprofile" time="9.001" classname="testcases.TC_ApproveLMS"/>
  <testcase name="approvelmsprofile" time="9.001" classname="testcases.TC_ApproveLMS"/>
  <testcase name="approvelmsprofile" time="9.001" classname="testcases.TC_ApproveLMS"/>
  <testcase name="approvelmsprofile" time="9.003" classname="testcases.TC_ApproveLMS"/>
  <testcase name="approvelmsprofile" time="9.004" classname="testcases.TC_ApproveLMS"/>
  <testcase name="approvelmsprofile" time="2.102" classname="testcases.TC_ApproveLMS"/>
  <testcase name="approvelmsprofile" time="9.003" classname="testcases.TC_ApproveLMS"/>
  <testcase name="approvelmsprofile" time="15.102" classname="testcases.TC_ApproveLMS"/>
  <testcase name="approvelmsprofile" time="2.100" classname="testcases.TC_ApproveLMS"/>
  <testcase name="approvelmsprofile" time="2.102" classname="testcases.TC_ApproveLMS"/>
  <testcase name="approvelmsprofile" time="2.102" classname="testcases.TC_ApproveLMS"/>
  <testcase name="approvelmsprofile" time="2.102" classname="testcases.TC_ApproveLMS"/>
  <testcase name="approvelmsprofile" time="15.102" classname="testcases.TC_ApproveLMS"/>
  <testcase name="approvelmsprofile" time="2.103" classname="testcases.TC_ApproveLMS"/>
  <testcase name="approvelmsprofile" time="2.103" classname="testcases.TC_ApproveLMS"/>
  <testcase name="approvelmsprofile" time="2.101" classname="testcases.TC_ApproveLMS"/>
  <testcase name="approvelmsprofile" time="9.002" classname="testcases.TC_ApproveLMS"/>
  <testcase name="approvelmsprofile" time="15.101" classname="testcases.TC_ApproveLMS"/>
  <testcase name="approvelmsprofile" time="2.101" classname="testcases.TC_ApproveLMS"/>
  <testcase name="approvelmsprofile" time="2.100" classname="testcases.TC_ApproveLMS"/>
  <testcase name="approvelmsprofile" time="9.002" classname="testcases.TC_ApproveLMS"/>
  <testcase name="approvelmsprofile" time="9.003" classname="testcases.TC_ApproveLMS"/>
  <testcase name="approvelmsprofile" time="9.003" classname="testcases.TC_ApproveLMS"/>
  <testcase name="approvelmsprofile" time="9.002" classname="testcases.TC_ApproveLMS"/>
  <testcase name="approvelmsprofile" time="9.002" classname="testcases.TC_ApproveLMS"/>
  <testcase name="approvelmsprofile" time="9.004" classname="testcases.TC_ApproveLMS"/>
  <testcase name="approvelmsprofile" time="2.102" classname="testcases.TC_ApproveLMS"/>
  <testcase name="approvelmsprofile" time="15.103" classname="testcases.TC_ApproveLMS"/>
  <testcase name="approvelmsprofile" time="9.003" classname="testcases.TC_ApproveLMS"/>
  <testcase name="approvelmsprofile" time="15.102" classname="testcases.TC_ApproveLMS"/>
  <testcase name="approvelmsprofile" time="15.102" classname="testcases.TC_ApproveLMS"/>
  <testcase name="approvelmsprofile" time="91.011" classname="testcases.TC_ApproveLMS"/>
  <testcase name="approvelmsprofile" time="9.003" classname="testcases.TC_ApproveLMS"/>
  <testcase name="approvelmsprofile" time="15.103" classname="testcases.TC_ApproveLMS"/>
  <testcase name="approvelmsprofile" time="9.003" classname="testcases.TC_ApproveLMS"/>
  <testcase name="approvelmsprofile" time="9.006" classname="testcases.TC_ApproveLMS"/>
  <testcase name="approvelmsprofile" time="2.100" classname="testcases.TC_ApproveLMS"/>
  <testcase name="approvelmsprofile" time="9.002" classname="testcases.TC_ApproveLMS"/>
  <testcase name="approvelmsprofile" time="15.101" classname="testcases.TC_ApproveLMS"/>
  <testcase name="approvelmsprofile" time="9.002" classname="testcases.TC_ApproveLMS"/>
  <testcase name="approvelmsprofile" time="2.102" classname="testcases.TC_ApproveLMS"/>
  <testcase name="approvelmsprofile" time="91.003" classname="testcases.TC_ApproveLMS"/>
  <testcase name="approvelmsprofile" time="9.003" classname="testcases.TC_ApproveLMS"/>
  <testcase name="approvelmsprofile" time="15.102" classname="testcases.TC_ApproveLMS"/>
  <testcase name="approvelmsprofile" time="9.001" classname="testcases.TC_ApproveLMS"/>
  <testcase name="approvelmsprofile" time="9.003" classname="testcases.TC_ApproveLMS"/>
  <testcase name="approvelmsprofile" time="91.001" classname="testcases.TC_ApproveLMS"/>
  <testcase name="approvelmsprofile" time="2.102" classname="testcases.TC_ApproveLMS"/>
  <testcase name="approvelmsprofile" time="15.102" classname="testcases.TC_ApproveLMS"/>
  <testcase name="approvelmsprofile" time="9.002" classname="testcases.TC_ApproveLMS"/>
  <testcase name="approvelmsprofile" time="2.100" classname="testcases.TC_ApproveLMS"/>
  <testcase name="approvelmsprofile" time="9.003" classname="testcases.TC_ApproveLMS"/>
  <testcase name="approvelmsprofile" time="91.000" classname="testcases.TC_ApproveLMS"/>
  <testcase name="approvelmsprofile" time="2.101" classname="testcases.TC_ApproveLMS"/>
  <testcase name="approvelmsprofile" time="9.003" classname="testcases.TC_ApproveLMS"/>
  <testcase name="approvelmsprofile" time="91.003" classname="testcases.TC_ApproveLMS"/>
  <testcase name="approvelmsprofile" time="15.102" classname="testcases.TC_ApproveLMS"/>
  <testcase name="approvelmsprofile" time="2.102" classname="testcases.TC_ApproveLMS"/>
  <testcase name="approvelmsprofile" time="2.103" classname="testcases.TC_ApproveLMS"/>
  <testcase name="approvelmsprofile" time="9.001" classname="testcases.TC_ApproveLMS"/>
  <testcase name="approvelmsprofile" time="15.102" classname="testcases.TC_ApproveLMS"/>
  <testcase name="approvelmsprofile" time="9.003" classname="testcases.TC_ApproveLMS"/>
  <testcase name="approvelmsprofile" time="9.002" classname="testcases.TC_ApproveLMS"/>
  <testcase name="approvelmsprofile" time="2.103" classname="testcases.TC_ApproveLMS"/>
  <testcase name="approvelmsprofile" time="15.100" classname="testcases.TC_ApproveLMS"/>
  <testcase name="approvelmsprofile" time="9.002" classname="testcases.TC_ApproveLMS"/>
  <testcase name="approvelmsprofile" time="2.101" classname="testcases.TC_ApproveLMS"/>
  <testcase name="approvelmsprofile" time="15.103" classname="testcases.TC_ApproveLMS"/>
  <testcase name="approvelmsprofile" time="9.002" classname="testcases.TC_ApproveLMS"/>
  <testcase name="approvelmsprofile" time="9.004" classname="testcases.TC_ApproveLMS"/>
  <testcase name="approvelmsprofile" time="9.003" classname="testcases.TC_ApproveLMS"/>
  <testcase name="approvelmsprofile" time="9.005" classname="testcases.TC_ApproveLMS"/>
  <testcase name="approvelmsprofile" time="9.003" classname="testcases.TC_ApproveLMS"/>
  <testcase name="approvelmsprofile" time="2.101" classname="testcases.TC_ApproveLMS"/>
  <testcase name="approvelmsprofile" time="2.100" classname="testcases.TC_ApproveLMS"/>
  <testcase name="approvelmsprofile" time="91.002" classname="testcases.TC_ApproveLMS"/>
  <testcase name="approvelmsprofile" time="2.100" classname="testcases.TC_ApproveLMS"/>
  <testcase name="approvelmsprofile" time="9.000" classname="testcases.TC_ApproveLMS"/>
  <testcase name="approvelmsprofile" time="2.102" classname="testcases.TC_ApproveLMS"/>
  <testcase name="approvelmsprofile" time="91.005" classname="testcases.TC_ApproveLMS"/>
  <testcase name="approvelmsprofile" time="9.003" classname="testcases.TC_ApproveLMS"/>
  <testcase name="approvelmsprofile" time="9.002" classname="testcases.TC_ApproveLMS"/>
  <testcase name="approvelmsprofile" time="9.002" classname="testcases.TC_ApproveLMS"/>
  <testcase name="approvelmsprofile" time="9.003" classname="testcases.TC_ApproveLMS"/>
  <testcase name="approvelmsprofile" time="91.003" classname="testcases.TC_ApproveLMS"/>
  <testcase name="approvelmsprofile" time="15.103" classname="testcases.TC_ApproveLMS"/>
  <testcase name="approvelmsprofile" time="9.001" classname="testcases.TC_ApproveLMS"/>
  <testcase name="approvelmsprofile" time="9.002" classname="testcases.TC_ApproveLMS"/>
  <testcase name="approvelmsprofile" time="91.002" classname="testcases.TC_ApproveLMS"/>
  <testcase name="approvelmsprofile" time="9.003" classname="testcases.TC_ApproveLMS"/>
  <testcase name="approvelmsprofile" time="2.102" classname="testcases.TC_ApproveLMS"/>
  <testcase name="approvelmsprofile" time="91.003" classname="testcases.TC_ApproveLMS"/>
  <testcase name="approvelmsprofile" time="9.002" classname="testcases.TC_ApproveLMS"/>
  <testcase name="approvelmsprofile" time="9.002" classname="testcases.TC_ApproveLMS"/>
  <testcase name="approvelmsprofile" time="91.004" classname="testcases.TC_ApproveLMS"/>
  <testcase name="approvelmsprofile" time="15.104" classname="testcases.TC_ApproveLMS"/>
  <testcase name="approvelmsprofile" time="2.100" classname="testcases.TC_ApproveLMS"/>
  <testcase name="approvelmsprofile" time="2.100" classname="testcases.TC_ApproveLMS"/>
  <testcase name="approvelmsprofile" time="15.103" classname="testcases.TC_ApproveLMS"/>
  <testcase name="approvelmsprofile" time="2.101" classname="testcases.TC_ApproveLMS"/>
  <testcase name="approvelmsprofile" time="9.002" classname="testcases.TC_ApproveLMS"/>
  <testcase name="approvelmsprofile" time="2.102" classname="testcases.TC_ApproveLMS"/>
  <testcase name="approvelmsprofile" time="91.007" classname="testcases.TC_ApproveLMS"/>
  <testcase name="approvelmsprofile" time="9.003" classname="testcases.TC_ApproveLMS"/>
  <testcase name="approvelmsprofile" time="9.004" classname="testcases.TC_ApproveLMS"/>
  <testcase name="approvelmsprofile" time="91.000" classname="testcases.TC_ApproveLMS"/>
  <testcase name="approvelmsprofile" time="2.102" classname="testcases.TC_ApproveLMS"/>
  <testcase name="approvelmsprofile" time="9.002" classname="testcases.TC_ApproveLMS"/>
  <testcase name="approvelmsprofile" time="2.101" classname="testcases.TC_ApproveLMS"/>
  <testcase name="approvelmsprofile" time="9.002" classname="testcases.TC_ApproveLMS"/>
  <testcase name="approvelmsprofile" time="2.102" classname="testcases.TC_ApproveLMS"/>
  <testcase name="approvelmsprofile" time="2.103" classname="testcases.TC_ApproveLMS"/>
  <testcase name="approvelmsprofile" time="2.101" classname="testcases.TC_ApproveLMS"/>
  <testcase name="approvelmsprofile" time="15.103" classname="testcases.TC_ApproveLMS"/>
  <testcase name="approvelmsprofile" time="9.003" classname="testcases.TC_ApproveLMS"/>
  <testcase name="approvelmsprofile" time="9.003" classname="testcases.TC_ApproveLMS"/>
  <testcase name="approvelmsprofile" time="2.103" classname="testcases.TC_ApproveLMS"/>
  <testcase name="approvelmsprofile" time="2.101" classname="testcases.TC_ApproveLMS"/>
  <testcase name="approvelmsprofile" time="91.003" classname="testcases.TC_ApproveLMS"/>
  <testcase name="approvelmsprofile" time="15.103" classname="testcases.TC_ApproveLMS"/>
  <testcase name="approvelmsprofile" time="9.001" classname="testcases.TC_ApproveLMS"/>
  <testcase name="approvelmsprofile" time="15.104" classname="testcases.TC_ApproveLMS"/>
  <testcase name="approvelmsprofile" time="2.100" classname="testcases.TC_ApproveLMS"/>
  <testcase name="approvelmsprofile" time="2.101" classname="testcases.TC_ApproveLMS"/>
  <testcase name="approvelmsprofile" time="2.101" classname="testcases.TC_ApproveLMS"/>
  <testcase name="approvelmsprofile" time="9.002" classname="testcases.TC_ApproveLMS"/>
  <testcase name="approvelmsprofile" time="2.101" classname="testcases.TC_ApproveLMS"/>
  <testcase name="approvelmsprofile" time="2.102" classname="testcases.TC_ApproveLMS"/>
  <testcase name="approvelmsprofile" time="2.103" classname="testcases.TC_ApproveLMS"/>
  <testcase name="approvelmsprofile" time="9.003" classname="testcases.TC_ApproveLMS"/>
  <testcase name="approvelmsprofile" time="9.001" classname="testcases.TC_ApproveLMS"/>
  <testcase name="approvelmsprofile" time="2.101" classname="testcases.TC_ApproveLMS"/>
  <testcase name="approvelmsprofile" time="2.103" classname="testcases.TC_ApproveLMS"/>
  <testcase name="approvelmsprofile" time="9.003" classname="testcases.TC_ApproveLMS"/>
  <testcase name="approvelmsprofile" time="9.002" classname="testcases.TC_ApproveLMS"/>
  <testcase name="approvelmsprofile" time="91.005" classname="testcases.TC_ApproveLMS"/>
  <testcase name="approvelmsprofile" time="9.002" classname="testcases.TC_ApproveLMS"/>
  <testcase name="approvelmsprofile" time="9.003" classname="testcases.TC_ApproveLMS"/>
  <testcase name="approvelmsprofile" time="15.102" classname="testcases.TC_ApproveLMS"/>
  <testcase name="approvelmsprofile" time="15.102" classname="testcases.TC_ApproveLMS"/>
  <testcase name="approvelmsprofile" time="2.101" classname="testcases.TC_ApproveLMS"/>
  <testcase name="approvelmsprofile" time="9.002" classname="testcases.TC_ApproveLMS"/>
  <testcase name="approvelmsprofile" time="9.003" classname="testcases.TC_ApproveLMS"/>
  <testcase name="approvelmsprofile" time="2.103" classname="testcases.TC_ApproveLMS"/>
  <testcase name="approvelmsprofile" time="2.101" classname="testcases.TC_ApproveLMS"/>
  <testcase name="approvelmsprofile" time="15.103" classname="testcases.TC_ApproveLMS"/>
  <testcase name="approvelmsprofile" time="91.004" classname="testcases.TC_ApproveLMS"/>
  <testcase name="approvelmsprofile" time="9.001" classname="testcases.TC_ApproveLMS"/>
  <testcase name="approvelmsprofile" time="9.002" classname="testcases.TC_ApproveLMS"/>
  <testcase name="approvelmsprofile" time="2.100" classname="testcases.TC_ApproveLMS"/>
  <testcase name="approvelmsprofile" time="2.101" classname="testcases.TC_ApproveLMS"/>
  <testcase name="approvelmsprofile" time="15.104" classname="testcases.TC_ApproveLMS"/>
  <testcase name="approvelmsprofile" time="9.003" classname="testcases.TC_ApproveLMS"/>
  <testcase name="approvelmsprofile" time="9.004" classname="testcases.TC_ApproveLMS"/>
  <testcase name="approvelmsprofile" time="2.103" classname="testcases.TC_ApproveLMS"/>
  <testcase name="approvelmsprofile" time="15.102" classname="testcases.TC_ApproveLMS"/>
  <testcase name="approvelmsprofile" time="9.003" classname="testcases.TC_ApproveLMS"/>
  <testcase name="approvelmsprofile" time="9.001" classname="testcases.TC_ApproveLMS"/>
  <testcase name="approvelmsprofile" time="9.002" classname="testcases.TC_ApproveLMS"/>
  <testcase name="approvelmsprofile" time="91.002" classname="testcases.TC_ApproveLMS"/>
  <testcase name="approvelmsprofile" time="2.101" classname="testcases.TC_ApproveLMS"/>
  <testcase name="approvelmsprofile" time="9.004" classname="testcases.TC_ApproveLMS"/>
  <testcase name="approvelmsprofile" time="2.102" classname="testcases.TC_ApproveLMS"/>
  <testcase name="approvelmsprofile" time="15.105" classname="testcases.TC_ApproveLMS"/>
  <testcase name="approvelmsprofile" time="9.002" classname="testcases.TC_ApproveLMS"/>
  <testcase name="approvelmsprofile" time="2.101" classname="testcases.TC_ApproveLMS"/>
  <testcase name="approvelmsprofile" time="9.003" classname="testcases.TC_ApproveLMS"/>
  <testcase name="approvelmsprofile" time="9.001" classname="testcases.TC_ApproveLMS"/>
  <testcase name="approvelmsprofile" time="9.002" classname="testcases.TC_ApproveLMS"/>
  <testcase name="approvelmsprofile" time="2.101" classname="testcases.TC_ApproveLMS"/>
  <testcase name="approvelmsprofile" time="15.102" classname="testcases.TC_ApproveLMS"/>
  <testcase name="approvelmsprofile" time="9.002" classname="testcases.TC_ApproveLMS"/>
  <testcase name="approvelmsprofile" time="9.003" classname="testcases.TC_ApproveLMS"/>
  <testcase name="approvelmsprofile" time="2.102" classname="testcases.TC_ApproveLMS"/>
  <testcase name="approvelmsprofile" time="15.105" classname="testcases.TC_ApproveLMS"/>
  <testcase name="approvelmsprofile" time="2.100" classname="testcases.TC_ApproveLMS"/>
  <testcase name="approvelmsprofile" time="15.101" classname="testcases.TC_ApproveLMS"/>
  <testcase name="approvelmsprofile" time="9.001" classname="testcases.TC_ApproveLMS"/>
  <testcase name="approvelmsprofile" time="2.104" classname="testcases.TC_ApproveLMS"/>
  <testcase name="approvelmsprofile" time="2.103" classname="testcases.TC_ApproveLMS"/>
  <testcase name="approvelmsprofile" time="9.002" classname="testcases.TC_ApproveLMS"/>
  <testcase name="approvelmsprofile" time="2.102" classname="testcases.TC_ApproveLMS"/>
  <testcase name="approvelmsprofile" time="15.102" classname="testcases.TC_ApproveLMS"/>
  <testcase name="approvelmsprofile" time="9.001" classname="testcases.TC_ApproveLMS"/>
  <testcase name="approvelmsprofile" time="2.100" classname="testcases.TC_ApproveLMS"/>
  <testcase name="approvelmsprofile" time="2.100" classname="testcases.TC_ApproveLMS"/>
  <testcase name="approvelmsprofile" time="2.101" classname="testcases.TC_ApproveLMS"/>
  <testcase name="approvelmsprofile" time="9.001" classname="testcases.TC_ApproveLMS"/>
  <testcase name="approvelmsprofile" time="2.101" classname="testcases.TC_ApproveLMS"/>
  <testcase name="approvelmsprofile" time="15.103" classname="testcases.TC_ApproveLMS"/>
  <testcase name="approvelmsprofile" time="2.102" classname="testcases.TC_ApproveLMS"/>
  <testcase name="approvelmsprofile" time="2.102" classname="testcases.TC_ApproveLMS"/>
  <testcase name="approvelmsprofile" time="2.101" classname="testcases.TC_ApproveLMS"/>
  <testcase name="approvelmsprofile" time="2.102" classname="testcases.TC_ApproveLMS"/>
  <testcase name="approvelmsprofile" time="2.102" classname="testcases.TC_ApproveLMS"/>
  <testcase name="approvelmsprofile" time="9.003" classname="testcases.TC_ApproveLMS"/>
  <testcase name="approvelmsprofile" time="2.102" classname="testcases.TC_ApproveLMS"/>
  <testcase name="approvelmsprofile" time="15.103" classname="testcases.TC_ApproveLMS"/>
  <testcase name="approvelmsprofile" time="91.005" classname="testcases.TC_ApproveLMS"/>
  <testcase name="approvelmsprofile" time="9.002" classname="testcases.TC_ApproveLMS"/>
  <testcase name="approvelmsprofile" time="9.002" classname="testcases.TC_ApproveLMS"/>
  <testcase name="approvelmsprofile" time="91.003" classname="testcases.TC_ApproveLMS"/>
  <testcase name="approvelmsprofile" time="15.102" classname="testcases.TC_ApproveLMS"/>
  <testcase name="approvelmsprofile" time="15.102" classname="testcases.TC_ApproveLMS"/>
  <testcase name="approvelmsprofile" time="2.103" classname="testcases.TC_ApproveLMS"/>
  <testcase name="approvelmsprofile" time="2.104" classname="testcases.TC_ApproveLMS"/>
  <testcase name="approvelmsprofile" time="9.003" classname="testcases.TC_ApproveLMS"/>
  <testcase name="approvelmsprofile" time="9.003" classname="testcases.TC_ApproveLMS"/>
  <testcase name="approvelmsprofile" time="9.002" classname="testcases.TC_ApproveLMS"/>
  <testcase name="approvelmsprofile" time="2.102" classname="testcases.TC_ApproveLMS"/>
  <testcase name="approvelmsprofile" time="9.002" classname="testcases.TC_ApproveLMS"/>
  <testcase name="approvelmsprofile" time="9.001" classname="testcases.TC_ApproveLMS"/>
  <testcase name="approvelmsprofile" time="2.101" classname="testcases.TC_ApproveLMS"/>
  <testcase name="approvelmsprofile" time="9.003" classname="testcases.TC_ApproveLMS"/>
  <testcase name="approvelmsprofile" time="91.005" classname="testcases.TC_ApproveLMS"/>
  <testcase name="approvelmsprofile" time="2.102" classname="testcases.TC_ApproveLMS"/>
  <testcase name="approvelmsprofile" time="9.002" classname="testcases.TC_ApproveLMS"/>
  <testcase name="approvelmsprofile" time="9.002" classname="testcases.TC_ApproveLMS"/>
  <testcase name="approvelmsprofile" time="9.002" classname="testcases.TC_ApproveLMS"/>
  <testcase name="approvelmsprofile" time="9.002" classname="testcases.TC_ApproveLMS"/>
  <testcase name="approvelmsprofile" time="9.003" classname="testcases.TC_ApproveLMS"/>
  <testcase name="approvelmsprofile" time="9.001" classname="testcases.TC_ApproveLMS"/>
  <testcase name="approvelmsprofile" time="15.103" classname="testcases.TC_ApproveLMS"/>
  <testcase name="approvelmsprofile" time="9.001" classname="testcases.TC_ApproveLMS"/>
  <testcase name="approvelmsprofile" time="2.100" classname="testcases.TC_ApproveLMS"/>
  <testcase name="approvelmsprofile" time="91.005" classname="testcases.TC_ApproveLMS"/>
  <testcase name="approvelmsprofile" time="9.002" classname="testcases.TC_ApproveLMS"/>
  <testcase name="approvelmsprofile" time="91.003" classname="testcases.TC_ApproveLMS"/>
  <testcase name="approvelmsprofile" time="9.002" classname="testcases.TC_ApproveLMS"/>
  <testcase name="approvelmsprofile" time="2.100" classname="testcases.TC_ApproveLMS"/>
  <testcase name="approvelmsprofile" time="9.001" classname="testcases.TC_ApproveLMS"/>
  <testcase name="approvelmsprofile" time="2.100" classname="testcases.TC_ApproveLMS"/>
  <testcase name="approvelmsprofile" time="9.002" classname="testcases.TC_ApproveLMS"/>
  <testcase name="approvelmsprofile" time="2.102" classname="testcases.TC_ApproveLMS"/>
  <testcase name="approvelmsprofile" time="9.002" classname="testcases.TC_ApproveLMS"/>
  <testcase name="approvelmsprofile" time="2.103" classname="testcases.TC_ApproveLMS"/>
  <testcase name="approvelmsprofile" time="9.003" classname="testcases.TC_ApproveLMS"/>
  <testcase name="approvelmsprofile" time="9.002" classname="testcases.TC_ApproveLMS"/>
  <testcase name="approvelmsprofile" time="9.001" classname="testcases.TC_ApproveLMS"/>
  <testcase name="approvelmsprofile" time="9.002" classname="testcases.TC_ApproveLMS"/>
  <testcase name="approvelmsprofile" time="9.002" classname="testcases.TC_ApproveLMS"/>
  <testcase name="approvelmsprofile" time="2.102" classname="testcases.TC_ApproveLMS"/>
  <testcase name="approvelmsprofile" time="9.003" classname="testcases.TC_ApproveLMS"/>
  <testcase name="approvelmsprofile" time="91.005" classname="testcases.TC_ApproveLMS"/>
  <testcase name="approvelmsprofile" time="15.102" classname="testcases.TC_ApproveLMS"/>
  <testcase name="approvelmsprofile" time="15.102" classname="testcases.TC_ApproveLMS"/>
  <testcase name="approvelmsprofile" time="2.102" classname="testcases.TC_ApproveLMS"/>
  <testcase name="approvelmsprofile" time="9.003" classname="testcases.TC_ApproveLMS"/>
  <testcase name="approvelmsprofile" time="2.103" classname="testcases.TC_ApproveLMS"/>
  <testcase name="approvelmsprofile" time="2.101" classname="testcases.TC_ApproveLMS"/>
  <testcase name="approvelmsprofile" time="91.004" classname="testcases.TC_ApproveLMS"/>
  <testcase name="approvelmsprofile" time="91.003" classname="testcases.TC_ApproveLMS"/>
  <testcase name="approvelmsprofile" time="2.103" classname="testcases.TC_ApproveLMS"/>
  <testcase name="approvelmsprofile" time="15.103" classname="testcases.TC_ApproveLMS"/>
  <testcase name="approvelmsprofile" time="2.102" classname="testcases.TC_ApproveLMS"/>
  <testcase name="approvelmsprofile" time="91.000" classname="testcases.TC_ApproveLMS"/>
  <testcase name="approvelmsprofile" time="2.102" classname="testcases.TC_ApproveLMS"/>
  <testcase name="approvelmsprofile" time="2.102" classname="testcases.TC_ApproveLMS"/>
  <testcase name="approvelmsprofile" time="2.102" classname="testcases.TC_ApproveLMS"/>
  <testcase name="approvelmsprofile" time="9.002" classname="testcases.TC_ApproveLMS"/>
  <testcase name="approvelmsprofile" time="9.001" classname="testcases.TC_ApproveLMS"/>
  <testcase name="approvelmsprofile" time="2.100" classname="testcases.TC_ApproveLMS"/>
  <testcase name="approvelmsprofile" time="9.004" classname="testcases.TC_ApproveLMS"/>
  <testcase name="approvelmsprofile" time="2.103" classname="testcases.TC_ApproveLMS"/>
  <testcase name="approvelmsprofile" time="2.101" classname="testcases.TC_ApproveLMS"/>
  <testcase name="approvelmsprofile" time="9.003" classname="testcases.TC_ApproveLMS"/>
  <testcase name="approvelmsprofile" time="9.001" classname="testcases.TC_ApproveLMS"/>
  <testcase name="approvelmsprofile" time="9.001" classname="testcases.TC_ApproveLMS"/>
  <testcase name="approvelmsprofile" time="2.102" classname="testcases.TC_ApproveLMS"/>
  <testcase name="approvelmsprofile" time="9.004" classname="testcases.TC_ApproveLMS"/>
  <testcase name="approvelmsprofile" time="2.100" classname="testcases.TC_ApproveLMS"/>
  <testcase name="approvelmsprofile" time="9.002" classname="testcases.TC_ApproveLMS"/>
  <testcase name="approvelmsprofile" time="2.102" classname="testcases.TC_ApproveLMS"/>
  <testcase name="approvelmsprofile" time="9.003" classname="testcases.TC_ApproveLMS"/>
  <testcase name="approvelmsprofile" time="9.001" classname="testcases.TC_ApproveLMS"/>
  <testcase name="approvelmsprofile" time="2.101" classname="testcases.TC_ApproveLMS"/>
  <testcase name="approvelmsprofile" time="9.001" classname="testcases.TC_ApproveLMS"/>
  <testcase name="approvelmsprofile" time="9.002" classname="testcases.TC_ApproveLMS"/>
  <testcase name="approvelmsprofile" time="9.003" classname="testcases.TC_ApproveLMS"/>
  <testcase name="approvelmsprofile" time="15.102" classname="testcases.TC_ApproveLMS"/>
  <testcase name="approvelmsprofile" time="2.102" classname="testcases.TC_ApproveLMS"/>
  <testcase name="approvelmsprofile" time="2.102" classname="testcases.TC_ApproveLMS"/>
  <testcase name="approvelmsprofile" time="91.005" classname="testcases.TC_ApproveLMS"/>
  <testcase name="approvelmsprofile" time="9.002" classname="testcases.TC_ApproveLMS"/>
  <testcase name="approvelmsprofile" time="15.102" classname="testcases.TC_ApproveLMS"/>
  <testcase name="approvelmsprofile" time="9.004" classname="testcases.TC_ApproveLMS"/>
  <testcase name="approvelmsprofile" time="2.102" classname="testcases.TC_ApproveLMS"/>
  <testcase name="approvelmsprofile" time="2.101" classname="testcases.TC_ApproveLMS"/>
  <testcase name="approvelmsprofile" time="2.101" classname="testcases.TC_ApproveLMS"/>
  <testcase name="approvelmsprofile" time="9.002" classname="testcases.TC_ApproveLMS"/>
  <testcase name="approvelmsprofile" time="2.102" classname="testcases.TC_ApproveLMS"/>
  <testcase name="approvelmsprofile" time="9.002" classname="testcases.TC_ApproveLMS"/>
  <testcase name="approvelmsprofile" time="2.101" classname="testcases.TC_ApproveLMS"/>
  <testcase name="approvelmsprofile" time="15.102" classname="testcases.TC_ApproveLMS"/>
  <testcase name="approvelmsprofile" time="15.102" classname="testcases.TC_ApproveLMS"/>
  <testcase name="approvelmsprofile" time="2.101" classname="testcases.TC_ApproveLMS"/>
  <testcase name="approvelmsprofile" time="91.005" classname="testcases.TC_ApproveLMS"/>
  <testcase name="approvelmsprofile" time="9.001" classname="testcases.TC_ApproveLMS"/>
  <testcase name="approvelmsprofile" time="9.001" classname="testcases.TC_ApproveLMS"/>
  <testcase name="approvelmsprofile" time="91.003" classname="testcases.TC_ApproveLMS"/>
  <testcase name="approvelmsprofile" time="15.102" classname="testcases.TC_ApproveLMS"/>
  <testcase name="approvelmsprofile" time="9.002" classname="testcases.TC_ApproveLMS"/>
  <testcase name="approvelmsprofile" time="9.002" classname="testcases.TC_ApproveLMS"/>
  <testcase name="approvelmsprofile" time="91.003" classname="testcases.TC_ApproveLMS"/>
  <testcase name="approvelmsprofile" time="15.103" classname="testcases.TC_ApproveLMS"/>
  <testcase name="approvelmsprofile" time="9.003" classname="testcases.TC_ApproveLMS"/>
  <testcase name="approvelmsprofile" time="15.104" classname="testcases.TC_ApproveLMS"/>
  <testcase name="approvelmsprofile" time="9.001" classname="testcases.TC_ApproveLMS"/>
  <testcase name="approvelmsprofile" time="9.002" classname="testcases.TC_ApproveLMS"/>
  <testcase name="approvelmsprofile" time="9.003" classname="testcases.TC_ApproveLMS"/>
  <testcase name="approvelmsprofile" time="9.001" classname="testcases.TC_ApproveLMS"/>
  <testcase name="approvelmsprofile" time="15.102" classname="testcases.TC_ApproveLMS"/>
  <testcase name="approvelmsprofile" time="15.103" classname="testcases.TC_ApproveLMS"/>
  <testcase name="approvelmsprofile" time="15.104" classname="testcases.TC_ApproveLMS"/>
  <testcase name="approvelmsprofile" time="9.001" classname="testcases.TC_ApproveLMS"/>
  <testcase name="approvelmsprofile" time="91.003" classname="testcases.TC_ApproveLMS"/>
  <testcase name="approvelmsprofile" time="9.002" classname="testcases.TC_ApproveLMS"/>
  <testcase name="approvelmsprofile" time="9.003" classname="testcases.TC_ApproveLMS"/>
  <testcase name="approvelmsprofile" time="9.000" classname="testcases.TC_ApproveLMS"/>
  <testcase name="approvelmsprofile" time="2.101" classname="testcases.TC_ApproveLMS"/>
  <testcase name="approvelmsprofile" time="9.004" classname="testcases.TC_ApproveLMS"/>
  <testcase name="approvelmsprofile" time="9.002" classname="testcases.TC_ApproveLMS"/>
  <testcase name="approvelmsprofile" time="15.102" classname="testcases.TC_ApproveLMS"/>
  <testcase name="approvelmsprofile" time="2.103" classname="testcases.TC_ApproveLMS"/>
  <testcase name="approvelmsprofile" time="9.002" classname="testcases.TC_ApproveLMS"/>
  <testcase name="approvelmsprofile" time="9.005" classname="testcases.TC_ApproveLMS"/>
  <testcase name="approvelmsprofile" time="9.002" classname="testcases.TC_ApproveLMS"/>
  <testcase name="approvelmsprofile" time="9.001" classname="testcases.TC_ApproveLMS"/>
  <testcase name="approvelmsprofile" time="15.104" classname="testcases.TC_ApproveLMS"/>
  <testcase name="approvelmsprofile" time="9.002" classname="testcases.TC_ApproveLMS"/>
  <testcase name="approvelmsprofile" time="9.002" classname="testcases.TC_ApproveLMS"/>
  <testcase name="approvelmsprofile" time="2.101" classname="testcases.TC_ApproveLMS"/>
  <testcase name="approvelmsprofile" time="15.103" classname="testcases.TC_ApproveLMS"/>
  <testcase name="approvelmsprofile" time="9.003" classname="testcases.TC_ApproveLMS"/>
  <testcase name="approvelmsprofile" time="15.104" classname="testcases.TC_ApproveLMS"/>
  <testcase name="approvelmsprofile" time="9.003" classname="testcases.TC_ApproveLMS"/>
  <testcase name="approvelmsprofile" time="9.001" classname="testcases.TC_ApproveLMS"/>
  <testcase name="approvelmsprofile" time="2.103" classname="testcases.TC_ApproveLMS"/>
  <testcase name="approvelmsprofile" time="9.002" classname="testcases.TC_ApproveLMS"/>
  <testcase name="approvelmsprofile" time="15.103" classname="testcases.TC_ApproveLMS"/>
  <testcase name="approvelmsprofile" time="9.002" classname="testcases.TC_ApproveLMS"/>
  <testcase name="approvelmsprofile" time="15.102" classname="testcases.TC_ApproveLMS"/>
  <testcase name="approvelmsprofile" time="91.011" classname="testcases.TC_ApproveLMS"/>
  <testcase name="approvelmsprofile" time="9.003" classname="testcases.TC_ApproveLMS"/>
  <testcase name="approvelmsprofile" time="9.002" classname="testcases.TC_ApproveLMS"/>
  <testcase name="approvelmsprofile" time="9.003" classname="testcases.TC_ApproveLMS"/>
  <testcase name="approvelmsprofile" time="9.001" classname="testcases.TC_ApproveLMS"/>
  <testcase name="approvelmsprofile" time="9.001" classname="testcases.TC_ApproveLMS"/>
  <testcase name="approvelmsprofile" time="9.002" classname="testcases.TC_ApproveLMS"/>
  <testcase name="approvelmsprofile" time="2.100" classname="testcases.TC_ApproveLMS"/>
  <testcase name="approvelmsprofile" time="15.102" classname="testcases.TC_ApproveLMS"/>
  <testcase name="approvelmsprofile" time="91.003" classname="testcases.TC_ApproveLMS"/>
  <testcase name="approvelmsprofile" time="91.003" classname="testcases.TC_ApproveLMS"/>
  <testcase name="approvelmsprofile" time="15.102" classname="testcases.TC_ApproveLMS"/>
  <testcase name="approvelmsprofile" time="9.002" classname="testcases.TC_ApproveLMS"/>
  <testcase name="approvelmsprofile" time="15.102" classname="testcases.TC_ApproveLMS"/>
  <testcase name="approvelmsprofile" time="2.100" classname="testcases.TC_ApproveLMS"/>
  <testcase name="approvelmsprofile" time="9.003" classname="testcases.TC_ApproveLMS"/>
  <testcase name="approvelmsprofile" time="9.001" classname="testcases.TC_ApproveLMS"/>
  <testcase name="approvelmsprofile" time="2.101" classname="testcases.TC_ApproveLMS"/>
  <testcase name="approvelmsprofile" time="9.004" classname="testcases.TC_ApproveLMS"/>
  <testcase name="approvelmsprofile" time="9.002" classname="testcases.TC_ApproveLMS"/>
  <testcase name="approvelmsprofile" time="2.101" classname="testcases.TC_ApproveLMS"/>
  <testcase name="approvelmsprofile" time="9.003" classname="testcases.TC_ApproveLMS"/>
  <testcase name="approvelmsprofile" time="9.003" classname="testcases.TC_ApproveLMS"/>
  <testcase name="approvelmsprofile" time="91.006" classname="testcases.TC_ApproveLMS"/>
  <testcase name="approvelmsprofile" time="15.103" classname="testcases.TC_ApproveLMS"/>
  <testcase name="approvelmsprofile" time="9.004" classname="testcases.TC_ApproveLMS"/>
  <testcase name="approvelmsprofile" time="9.003" classname="testcases.TC_ApproveLMS"/>
  <testcase name="approvelmsprofile" time="2.102" classname="testcases.TC_ApproveLMS"/>
  <testcase name="approvelmsprofile" time="2.102" classname="testcases.TC_ApproveLMS"/>
  <testcase name="approvelmsprofile" time="9.003" classname="testcases.TC_ApproveLMS"/>
  <testcase name="approvelmsprofile" time="9.002" classname="testcases.TC_ApproveLMS"/>
  <testcase name="approvelmsprofile" time="9.002" classname="testcases.TC_ApproveLMS"/>
  <testcase name="approvelmsprofile" time="91.003" classname="testcases.TC_ApproveLMS"/>
  <testcase name="approvelmsprofile" time="9.001" classname="testcases.TC_ApproveLMS"/>
  <testcase name="approvelmsprofile" time="91.004" classname="testcases.TC_ApproveLMS"/>
  <testcase name="approvelmsprofile" time="2.101" classname="testcases.TC_ApproveLMS"/>
  <testcase name="approvelmsprofile" time="9.002" classname="testcases.TC_ApproveLMS"/>
  <testcase name="approvelmsprofile" time="9.003" classname="testcases.TC_ApproveLMS"/>
  <testcase name="approvelmsprofile" time="9.002" classname="testcases.TC_ApproveLMS"/>
  <testcase name="approvelmsprofile" time="9.004" classname="testcases.TC_ApproveLMS"/>
  <testcase name="approvelmsprofile" time="9.002" classname="testcases.TC_ApproveLMS"/>
  <testcase name="approvelmsprofile" time="15.110" classname="testcases.TC_ApproveLMS"/>
  <testcase name="approvelmsprofile" time="2.101" classname="testcases.TC_ApproveLMS"/>
  <testcase name="approvelmsprofile" time="9.002" classname="testcases.TC_ApproveLMS"/>
  <testcase name="approvelmsprofile" time="15.104" classname="testcases.TC_ApproveLMS"/>
  <testcase name="approvelmsprofile" time="15.103" classname="testcases.TC_ApproveLMS"/>
  <testcase name="approvelmsprofile" time="2.101" classname="testcases.TC_ApproveLMS"/>
  <testcase name="approvelmsprofile" time="2.101" classname="testcases.TC_ApproveLMS"/>
  <testcase name="approvelmsprofile" time="15.102" classname="testcases.TC_ApproveLMS"/>
  <testcase name="approvelmsprofile" time="15.103" classname="testcases.TC_ApproveLMS"/>
  <testcase name="approvelmsprofile" time="2.102" classname="testcases.TC_ApproveLMS"/>
  <testcase name="approvelmsprofile" time="9.001" classname="testcases.TC_ApproveLMS"/>
  <testcase name="approvelmsprofile" time="15.104" classname="testcases.TC_ApproveLMS"/>
  <testcase name="approvelmsprofile" time="2.101" classname="testcases.TC_ApproveLMS"/>
  <testcase name="approvelmsprofile" time="91.004" classname="testcases.TC_ApproveLMS"/>
  <testcase name="approvelmsprofile" time="2.101" classname="testcases.TC_ApproveLMS"/>
  <testcase name="approvelmsprofile" time="15.102" classname="testcases.TC_ApproveLMS"/>
  <testcase name="approvelmsprofile" time="2.100" classname="testcases.TC_ApproveLMS"/>
  <testcase name="approvelmsprofile" time="15.104" classname="testcases.TC_ApproveLMS"/>
  <testcase name="approvelmsprofile" time="91.006" classname="testcases.TC_ApproveLMS"/>
  <testcase name="approvelmsprofile" time="9.002" classname="testcases.TC_ApproveLMS"/>
  <testcase name="approvelmsprofile" time="2.103" classname="testcases.TC_ApproveLMS"/>
  <testcase name="approvelmsprofile" time="91.005" classname="testcases.TC_ApproveLMS"/>
  <testcase name="approvelmsprofile" time="9.001" classname="testcases.TC_ApproveLMS"/>
  <testcase name="approvelmsprofile" time="9.001" classname="testcases.TC_ApproveLMS"/>
  <testcase name="approvelmsprofile" time="15.103" classname="testcases.TC_ApproveLMS"/>
  <testcase name="approvelmsprofile" time="2.103" classname="testcases.TC_ApproveLMS"/>
  <testcase name="approvelmsprofile" time="2.102" classname="testcases.TC_ApproveLMS"/>
  <testcase name="approvelmsprofile" time="15.118" classname="testcases.TC_ApproveLMS"/>
  <testcase name="approvelmsprofile" time="9.003" classname="testcases.TC_ApproveLMS"/>
  <testcase name="approvelmsprofile" time="2.101" classname="testcases.TC_ApproveLMS"/>
  <testcase name="approvelmsprofile" time="15.101" classname="testcases.TC_ApproveLMS"/>
  <testcase name="approvelmsprofile" time="91.004" classname="testcases.TC_ApproveLMS"/>
  <testcase name="approvelmsprofile" time="9.003" classname="testcases.TC_ApproveLMS"/>
  <testcase name="approvelmsprofile" time="9.001" classname="testcases.TC_ApproveLMS"/>
  <testcase name="approvelmsprofile" time="91.004" classname="testcases.TC_ApproveLMS"/>
  <testcase name="approvelmsprofile" time="91.003" classname="testcases.TC_ApproveLMS"/>
  <testcase name="approvelmsprofile" time="2.103" classname="testcases.TC_ApproveLMS"/>
  <testcase name="approvelmsprofile" time="15.102" classname="testcases.TC_ApproveLMS"/>
  <testcase name="approvelmsprofile" time="15.101" classname="testcases.TC_ApproveLMS"/>
  <testcase name="approvelmsprofile" time="9.002" classname="testcases.TC_ApproveLMS"/>
  <testcase name="approvelmsprofile" time="15.103" classname="testcases.TC_ApproveLMS"/>
  <testcase name="approvelmsprofile" time="9.003" classname="testcases.TC_ApproveLMS"/>
  <testcase name="approvelmsprofile" time="2.102" classname="testcases.TC_ApproveLMS"/>
  <testcase name="approvelmsprofile" time="15.103" classname="testcases.TC_ApproveLMS"/>
  <testcase name="approvelmsprofile" time="2.102" classname="testcases.TC_ApproveLMS"/>
  <testcase name="approvelmsprofile" time="2.103" classname="testcases.TC_ApproveLMS"/>
  <testcase name="approvelmsprofile" time="2.101" classname="testcases.TC_ApproveLMS"/>
  <testcase name="approvelmsprofile" time="9.001" classname="testcases.TC_ApproveLMS"/>
  <testcase name="approvelmsprofile" time="2.102" classname="testcases.TC_ApproveLMS"/>
  <testcase name="approvelmsprofile" time="2.101" classname="testcases.TC_ApproveLMS"/>
  <testcase name="approvelmsprofile" time="91.004" classname="testcases.TC_ApproveLMS"/>
  <testcase name="approvelmsprofile" time="2.101" classname="testcases.TC_ApproveLMS"/>
  <testcase name="approvelmsprofile" time="15.103" classname="testcases.TC_ApproveLMS"/>
  <testcase name="approvelmsprofile" time="9.003" classname="testcases.TC_ApproveLMS"/>
  <testcase name="approvelmsprofile" time="2.102" classname="testcases.TC_ApproveLMS"/>
  <testcase name="approvelmsprofile" time="9.002" classname="testcases.TC_ApproveLMS"/>
  <testcase name="approvelmsprofile" time="9.001" classname="testcases.TC_ApproveLMS"/>
  <testcase name="approvelmsprofile" time="9.004" classname="testcases.TC_ApproveLMS"/>
  <testcase name="approvelmsprofile" time="2.101" classname="testcases.TC_ApproveLMS"/>
  <testcase name="approvelmsprofile" time="15.102" classname="testcases.TC_ApproveLMS"/>
  <testcase name="approvelmsprofile" time="9.003" classname="testcases.TC_ApproveLMS"/>
  <testcase name="approvelmsprofile" time="2.101" classname="testcases.TC_ApproveLMS"/>
  <testcase name="approvelmsprofile" time="2.103" classname="testcases.TC_ApproveLMS"/>
  <testcase name="approvelmsprofile" time="9.007" classname="testcases.TC_ApproveLMS"/>
  <testcase name="approvelmsprofile" time="9.002" classname="testcases.TC_ApproveLMS"/>
  <testcase name="approvelmsprofile" time="91.003" classname="testcases.TC_ApproveLMS"/>
  <testcase name="approvelmsprofile" time="9.002" classname="testcases.TC_ApproveLMS"/>
  <testcase name="approvelmsprofile" time="15.104" classname="testcases.TC_ApproveLMS"/>
  <testcase name="approvelmsprofile" time="2.101" classname="testcases.TC_ApproveLMS"/>
  <testcase name="approvelmsprofile" time="15.102" classname="testcases.TC_ApproveLMS"/>
  <testcase name="approvelmsprofile" time="2.102" classname="testcases.TC_ApproveLMS"/>
  <testcase name="approvelmsprofile" time="91.003" classname="testcases.TC_ApproveLMS"/>
  <testcase name="approvelmsprofile" time="2.102" classname="testcases.TC_ApproveLMS"/>
  <testcase name="approvelmsprofile" time="2.102" classname="testcases.TC_ApproveLMS"/>
  <testcase name="approvelmsprofile" time="2.102" classname="testcases.TC_ApproveLMS"/>
  <testcase name="approvelmsprofile" time="9.003" classname="testcases.TC_ApproveLMS"/>
  <testcase name="approvelmsprofile" time="22.004" classname="testcases.TC_ApproveLMS"/>
  <testcase name="approvelmsprofile" time="2.101" classname="testcases.TC_ApproveLMS"/>
  <testcase name="approvelmsprofile" time="2.101" classname="testcases.TC_ApproveLMS"/>
  <testcase name="approvelmsprofile" time="2.100" classname="testcases.TC_ApproveLMS"/>
  <testcase name="approvelmsprofile" time="2.103" classname="testcases.TC_ApproveLMS"/>
  <testcase name="approvelmsprofile" time="15.102" classname="testcases.TC_ApproveLMS"/>
  <testcase name="approvelmsprofile" time="2.100" classname="testcases.TC_ApproveLMS"/>
  <testcase name="approvelmsprofile" time="2.102" classname="testcases.TC_ApproveLMS"/>
  <testcase name="approvelmsprofile" time="2.101" classname="testcases.TC_ApproveLMS"/>
  <testcase name="approvelmsprofile" time="9.001" classname="testcases.TC_ApproveLMS"/>
  <testcase name="approvelmsprofile" time="90.995" classname="testcases.TC_ApproveLMS"/>
  <testcase name="approvelmsprofile" time="9.002" classname="testcases.TC_ApproveLMS"/>
  <testcase name="approvelmsprofile" time="15.102" classname="testcases.TC_ApproveLMS"/>
  <testcase name="approvelmsprofile" time="9.003" classname="testcases.TC_ApproveLMS"/>
  <testcase name="approvelmsprofile" time="91.011" classname="testcases.TC_ApproveLMS"/>
  <testcase name="approvelmsprofile" time="15.102" classname="testcases.TC_ApproveLMS"/>
</testsuite> <!-- testcases.TC_ApproveLMS -->
