<?xml version="1.0" encoding="UTF-8"?>
<!-- Generated by org.testng.reporters.JUnitReportReporter -->
<testsuite hostname="MCGL-5632" name="testcases.ViewLMSitems" tests="1" failures="0" timestamp="14 Sep 2017 03:40:58 GMT" time="0.760" errors="0">
  <testcase name="ViewItems" time="0.760" classname="testcases.ViewLMSitems"/>
</testsuite> <!-- testcases.ViewLMSitems -->
