<?xml version="1.0" encoding="UTF-8"?>
<!-- Generated by org.testng.reporters.JUnitReportReporter -->
<testsuite hostname="MCGL-5632" name="testcases.ViewLMS" tests="6" failures="0" timestamp="16 Oct 2017 10:25:55 GMT" time="81.042" errors="0">
  <testcase name="viewprofile" time="13.165" classname="testcases.ViewLMS"/>
  <testcase name="viewprofile" time="13.623" classname="testcases.ViewLMS"/>
  <testcase name="viewprofile" time="13.411" classname="testcases.ViewLMS"/>
  <testcase name="viewprofile" time="13.651" classname="testcases.ViewLMS"/>
  <testcase name="viewprofile" time="13.353" classname="testcases.ViewLMS"/>
  <testcase name="viewprofile" time="13.839" classname="testcases.ViewLMS"/>
</testsuite> <!-- testcases.ViewLMS -->
