<?xml version="1.0" encoding="UTF-8"?>
<!-- Generated by org.testng.reporters.JUnitReportReporter -->
<testsuite hostname="MCGL-5632" name="DataVerification.RefereneceTargetCalcuationOptinOut" tests="528" failures="0" timestamp="10 Oct 2017 05:31:11 GMT" time="1365.626" errors="1">
  <testcase name="target" time="0.513" classname="DataVerification.RefereneceTargetCalcuationOptinOut"/>
  <testcase name="target" time="3.601" classname="DataVerification.RefereneceTargetCalcuationOptinOut"/>
  <testcase name="target" time="7.301" classname="DataVerification.RefereneceTargetCalcuationOptinOut"/>
  <testcase name="target" time="1.460" classname="DataVerification.RefereneceTargetCalcuationOptinOut"/>
  <testcase name="target" time="2.974" classname="DataVerification.RefereneceTargetCalcuationOptinOut"/>
  <testcase name="target" time="1.311" classname="DataVerification.RefereneceTargetCalcuationOptinOut"/>
  <testcase name="target" time="2.982" classname="DataVerification.RefereneceTargetCalcuationOptinOut"/>
  <testcase name="target" time="0.116" classname="DataVerification.RefereneceTargetCalcuationOptinOut"/>
  <testcase name="target" time="3.599" classname="DataVerification.RefereneceTargetCalcuationOptinOut"/>
  <testcase name="target" time="2.289" classname="DataVerification.RefereneceTargetCalcuationOptinOut"/>
  <testcase name="target" time="2.411" classname="DataVerification.RefereneceTargetCalcuationOptinOut"/>
  <testcase name="target" time="2.726" classname="DataVerification.RefereneceTargetCalcuationOptinOut"/>
  <testcase name="target" time="8.456" classname="DataVerification.RefereneceTargetCalcuationOptinOut"/>
  <testcase name="target" time="0.297" classname="DataVerification.RefereneceTargetCalcuationOptinOut"/>
  <testcase name="target" time="1.781" classname="DataVerification.RefereneceTargetCalcuationOptinOut"/>
  <testcase name="target" time="0.181" classname="DataVerification.RefereneceTargetCalcuationOptinOut"/>
  <testcase name="target" time="1.281" classname="DataVerification.RefereneceTargetCalcuationOptinOut"/>
  <testcase name="target" time="2.293" classname="DataVerification.RefereneceTargetCalcuationOptinOut"/>
  <testcase name="target" time="0.090" classname="DataVerification.RefereneceTargetCalcuationOptinOut"/>
  <testcase name="target" time="1.312" classname="DataVerification.RefereneceTargetCalcuationOptinOut"/>
  <testcase name="target" time="1.635" classname="DataVerification.RefereneceTargetCalcuationOptinOut"/>
  <testcase name="target" time="4.488" classname="DataVerification.RefereneceTargetCalcuationOptinOut"/>
  <testcase name="target" time="1.378" classname="DataVerification.RefereneceTargetCalcuationOptinOut"/>
  <testcase name="target" time="2.438" classname="DataVerification.RefereneceTargetCalcuationOptinOut"/>
  <testcase name="target" time="0.427" classname="DataVerification.RefereneceTargetCalcuationOptinOut"/>
  <testcase name="target" time="1.274" classname="DataVerification.RefereneceTargetCalcuationOptinOut"/>
  <testcase name="target" time="6.846" classname="DataVerification.RefereneceTargetCalcuationOptinOut"/>
  <testcase name="target" time="0.107" classname="DataVerification.RefereneceTargetCalcuationOptinOut"/>
  <testcase name="target" time="0.066" classname="DataVerification.RefereneceTargetCalcuationOptinOut"/>
  <testcase name="target" time="0.101" classname="DataVerification.RefereneceTargetCalcuationOptinOut"/>
  <testcase name="target" time="0.242" classname="DataVerification.RefereneceTargetCalcuationOptinOut"/>
  <testcase name="target" time="2.245" classname="DataVerification.RefereneceTargetCalcuationOptinOut"/>
  <testcase name="target" time="23.108" classname="DataVerification.RefereneceTargetCalcuationOptinOut"/>
  <testcase name="target" time="2.077" classname="DataVerification.RefereneceTargetCalcuationOptinOut"/>
  <testcase name="target" time="1.363" classname="DataVerification.RefereneceTargetCalcuationOptinOut"/>
  <testcase name="target" time="1.377" classname="DataVerification.RefereneceTargetCalcuationOptinOut"/>
  <testcase name="target" time="1.012" classname="DataVerification.RefereneceTargetCalcuationOptinOut"/>
  <testcase name="target" time="0.092" classname="DataVerification.RefereneceTargetCalcuationOptinOut"/>
  <testcase name="target" time="2.484" classname="DataVerification.RefereneceTargetCalcuationOptinOut"/>
  <testcase name="target" time="2.184" classname="DataVerification.RefereneceTargetCalcuationOptinOut"/>
  <testcase name="target" time="2.692" classname="DataVerification.RefereneceTargetCalcuationOptinOut"/>
  <testcase name="target" time="0.310" classname="DataVerification.RefereneceTargetCalcuationOptinOut"/>
  <testcase name="target" time="1.246" classname="DataVerification.RefereneceTargetCalcuationOptinOut"/>
  <testcase name="target" time="7.293" classname="DataVerification.RefereneceTargetCalcuationOptinOut"/>
  <testcase name="target" time="0.505" classname="DataVerification.RefereneceTargetCalcuationOptinOut"/>
  <testcase name="target" time="19.895" classname="DataVerification.RefereneceTargetCalcuationOptinOut"/>
  <testcase name="target" time="3.989" classname="DataVerification.RefereneceTargetCalcuationOptinOut"/>
  <testcase name="target" time="4.157" classname="DataVerification.RefereneceTargetCalcuationOptinOut"/>
  <testcase name="target" time="1.516" classname="DataVerification.RefereneceTargetCalcuationOptinOut"/>
  <testcase name="target" time="2.063" classname="DataVerification.RefereneceTargetCalcuationOptinOut"/>
  <testcase name="target" time="1.651" classname="DataVerification.RefereneceTargetCalcuationOptinOut"/>
  <testcase name="target" time="0.153" classname="DataVerification.RefereneceTargetCalcuationOptinOut"/>
  <testcase name="target" time="2.180" classname="DataVerification.RefereneceTargetCalcuationOptinOut"/>
  <testcase name="target" time="0.220" classname="DataVerification.RefereneceTargetCalcuationOptinOut"/>
  <testcase name="target" time="19.040" classname="DataVerification.RefereneceTargetCalcuationOptinOut"/>
  <testcase name="target" time="1.647" classname="DataVerification.RefereneceTargetCalcuationOptinOut"/>
  <testcase name="target" time="0.313" classname="DataVerification.RefereneceTargetCalcuationOptinOut"/>
  <testcase name="target" time="3.921" classname="DataVerification.RefereneceTargetCalcuationOptinOut"/>
  <testcase name="target" time="2.271" classname="DataVerification.RefereneceTargetCalcuationOptinOut"/>
  <testcase name="target" time="2.201" classname="DataVerification.RefereneceTargetCalcuationOptinOut"/>
  <testcase name="target" time="0.109" classname="DataVerification.RefereneceTargetCalcuationOptinOut"/>
  <testcase name="target" time="2.610" classname="DataVerification.RefereneceTargetCalcuationOptinOut"/>
  <testcase name="target" time="13.317" classname="DataVerification.RefereneceTargetCalcuationOptinOut"/>
  <testcase name="target" time="0.414" classname="DataVerification.RefereneceTargetCalcuationOptinOut"/>
  <testcase name="target" time="1.801" classname="DataVerification.RefereneceTargetCalcuationOptinOut"/>
  <testcase name="target" time="1.951" classname="DataVerification.RefereneceTargetCalcuationOptinOut"/>
  <testcase name="target" time="0.177" classname="DataVerification.RefereneceTargetCalcuationOptinOut"/>
  <testcase name="target" time="3.015" classname="DataVerification.RefereneceTargetCalcuationOptinOut"/>
  <testcase name="target" time="2.765" classname="DataVerification.RefereneceTargetCalcuationOptinOut"/>
  <testcase name="target" time="1.563" classname="DataVerification.RefereneceTargetCalcuationOptinOut"/>
  <testcase name="target" time="9.843" classname="DataVerification.RefereneceTargetCalcuationOptinOut"/>
  <testcase name="target" time="0.686" classname="DataVerification.RefereneceTargetCalcuationOptinOut"/>
  <testcase name="target" time="1.135" classname="DataVerification.RefereneceTargetCalcuationOptinOut"/>
  <testcase name="target" time="2.769" classname="DataVerification.RefereneceTargetCalcuationOptinOut"/>
  <testcase name="target" time="3.128" classname="DataVerification.RefereneceTargetCalcuationOptinOut"/>
  <testcase name="target" time="4.095" classname="DataVerification.RefereneceTargetCalcuationOptinOut"/>
  <testcase name="target" time="0.158" classname="DataVerification.RefereneceTargetCalcuationOptinOut"/>
  <testcase name="target" time="1.164" classname="DataVerification.RefereneceTargetCalcuationOptinOut"/>
  <testcase name="target" time="3.045" classname="DataVerification.RefereneceTargetCalcuationOptinOut"/>
  <testcase name="target" time="4.317" classname="DataVerification.RefereneceTargetCalcuationOptinOut"/>
  <testcase name="target" time="5.230" classname="DataVerification.RefereneceTargetCalcuationOptinOut"/>
  <testcase name="target" time="2.162" classname="DataVerification.RefereneceTargetCalcuationOptinOut"/>
  <testcase name="target" time="3.566" classname="DataVerification.RefereneceTargetCalcuationOptinOut"/>
  <testcase name="target" time="16.645" classname="DataVerification.RefereneceTargetCalcuationOptinOut"/>
  <testcase name="target" time="4.177" classname="DataVerification.RefereneceTargetCalcuationOptinOut"/>
  <testcase name="target" time="1.359" classname="DataVerification.RefereneceTargetCalcuationOptinOut"/>
  <testcase name="target" time="3.388" classname="DataVerification.RefereneceTargetCalcuationOptinOut"/>
  <testcase name="target" time="2.534" classname="DataVerification.RefereneceTargetCalcuationOptinOut"/>
  <testcase name="target" time="0.300" classname="DataVerification.RefereneceTargetCalcuationOptinOut"/>
  <testcase name="target" time="3.428" classname="DataVerification.RefereneceTargetCalcuationOptinOut"/>
  <testcase name="target" time="0.114" classname="DataVerification.RefereneceTargetCalcuationOptinOut"/>
  <testcase name="target" time="2.190" classname="DataVerification.RefereneceTargetCalcuationOptinOut"/>
  <testcase name="target" time="4.099" classname="DataVerification.RefereneceTargetCalcuationOptinOut"/>
  <testcase name="target" time="0.264" classname="DataVerification.RefereneceTargetCalcuationOptinOut"/>
  <testcase name="target" time="1.169" classname="DataVerification.RefereneceTargetCalcuationOptinOut"/>
  <testcase name="target" time="2.110" classname="DataVerification.RefereneceTargetCalcuationOptinOut"/>
  <testcase name="target" time="1.194" classname="DataVerification.RefereneceTargetCalcuationOptinOut"/>
  <testcase name="target" time="2.803" classname="DataVerification.RefereneceTargetCalcuationOptinOut"/>
  <testcase name="target" time="0.106" classname="DataVerification.RefereneceTargetCalcuationOptinOut"/>
  <testcase name="target" time="0.507" classname="DataVerification.RefereneceTargetCalcuationOptinOut"/>
  <testcase name="target" time="0.108" classname="DataVerification.RefereneceTargetCalcuationOptinOut"/>
  <testcase name="target" time="2.819" classname="DataVerification.RefereneceTargetCalcuationOptinOut"/>
  <testcase name="target" time="3.791" classname="DataVerification.RefereneceTargetCalcuationOptinOut"/>
  <testcase name="target" time="1.591" classname="DataVerification.RefereneceTargetCalcuationOptinOut"/>
  <testcase name="target" time="1.149" classname="DataVerification.RefereneceTargetCalcuationOptinOut"/>
  <testcase name="target" time="3.081" classname="DataVerification.RefereneceTargetCalcuationOptinOut"/>
  <testcase name="target" time="0.111" classname="DataVerification.RefereneceTargetCalcuationOptinOut"/>
  <testcase name="target" time="9.411" classname="DataVerification.RefereneceTargetCalcuationOptinOut"/>
  <testcase name="target" time="2.196" classname="DataVerification.RefereneceTargetCalcuationOptinOut"/>
  <testcase name="target" time="1.164" classname="DataVerification.RefereneceTargetCalcuationOptinOut"/>
  <testcase name="target" time="3.541" classname="DataVerification.RefereneceTargetCalcuationOptinOut"/>
  <testcase name="target" time="1.514" classname="DataVerification.RefereneceTargetCalcuationOptinOut"/>
  <testcase name="target" time="0.296" classname="DataVerification.RefereneceTargetCalcuationOptinOut"/>
  <testcase name="target" time="3.657" classname="DataVerification.RefereneceTargetCalcuationOptinOut"/>
  <testcase name="target" time="0.088" classname="DataVerification.RefereneceTargetCalcuationOptinOut"/>
  <testcase name="target" time="0.886" classname="DataVerification.RefereneceTargetCalcuationOptinOut"/>
  <testcase name="target" time="0.330" classname="DataVerification.RefereneceTargetCalcuationOptinOut"/>
  <testcase name="target" time="3.369" classname="DataVerification.RefereneceTargetCalcuationOptinOut"/>
  <testcase name="target" time="1.649" classname="DataVerification.RefereneceTargetCalcuationOptinOut"/>
  <testcase name="target" time="2.041" classname="DataVerification.RefereneceTargetCalcuationOptinOut"/>
  <testcase name="target" time="1.464" classname="DataVerification.RefereneceTargetCalcuationOptinOut"/>
  <testcase name="target" time="3.091" classname="DataVerification.RefereneceTargetCalcuationOptinOut"/>
  <testcase name="target" time="0.230" classname="DataVerification.RefereneceTargetCalcuationOptinOut"/>
  <testcase name="target" time="2.482" classname="DataVerification.RefereneceTargetCalcuationOptinOut"/>
  <testcase name="target" time="0.123" classname="DataVerification.RefereneceTargetCalcuationOptinOut"/>
  <testcase name="target" time="6.128" classname="DataVerification.RefereneceTargetCalcuationOptinOut"/>
  <testcase name="target" time="1.836" classname="DataVerification.RefereneceTargetCalcuationOptinOut"/>
  <testcase name="target" time="1.238" classname="DataVerification.RefereneceTargetCalcuationOptinOut"/>
  <testcase name="target" time="7.244" classname="DataVerification.RefereneceTargetCalcuationOptinOut"/>
  <testcase name="target" time="1.823" classname="DataVerification.RefereneceTargetCalcuationOptinOut"/>
  <testcase name="target" time="0.094" classname="DataVerification.RefereneceTargetCalcuationOptinOut"/>
  <testcase name="target" time="1.176" classname="DataVerification.RefereneceTargetCalcuationOptinOut"/>
  <testcase name="target" time="1.906" classname="DataVerification.RefereneceTargetCalcuationOptinOut"/>
  <testcase name="target" time="1.061" classname="DataVerification.RefereneceTargetCalcuationOptinOut"/>
  <testcase name="target" time="0.316" classname="DataVerification.RefereneceTargetCalcuationOptinOut"/>
  <testcase name="target" time="0.655" classname="DataVerification.RefereneceTargetCalcuationOptinOut"/>
  <testcase name="target" time="2.124" classname="DataVerification.RefereneceTargetCalcuationOptinOut"/>
  <testcase name="target" time="0.756" classname="DataVerification.RefereneceTargetCalcuationOptinOut"/>
  <testcase name="target" time="5.870" classname="DataVerification.RefereneceTargetCalcuationOptinOut"/>
  <testcase name="target" time="0.080" classname="DataVerification.RefereneceTargetCalcuationOptinOut"/>
  <testcase name="target" time="0.825" classname="DataVerification.RefereneceTargetCalcuationOptinOut"/>
  <testcase name="target" time="2.843" classname="DataVerification.RefereneceTargetCalcuationOptinOut"/>
  <testcase name="target" time="4.767" classname="DataVerification.RefereneceTargetCalcuationOptinOut"/>
  <testcase name="target" time="0.996" classname="DataVerification.RefereneceTargetCalcuationOptinOut"/>
  <testcase name="target" time="4.155" classname="DataVerification.RefereneceTargetCalcuationOptinOut"/>
  <testcase name="target" time="4.323" classname="DataVerification.RefereneceTargetCalcuationOptinOut"/>
  <testcase name="target" time="3.143" classname="DataVerification.RefereneceTargetCalcuationOptinOut"/>
  <testcase name="target" time="0.533" classname="DataVerification.RefereneceTargetCalcuationOptinOut"/>
  <testcase name="target" time="18.065" classname="DataVerification.RefereneceTargetCalcuationOptinOut"/>
  <testcase name="target" time="0.163" classname="DataVerification.RefereneceTargetCalcuationOptinOut"/>
  <testcase name="target" time="5.705" classname="DataVerification.RefereneceTargetCalcuationOptinOut"/>
  <testcase name="target" time="4.179" classname="DataVerification.RefereneceTargetCalcuationOptinOut"/>
  <testcase name="target" time="0.320" classname="DataVerification.RefereneceTargetCalcuationOptinOut"/>
  <testcase name="target" time="0.475" classname="DataVerification.RefereneceTargetCalcuationOptinOut"/>
  <testcase name="target" time="1.682" classname="DataVerification.RefereneceTargetCalcuationOptinOut"/>
  <testcase name="target" time="0.446" classname="DataVerification.RefereneceTargetCalcuationOptinOut"/>
  <testcase name="target" time="4.232" classname="DataVerification.RefereneceTargetCalcuationOptinOut"/>
  <testcase name="target" time="1.154" classname="DataVerification.RefereneceTargetCalcuationOptinOut"/>
  <testcase name="target" time="6.566" classname="DataVerification.RefereneceTargetCalcuationOptinOut"/>
  <testcase name="target" time="0.308" classname="DataVerification.RefereneceTargetCalcuationOptinOut"/>
  <testcase name="target" time="4.047" classname="DataVerification.RefereneceTargetCalcuationOptinOut"/>
  <testcase name="target" time="0.372" classname="DataVerification.RefereneceTargetCalcuationOptinOut"/>
  <testcase name="target" time="0.094" classname="DataVerification.RefereneceTargetCalcuationOptinOut"/>
  <testcase name="target" time="2.555" classname="DataVerification.RefereneceTargetCalcuationOptinOut"/>
  <testcase name="target" time="0.161" classname="DataVerification.RefereneceTargetCalcuationOptinOut"/>
  <testcase name="target" time="4.587" classname="DataVerification.RefereneceTargetCalcuationOptinOut"/>
  <testcase name="target" time="2.857" classname="DataVerification.RefereneceTargetCalcuationOptinOut"/>
  <testcase name="target" time="0.390" classname="DataVerification.RefereneceTargetCalcuationOptinOut"/>
  <testcase name="target" time="2.590" classname="DataVerification.RefereneceTargetCalcuationOptinOut"/>
  <testcase name="target" time="1.420" classname="DataVerification.RefereneceTargetCalcuationOptinOut"/>
  <testcase name="target" time="0.167" classname="DataVerification.RefereneceTargetCalcuationOptinOut"/>
  <testcase name="target" time="0.532" classname="DataVerification.RefereneceTargetCalcuationOptinOut"/>
  <testcase name="target" time="4.823" classname="DataVerification.RefereneceTargetCalcuationOptinOut"/>
  <testcase name="target" time="1.275" classname="DataVerification.RefereneceTargetCalcuationOptinOut"/>
  <testcase name="target" time="5.625" classname="DataVerification.RefereneceTargetCalcuationOptinOut"/>
  <testcase name="target" time="1.766" classname="DataVerification.RefereneceTargetCalcuationOptinOut"/>
  <testcase name="target" time="1.158" classname="DataVerification.RefereneceTargetCalcuationOptinOut"/>
  <testcase name="target" time="1.423" classname="DataVerification.RefereneceTargetCalcuationOptinOut"/>
  <testcase name="target" time="0.132" classname="DataVerification.RefereneceTargetCalcuationOptinOut"/>
  <testcase name="target" time="6.560" classname="DataVerification.RefereneceTargetCalcuationOptinOut"/>
  <testcase name="target" time="2.803" classname="DataVerification.RefereneceTargetCalcuationOptinOut"/>
  <testcase name="target" time="2.433" classname="DataVerification.RefereneceTargetCalcuationOptinOut"/>
  <testcase name="target" time="1.380" classname="DataVerification.RefereneceTargetCalcuationOptinOut"/>
  <testcase name="target" time="1.960" classname="DataVerification.RefereneceTargetCalcuationOptinOut"/>
  <testcase name="target" time="3.483" classname="DataVerification.RefereneceTargetCalcuationOptinOut"/>
  <testcase name="target" time="1.600" classname="DataVerification.RefereneceTargetCalcuationOptinOut"/>
  <testcase name="target" time="0.159" classname="DataVerification.RefereneceTargetCalcuationOptinOut"/>
  <testcase name="target" time="0.344" classname="DataVerification.RefereneceTargetCalcuationOptinOut"/>
  <testcase name="target" time="3.495" classname="DataVerification.RefereneceTargetCalcuationOptinOut"/>
  <testcase name="target" time="10.028" classname="DataVerification.RefereneceTargetCalcuationOptinOut"/>
  <testcase name="target" time="1.019" classname="DataVerification.RefereneceTargetCalcuationOptinOut"/>
  <testcase name="target" time="0.334" classname="DataVerification.RefereneceTargetCalcuationOptinOut"/>
  <testcase name="target" time="0.245" classname="DataVerification.RefereneceTargetCalcuationOptinOut"/>
  <testcase name="target" time="1.671" classname="DataVerification.RefereneceTargetCalcuationOptinOut"/>
  <testcase name="target" time="3.217" classname="DataVerification.RefereneceTargetCalcuationOptinOut"/>
  <testcase name="target" time="1.315" classname="DataVerification.RefereneceTargetCalcuationOptinOut"/>
  <testcase name="target" time="0.108" classname="DataVerification.RefereneceTargetCalcuationOptinOut"/>
  <testcase name="target" time="0.323" classname="DataVerification.RefereneceTargetCalcuationOptinOut"/>
  <testcase name="target" time="1.563" classname="DataVerification.RefereneceTargetCalcuationOptinOut"/>
  <testcase name="target" time="0.481" classname="DataVerification.RefereneceTargetCalcuationOptinOut"/>
  <testcase name="target" time="0.101" classname="DataVerification.RefereneceTargetCalcuationOptinOut"/>
  <testcase name="target" time="1.176" classname="DataVerification.RefereneceTargetCalcuationOptinOut"/>
  <testcase name="target" time="2.202" classname="DataVerification.RefereneceTargetCalcuationOptinOut"/>
  <testcase name="target" time="3.814" classname="DataVerification.RefereneceTargetCalcuationOptinOut"/>
  <testcase name="target" time="1.718" classname="DataVerification.RefereneceTargetCalcuationOptinOut"/>
  <testcase name="target" time="1.942" classname="DataVerification.RefereneceTargetCalcuationOptinOut"/>
  <testcase name="target" time="0.121" classname="DataVerification.RefereneceTargetCalcuationOptinOut"/>
  <testcase name="target" time="0.287" classname="DataVerification.RefereneceTargetCalcuationOptinOut"/>
  <testcase name="target" time="0.839" classname="DataVerification.RefereneceTargetCalcuationOptinOut"/>
  <testcase name="target" time="1.876" classname="DataVerification.RefereneceTargetCalcuationOptinOut"/>
  <testcase name="target" time="17.517" classname="DataVerification.RefereneceTargetCalcuationOptinOut"/>
  <testcase name="target" time="0.169" classname="DataVerification.RefereneceTargetCalcuationOptinOut"/>
  <testcase name="target" time="2.635" classname="DataVerification.RefereneceTargetCalcuationOptinOut"/>
  <testcase name="target" time="2.199" classname="DataVerification.RefereneceTargetCalcuationOptinOut"/>
  <testcase name="target" time="4.076" classname="DataVerification.RefereneceTargetCalcuationOptinOut"/>
  <testcase name="target" time="4.385" classname="DataVerification.RefereneceTargetCalcuationOptinOut"/>
  <testcase name="target" time="1.234" classname="DataVerification.RefereneceTargetCalcuationOptinOut"/>
  <testcase name="target" time="1.563" classname="DataVerification.RefereneceTargetCalcuationOptinOut"/>
  <testcase name="target" time="1.979" classname="DataVerification.RefereneceTargetCalcuationOptinOut"/>
  <testcase name="target" time="0.178" classname="DataVerification.RefereneceTargetCalcuationOptinOut"/>
  <testcase name="target" time="0.101" classname="DataVerification.RefereneceTargetCalcuationOptinOut"/>
  <testcase name="target" time="1.506" classname="DataVerification.RefereneceTargetCalcuationOptinOut"/>
  <testcase name="target" time="0.622" classname="DataVerification.RefereneceTargetCalcuationOptinOut"/>
  <testcase name="target" time="3.481" classname="DataVerification.RefereneceTargetCalcuationOptinOut"/>
  <testcase name="target" time="2.976" classname="DataVerification.RefereneceTargetCalcuationOptinOut"/>
  <testcase name="target" time="2.323" classname="DataVerification.RefereneceTargetCalcuationOptinOut"/>
  <testcase name="target" time="0.106" classname="DataVerification.RefereneceTargetCalcuationOptinOut"/>
  <testcase name="target" time="3.480" classname="DataVerification.RefereneceTargetCalcuationOptinOut"/>
  <testcase name="target" time="10.777" classname="DataVerification.RefereneceTargetCalcuationOptinOut"/>
  <testcase name="target" time="0.670" classname="DataVerification.RefereneceTargetCalcuationOptinOut"/>
  <testcase name="target" time="0.087" classname="DataVerification.RefereneceTargetCalcuationOptinOut"/>
  <testcase name="target" time="14.884" classname="DataVerification.RefereneceTargetCalcuationOptinOut"/>
  <testcase name="target" time="0.165" classname="DataVerification.RefereneceTargetCalcuationOptinOut"/>
  <testcase name="target" time="0.203" classname="DataVerification.RefereneceTargetCalcuationOptinOut"/>
  <testcase name="target" time="1.227" classname="DataVerification.RefereneceTargetCalcuationOptinOut"/>
  <testcase name="target" time="1.068" classname="DataVerification.RefereneceTargetCalcuationOptinOut"/>
  <testcase name="target" time="2.186" classname="DataVerification.RefereneceTargetCalcuationOptinOut"/>
  <testcase name="target" time="1.905" classname="DataVerification.RefereneceTargetCalcuationOptinOut"/>
  <testcase name="target" time="0.109" classname="DataVerification.RefereneceTargetCalcuationOptinOut"/>
  <testcase name="target" time="4.675" classname="DataVerification.RefereneceTargetCalcuationOptinOut"/>
  <testcase name="target" time="11.519" classname="DataVerification.RefereneceTargetCalcuationOptinOut"/>
  <testcase name="target" time="0.138" classname="DataVerification.RefereneceTargetCalcuationOptinOut"/>
  <testcase name="target" time="2.813" classname="DataVerification.RefereneceTargetCalcuationOptinOut"/>
  <testcase name="target" time="0.150" classname="DataVerification.RefereneceTargetCalcuationOptinOut"/>
  <testcase name="target" time="0.262" classname="DataVerification.RefereneceTargetCalcuationOptinOut"/>
  <testcase name="target" time="32.847" classname="DataVerification.RefereneceTargetCalcuationOptinOut">
    <error type="java.sql.SQLException" message="Io exception: The Network Adapter could not establish the connection">
      <![CDATA[java.sql.SQLException: Io exception: The Network Adapter could not establish the connection
	at oracle.jdbc.driver.DatabaseError.throwSqlException(DatabaseError.java:113)
	at oracle.jdbc.driver.DatabaseError.throwSqlException(DatabaseError.java:147)
	at oracle.jdbc.driver.DatabaseError.throwSqlException(DatabaseError.java:257)
	at oracle.jdbc.driver.T4CConnection.logon(T4CConnection.java:389)
	at oracle.jdbc.driver.PhysicalConnection.<init>(PhysicalConnection.java:454)
	at oracle.jdbc.driver.T4CConnection.<init>(T4CConnection.java:165)
	at oracle.jdbc.driver.T4CDriverExtension.getConnection(T4CDriverExtension.java:35)
	at oracle.jdbc.driver.OracleDriver.connect(OracleDriver.java:802)
	at java.sql.DriverManager.getConnection(Unknown Source)
	at java.sql.DriverManager.getConnection(Unknown Source)
	at DataVerification.RefereneceTargetCalcuationOptinOut.verify(RefereneceTargetCalcuationOptinOut.java:195)
	at DataVerification.RefereneceTargetCalcuationOptinOut.target(RefereneceTargetCalcuationOptinOut.java:120)
	at sun.reflect.GeneratedMethodAccessor3.invoke(Unknown Source)
	at sun.reflect.DelegatingMethodAccessorImpl.invoke(Unknown Source)
	at java.lang.reflect.Method.invoke(Unknown Source)
	at org.testng.internal.MethodInvocationHelper.invokeMethod(MethodInvocationHelper.java:85)
	at org.testng.internal.Invoker.invokeMethod(Invoker.java:639)
	at org.testng.internal.Invoker.invokeTestMethod(Invoker.java:816)
	at org.testng.internal.Invoker.invokeTestMethods(Invoker.java:1124)
	at org.testng.internal.TestMethodWorker.invokeTestMethods(TestMethodWorker.java:125)
	at org.testng.internal.TestMethodWorker.run(TestMethodWorker.java:108)
	at org.testng.TestRunner.privateRun(TestRunner.java:774)
	at org.testng.TestRunner.run(TestRunner.java:624)
	at org.testng.SuiteRunner.runTest(SuiteRunner.java:359)
	at org.testng.SuiteRunner.runSequentially(SuiteRunner.java:354)
	at org.testng.SuiteRunner.privateRun(SuiteRunner.java:312)
	at org.testng.SuiteRunner.run(SuiteRunner.java:261)
	at org.testng.SuiteRunnerWorker.runSuite(SuiteRunnerWorker.java:52)
	at org.testng.SuiteRunnerWorker.run(SuiteRunnerWorker.java:86)
	at org.testng.TestNG.runSuitesSequentially(TestNG.java:1215)
	at org.testng.TestNG.runSuitesLocally(TestNG.java:1140)
	at org.testng.TestNG.run(TestNG.java:1048)
	at org.testng.remote.AbstractRemoteTestNG.run(AbstractRemoteTestNG.java:132)
	at org.testng.remote.RemoteTestNG.initAndRun(RemoteTestNG.java:236)
	at org.testng.remote.RemoteTestNG.main(RemoteTestNG.java:81)
]]>
    </error>
  </testcase> <!-- target -->
  <testcase name="target" time="2.067" classname="DataVerification.RefereneceTargetCalcuationOptinOut"/>
  <testcase name="target" time="0.111" classname="DataVerification.RefereneceTargetCalcuationOptinOut"/>
  <testcase name="target" time="0.526" classname="DataVerification.RefereneceTargetCalcuationOptinOut"/>
  <testcase name="target" time="1.514" classname="DataVerification.RefereneceTargetCalcuationOptinOut"/>
  <testcase name="target" time="0.240" classname="DataVerification.RefereneceTargetCalcuationOptinOut"/>
  <testcase name="target" time="3.677" classname="DataVerification.RefereneceTargetCalcuationOptinOut"/>
  <testcase name="target" time="20.882" classname="DataVerification.RefereneceTargetCalcuationOptinOut"/>
  <testcase name="target" time="3.652" classname="DataVerification.RefereneceTargetCalcuationOptinOut"/>
  <testcase name="target" time="22.802" classname="DataVerification.RefereneceTargetCalcuationOptinOut"/>
  <testcase name="target" time="4.535" classname="DataVerification.RefereneceTargetCalcuationOptinOut"/>
  <testcase name="target" time="1.601" classname="DataVerification.RefereneceTargetCalcuationOptinOut"/>
  <testcase name="target" time="2.708" classname="DataVerification.RefereneceTargetCalcuationOptinOut"/>
  <testcase name="target" time="1.761" classname="DataVerification.RefereneceTargetCalcuationOptinOut"/>
  <testcase name="target" time="1.298" classname="DataVerification.RefereneceTargetCalcuationOptinOut"/>
  <testcase name="target" time="1.028" classname="DataVerification.RefereneceTargetCalcuationOptinOut"/>
  <testcase name="target" time="2.426" classname="DataVerification.RefereneceTargetCalcuationOptinOut"/>
  <testcase name="target" time="0.335" classname="DataVerification.RefereneceTargetCalcuationOptinOut"/>
  <testcase name="target" time="1.064" classname="DataVerification.RefereneceTargetCalcuationOptinOut"/>
  <testcase name="target" time="0.137" classname="DataVerification.RefereneceTargetCalcuationOptinOut"/>
  <testcase name="target" time="1.138" classname="DataVerification.RefereneceTargetCalcuationOptinOut"/>
  <testcase name="target" time="2.149" classname="DataVerification.RefereneceTargetCalcuationOptinOut"/>
  <testcase name="target" time="0.348" classname="DataVerification.RefereneceTargetCalcuationOptinOut"/>
  <testcase name="target" time="0.101" classname="DataVerification.RefereneceTargetCalcuationOptinOut"/>
  <testcase name="target" time="0.089" classname="DataVerification.RefereneceTargetCalcuationOptinOut"/>
  <testcase name="target" time="0.131" classname="DataVerification.RefereneceTargetCalcuationOptinOut"/>
  <testcase name="target" time="4.285" classname="DataVerification.RefereneceTargetCalcuationOptinOut"/>
  <testcase name="target" time="2.176" classname="DataVerification.RefereneceTargetCalcuationOptinOut"/>
  <testcase name="target" time="1.734" classname="DataVerification.RefereneceTargetCalcuationOptinOut"/>
  <testcase name="target" time="3.230" classname="DataVerification.RefereneceTargetCalcuationOptinOut"/>
  <testcase name="target" time="0.914" classname="DataVerification.RefereneceTargetCalcuationOptinOut"/>
  <testcase name="target" time="1.615" classname="DataVerification.RefereneceTargetCalcuationOptinOut"/>
  <testcase name="target" time="0.122" classname="DataVerification.RefereneceTargetCalcuationOptinOut"/>
  <testcase name="target" time="13.908" classname="DataVerification.RefereneceTargetCalcuationOptinOut"/>
  <testcase name="target" time="0.876" classname="DataVerification.RefereneceTargetCalcuationOptinOut"/>
  <testcase name="target" time="0.749" classname="DataVerification.RefereneceTargetCalcuationOptinOut"/>
  <testcase name="target" time="1.807" classname="DataVerification.RefereneceTargetCalcuationOptinOut"/>
  <testcase name="target" time="2.009" classname="DataVerification.RefereneceTargetCalcuationOptinOut"/>
  <testcase name="target" time="5.929" classname="DataVerification.RefereneceTargetCalcuationOptinOut"/>
  <testcase name="target" time="0.389" classname="DataVerification.RefereneceTargetCalcuationOptinOut"/>
  <testcase name="target" time="5.152" classname="DataVerification.RefereneceTargetCalcuationOptinOut"/>
  <testcase name="target" time="0.447" classname="DataVerification.RefereneceTargetCalcuationOptinOut"/>
  <testcase name="target" time="3.401" classname="DataVerification.RefereneceTargetCalcuationOptinOut"/>
  <testcase name="target" time="0.377" classname="DataVerification.RefereneceTargetCalcuationOptinOut"/>
  <testcase name="target" time="0.124" classname="DataVerification.RefereneceTargetCalcuationOptinOut"/>
  <testcase name="target" time="2.154" classname="DataVerification.RefereneceTargetCalcuationOptinOut"/>
  <testcase name="target" time="0.069" classname="DataVerification.RefereneceTargetCalcuationOptinOut"/>
  <testcase name="target" time="0.309" classname="DataVerification.RefereneceTargetCalcuationOptinOut"/>
  <testcase name="target" time="0.999" classname="DataVerification.RefereneceTargetCalcuationOptinOut"/>
  <testcase name="target" time="16.896" classname="DataVerification.RefereneceTargetCalcuationOptinOut"/>
  <testcase name="target" time="17.557" classname="DataVerification.RefereneceTargetCalcuationOptinOut"/>
  <testcase name="target" time="2.470" classname="DataVerification.RefereneceTargetCalcuationOptinOut"/>
  <testcase name="target" time="0.097" classname="DataVerification.RefereneceTargetCalcuationOptinOut"/>
  <testcase name="target" time="4.069" classname="DataVerification.RefereneceTargetCalcuationOptinOut"/>
  <testcase name="target" time="24.890" classname="DataVerification.RefereneceTargetCalcuationOptinOut"/>
  <testcase name="target" time="2.137" classname="DataVerification.RefereneceTargetCalcuationOptinOut"/>
  <testcase name="target" time="2.177" classname="DataVerification.RefereneceTargetCalcuationOptinOut"/>
  <testcase name="target" time="1.325" classname="DataVerification.RefereneceTargetCalcuationOptinOut"/>
  <testcase name="target" time="0.109" classname="DataVerification.RefereneceTargetCalcuationOptinOut"/>
  <testcase name="target" time="3.665" classname="DataVerification.RefereneceTargetCalcuationOptinOut"/>
  <testcase name="target" time="0.763" classname="DataVerification.RefereneceTargetCalcuationOptinOut"/>
  <testcase name="target" time="1.688" classname="DataVerification.RefereneceTargetCalcuationOptinOut"/>
  <testcase name="target" time="1.443" classname="DataVerification.RefereneceTargetCalcuationOptinOut"/>
  <testcase name="target" time="1.195" classname="DataVerification.RefereneceTargetCalcuationOptinOut"/>
  <testcase name="target" time="0.116" classname="DataVerification.RefereneceTargetCalcuationOptinOut"/>
  <testcase name="target" time="0.107" classname="DataVerification.RefereneceTargetCalcuationOptinOut"/>
  <testcase name="target" time="2.358" classname="DataVerification.RefereneceTargetCalcuationOptinOut"/>
  <testcase name="target" time="1.254" classname="DataVerification.RefereneceTargetCalcuationOptinOut"/>
  <testcase name="target" time="0.103" classname="DataVerification.RefereneceTargetCalcuationOptinOut"/>
  <testcase name="target" time="1.622" classname="DataVerification.RefereneceTargetCalcuationOptinOut"/>
  <testcase name="target" time="5.172" classname="DataVerification.RefereneceTargetCalcuationOptinOut"/>
  <testcase name="target" time="2.985" classname="DataVerification.RefereneceTargetCalcuationOptinOut"/>
  <testcase name="target" time="1.261" classname="DataVerification.RefereneceTargetCalcuationOptinOut"/>
  <testcase name="target" time="0.457" classname="DataVerification.RefereneceTargetCalcuationOptinOut"/>
  <testcase name="target" time="0.119" classname="DataVerification.RefereneceTargetCalcuationOptinOut"/>
  <testcase name="target" time="1.859" classname="DataVerification.RefereneceTargetCalcuationOptinOut"/>
  <testcase name="target" time="2.885" classname="DataVerification.RefereneceTargetCalcuationOptinOut"/>
  <testcase name="target" time="0.079" classname="DataVerification.RefereneceTargetCalcuationOptinOut"/>
  <testcase name="target" time="0.187" classname="DataVerification.RefereneceTargetCalcuationOptinOut"/>
  <testcase name="target" time="2.178" classname="DataVerification.RefereneceTargetCalcuationOptinOut"/>
  <testcase name="target" time="3.474" classname="DataVerification.RefereneceTargetCalcuationOptinOut"/>
  <testcase name="target" time="6.902" classname="DataVerification.RefereneceTargetCalcuationOptinOut"/>
  <testcase name="target" time="10.776" classname="DataVerification.RefereneceTargetCalcuationOptinOut"/>
  <testcase name="target" time="2.877" classname="DataVerification.RefereneceTargetCalcuationOptinOut"/>
  <testcase name="target" time="19.536" classname="DataVerification.RefereneceTargetCalcuationOptinOut"/>
  <testcase name="target" time="0.220" classname="DataVerification.RefereneceTargetCalcuationOptinOut"/>
  <testcase name="target" time="0.117" classname="DataVerification.RefereneceTargetCalcuationOptinOut"/>
  <testcase name="target" time="2.750" classname="DataVerification.RefereneceTargetCalcuationOptinOut"/>
  <testcase name="target" time="2.192" classname="DataVerification.RefereneceTargetCalcuationOptinOut"/>
  <testcase name="target" time="2.164" classname="DataVerification.RefereneceTargetCalcuationOptinOut"/>
  <testcase name="target" time="1.060" classname="DataVerification.RefereneceTargetCalcuationOptinOut"/>
  <testcase name="target" time="0.197" classname="DataVerification.RefereneceTargetCalcuationOptinOut"/>
  <testcase name="target" time="0.121" classname="DataVerification.RefereneceTargetCalcuationOptinOut"/>
  <testcase name="target" time="0.160" classname="DataVerification.RefereneceTargetCalcuationOptinOut"/>
  <testcase name="target" time="0.097" classname="DataVerification.RefereneceTargetCalcuationOptinOut"/>
  <testcase name="target" time="0.095" classname="DataVerification.RefereneceTargetCalcuationOptinOut"/>
  <testcase name="target" time="0.088" classname="DataVerification.RefereneceTargetCalcuationOptinOut"/>
  <testcase name="target" time="0.333" classname="DataVerification.RefereneceTargetCalcuationOptinOut"/>
  <testcase name="target" time="5.049" classname="DataVerification.RefereneceTargetCalcuationOptinOut"/>
  <testcase name="target" time="3.077" classname="DataVerification.RefereneceTargetCalcuationOptinOut"/>
  <testcase name="target" time="0.534" classname="DataVerification.RefereneceTargetCalcuationOptinOut"/>
  <testcase name="target" time="0.082" classname="DataVerification.RefereneceTargetCalcuationOptinOut"/>
  <testcase name="target" time="5.046" classname="DataVerification.RefereneceTargetCalcuationOptinOut"/>
  <testcase name="target" time="1.926" classname="DataVerification.RefereneceTargetCalcuationOptinOut"/>
  <testcase name="target" time="1.845" classname="DataVerification.RefereneceTargetCalcuationOptinOut"/>
  <testcase name="target" time="1.158" classname="DataVerification.RefereneceTargetCalcuationOptinOut"/>
  <testcase name="target" time="0.252" classname="DataVerification.RefereneceTargetCalcuationOptinOut"/>
  <testcase name="target" time="2.746" classname="DataVerification.RefereneceTargetCalcuationOptinOut"/>
  <testcase name="target" time="3.283" classname="DataVerification.RefereneceTargetCalcuationOptinOut"/>
  <testcase name="target" time="1.977" classname="DataVerification.RefereneceTargetCalcuationOptinOut"/>
  <testcase name="target" time="0.362" classname="DataVerification.RefereneceTargetCalcuationOptinOut"/>
  <testcase name="target" time="0.310" classname="DataVerification.RefereneceTargetCalcuationOptinOut"/>
  <testcase name="target" time="1.634" classname="DataVerification.RefereneceTargetCalcuationOptinOut"/>
  <testcase name="target" time="0.204" classname="DataVerification.RefereneceTargetCalcuationOptinOut"/>
  <testcase name="target" time="3.864" classname="DataVerification.RefereneceTargetCalcuationOptinOut"/>
  <testcase name="target" time="0.253" classname="DataVerification.RefereneceTargetCalcuationOptinOut"/>
  <testcase name="target" time="0.119" classname="DataVerification.RefereneceTargetCalcuationOptinOut"/>
  <testcase name="target" time="0.188" classname="DataVerification.RefereneceTargetCalcuationOptinOut"/>
  <testcase name="target" time="2.054" classname="DataVerification.RefereneceTargetCalcuationOptinOut"/>
  <testcase name="target" time="7.799" classname="DataVerification.RefereneceTargetCalcuationOptinOut"/>
  <testcase name="target" time="4.229" classname="DataVerification.RefereneceTargetCalcuationOptinOut"/>
  <testcase name="target" time="0.411" classname="DataVerification.RefereneceTargetCalcuationOptinOut"/>
  <testcase name="target" time="0.921" classname="DataVerification.RefereneceTargetCalcuationOptinOut"/>
  <testcase name="target" time="0.989" classname="DataVerification.RefereneceTargetCalcuationOptinOut"/>
  <testcase name="target" time="2.931" classname="DataVerification.RefereneceTargetCalcuationOptinOut"/>
  <testcase name="target" time="4.929" classname="DataVerification.RefereneceTargetCalcuationOptinOut"/>
  <testcase name="target" time="0.123" classname="DataVerification.RefereneceTargetCalcuationOptinOut"/>
  <testcase name="target" time="1.331" classname="DataVerification.RefereneceTargetCalcuationOptinOut"/>
  <testcase name="target" time="0.971" classname="DataVerification.RefereneceTargetCalcuationOptinOut"/>
  <testcase name="target" time="0.517" classname="DataVerification.RefereneceTargetCalcuationOptinOut"/>
  <testcase name="target" time="0.348" classname="DataVerification.RefereneceTargetCalcuationOptinOut"/>
  <testcase name="target" time="3.181" classname="DataVerification.RefereneceTargetCalcuationOptinOut"/>
  <testcase name="target" time="0.175" classname="DataVerification.RefereneceTargetCalcuationOptinOut"/>
  <testcase name="target" time="13.103" classname="DataVerification.RefereneceTargetCalcuationOptinOut"/>
  <testcase name="target" time="3.426" classname="DataVerification.RefereneceTargetCalcuationOptinOut"/>
  <testcase name="target" time="0.113" classname="DataVerification.RefereneceTargetCalcuationOptinOut"/>
  <testcase name="target" time="1.627" classname="DataVerification.RefereneceTargetCalcuationOptinOut"/>
  <testcase name="target" time="3.272" classname="DataVerification.RefereneceTargetCalcuationOptinOut"/>
  <testcase name="target" time="8.010" classname="DataVerification.RefereneceTargetCalcuationOptinOut"/>
  <testcase name="target" time="1.692" classname="DataVerification.RefereneceTargetCalcuationOptinOut"/>
  <testcase name="target" time="1.692" classname="DataVerification.RefereneceTargetCalcuationOptinOut"/>
  <testcase name="target" time="0.082" classname="DataVerification.RefereneceTargetCalcuationOptinOut"/>
  <testcase name="target" time="1.640" classname="DataVerification.RefereneceTargetCalcuationOptinOut"/>
  <testcase name="target" time="3.703" classname="DataVerification.RefereneceTargetCalcuationOptinOut"/>
  <testcase name="target" time="0.147" classname="DataVerification.RefereneceTargetCalcuationOptinOut"/>
  <testcase name="target" time="0.925" classname="DataVerification.RefereneceTargetCalcuationOptinOut"/>
  <testcase name="target" time="1.159" classname="DataVerification.RefereneceTargetCalcuationOptinOut"/>
  <testcase name="target" time="15.896" classname="DataVerification.RefereneceTargetCalcuationOptinOut"/>
  <testcase name="target" time="2.913" classname="DataVerification.RefereneceTargetCalcuationOptinOut"/>
  <testcase name="target" time="0.982" classname="DataVerification.RefereneceTargetCalcuationOptinOut"/>
  <testcase name="target" time="0.175" classname="DataVerification.RefereneceTargetCalcuationOptinOut"/>
  <testcase name="target" time="0.112" classname="DataVerification.RefereneceTargetCalcuationOptinOut"/>
  <testcase name="target" time="0.299" classname="DataVerification.RefereneceTargetCalcuationOptinOut"/>
  <testcase name="target" time="2.771" classname="DataVerification.RefereneceTargetCalcuationOptinOut"/>
  <testcase name="target" time="3.076" classname="DataVerification.RefereneceTargetCalcuationOptinOut"/>
  <testcase name="target" time="0.207" classname="DataVerification.RefereneceTargetCalcuationOptinOut"/>
  <testcase name="target" time="1.878" classname="DataVerification.RefereneceTargetCalcuationOptinOut"/>
  <testcase name="target" time="3.159" classname="DataVerification.RefereneceTargetCalcuationOptinOut"/>
  <testcase name="target" time="2.504" classname="DataVerification.RefereneceTargetCalcuationOptinOut"/>
  <testcase name="target" time="3.171" classname="DataVerification.RefereneceTargetCalcuationOptinOut"/>
  <testcase name="target" time="3.600" classname="DataVerification.RefereneceTargetCalcuationOptinOut"/>
  <testcase name="target" time="2.127" classname="DataVerification.RefereneceTargetCalcuationOptinOut"/>
  <testcase name="target" time="0.112" classname="DataVerification.RefereneceTargetCalcuationOptinOut"/>
  <testcase name="target" time="0.204" classname="DataVerification.RefereneceTargetCalcuationOptinOut"/>
  <testcase name="target" time="5.109" classname="DataVerification.RefereneceTargetCalcuationOptinOut"/>
  <testcase name="target" time="4.918" classname="DataVerification.RefereneceTargetCalcuationOptinOut"/>
  <testcase name="target" time="1.039" classname="DataVerification.RefereneceTargetCalcuationOptinOut"/>
  <testcase name="target" time="0.206" classname="DataVerification.RefereneceTargetCalcuationOptinOut"/>
  <testcase name="target" time="13.070" classname="DataVerification.RefereneceTargetCalcuationOptinOut"/>
  <testcase name="target" time="2.021" classname="DataVerification.RefereneceTargetCalcuationOptinOut"/>
  <testcase name="target" time="4.079" classname="DataVerification.RefereneceTargetCalcuationOptinOut"/>
  <testcase name="target" time="2.311" classname="DataVerification.RefereneceTargetCalcuationOptinOut"/>
  <testcase name="target" time="1.846" classname="DataVerification.RefereneceTargetCalcuationOptinOut"/>
  <testcase name="target" time="1.330" classname="DataVerification.RefereneceTargetCalcuationOptinOut"/>
  <testcase name="target" time="0.150" classname="DataVerification.RefereneceTargetCalcuationOptinOut"/>
  <testcase name="target" time="1.423" classname="DataVerification.RefereneceTargetCalcuationOptinOut"/>
  <testcase name="target" time="1.880" classname="DataVerification.RefereneceTargetCalcuationOptinOut"/>
  <testcase name="target" time="1.745" classname="DataVerification.RefereneceTargetCalcuationOptinOut"/>
  <testcase name="target" time="0.569" classname="DataVerification.RefereneceTargetCalcuationOptinOut"/>
  <testcase name="target" time="1.820" classname="DataVerification.RefereneceTargetCalcuationOptinOut"/>
  <testcase name="target" time="2.380" classname="DataVerification.RefereneceTargetCalcuationOptinOut"/>
  <testcase name="target" time="2.812" classname="DataVerification.RefereneceTargetCalcuationOptinOut"/>
  <testcase name="target" time="1.290" classname="DataVerification.RefereneceTargetCalcuationOptinOut"/>
  <testcase name="target" time="1.272" classname="DataVerification.RefereneceTargetCalcuationOptinOut"/>
  <testcase name="target" time="1.776" classname="DataVerification.RefereneceTargetCalcuationOptinOut"/>
  <testcase name="target" time="4.322" classname="DataVerification.RefereneceTargetCalcuationOptinOut"/>
  <testcase name="target" time="0.229" classname="DataVerification.RefereneceTargetCalcuationOptinOut"/>
  <testcase name="target" time="4.917" classname="DataVerification.RefereneceTargetCalcuationOptinOut"/>
  <testcase name="target" time="0.319" classname="DataVerification.RefereneceTargetCalcuationOptinOut"/>
  <testcase name="target" time="0.399" classname="DataVerification.RefereneceTargetCalcuationOptinOut"/>
  <testcase name="target" time="0.166" classname="DataVerification.RefereneceTargetCalcuationOptinOut"/>
  <testcase name="target" time="1.133" classname="DataVerification.RefereneceTargetCalcuationOptinOut"/>
  <testcase name="target" time="0.260" classname="DataVerification.RefereneceTargetCalcuationOptinOut"/>
  <testcase name="target" time="0.391" classname="DataVerification.RefereneceTargetCalcuationOptinOut"/>
  <testcase name="target" time="3.063" classname="DataVerification.RefereneceTargetCalcuationOptinOut"/>
  <testcase name="target" time="1.602" classname="DataVerification.RefereneceTargetCalcuationOptinOut"/>
  <testcase name="target" time="2.185" classname="DataVerification.RefereneceTargetCalcuationOptinOut"/>
  <testcase name="target" time="4.049" classname="DataVerification.RefereneceTargetCalcuationOptinOut"/>
  <testcase name="target" time="0.166" classname="DataVerification.RefereneceTargetCalcuationOptinOut"/>
  <testcase name="target" time="1.789" classname="DataVerification.RefereneceTargetCalcuationOptinOut"/>
  <testcase name="target" time="2.474" classname="DataVerification.RefereneceTargetCalcuationOptinOut"/>
  <testcase name="target" time="2.348" classname="DataVerification.RefereneceTargetCalcuationOptinOut"/>
  <testcase name="target" time="0.990" classname="DataVerification.RefereneceTargetCalcuationOptinOut"/>
  <testcase name="target" time="2.514" classname="DataVerification.RefereneceTargetCalcuationOptinOut"/>
  <testcase name="target" time="0.412" classname="DataVerification.RefereneceTargetCalcuationOptinOut"/>
  <testcase name="target" time="0.675" classname="DataVerification.RefereneceTargetCalcuationOptinOut"/>
  <testcase name="target" time="2.731" classname="DataVerification.RefereneceTargetCalcuationOptinOut"/>
  <testcase name="target" time="4.014" classname="DataVerification.RefereneceTargetCalcuationOptinOut"/>
  <testcase name="target" time="0.380" classname="DataVerification.RefereneceTargetCalcuationOptinOut"/>
  <testcase name="target" time="0.098" classname="DataVerification.RefereneceTargetCalcuationOptinOut"/>
  <testcase name="target" time="3.717" classname="DataVerification.RefereneceTargetCalcuationOptinOut"/>
  <testcase name="target" time="0.928" classname="DataVerification.RefereneceTargetCalcuationOptinOut"/>
  <testcase name="target" time="3.049" classname="DataVerification.RefereneceTargetCalcuationOptinOut"/>
  <testcase name="target" time="0.218" classname="DataVerification.RefereneceTargetCalcuationOptinOut"/>
  <testcase name="target" time="1.565" classname="DataVerification.RefereneceTargetCalcuationOptinOut"/>
  <testcase name="target" time="0.833" classname="DataVerification.RefereneceTargetCalcuationOptinOut"/>
  <testcase name="target" time="26.185" classname="DataVerification.RefereneceTargetCalcuationOptinOut"/>
  <testcase name="target" time="1.007" classname="DataVerification.RefereneceTargetCalcuationOptinOut"/>
  <testcase name="target" time="3.252" classname="DataVerification.RefereneceTargetCalcuationOptinOut"/>
  <testcase name="target" time="2.351" classname="DataVerification.RefereneceTargetCalcuationOptinOut"/>
  <testcase name="target" time="1.317" classname="DataVerification.RefereneceTargetCalcuationOptinOut"/>
  <testcase name="target" time="0.541" classname="DataVerification.RefereneceTargetCalcuationOptinOut"/>
  <testcase name="target" time="0.149" classname="DataVerification.RefereneceTargetCalcuationOptinOut"/>
  <testcase name="target" time="4.395" classname="DataVerification.RefereneceTargetCalcuationOptinOut"/>
  <testcase name="target" time="0.124" classname="DataVerification.RefereneceTargetCalcuationOptinOut"/>
  <testcase name="target" time="2.020" classname="DataVerification.RefereneceTargetCalcuationOptinOut"/>
  <testcase name="target" time="0.134" classname="DataVerification.RefereneceTargetCalcuationOptinOut"/>
  <testcase name="target" time="1.405" classname="DataVerification.RefereneceTargetCalcuationOptinOut"/>
  <testcase name="target" time="1.554" classname="DataVerification.RefereneceTargetCalcuationOptinOut"/>
  <testcase name="target" time="1.805" classname="DataVerification.RefereneceTargetCalcuationOptinOut"/>
  <testcase name="target" time="1.451" classname="DataVerification.RefereneceTargetCalcuationOptinOut"/>
  <testcase name="target" time="2.381" classname="DataVerification.RefereneceTargetCalcuationOptinOut"/>
  <testcase name="target" time="0.427" classname="DataVerification.RefereneceTargetCalcuationOptinOut"/>
  <testcase name="target" time="1.079" classname="DataVerification.RefereneceTargetCalcuationOptinOut"/>
  <testcase name="target" time="0.662" classname="DataVerification.RefereneceTargetCalcuationOptinOut"/>
  <testcase name="target" time="2.080" classname="DataVerification.RefereneceTargetCalcuationOptinOut"/>
  <testcase name="target" time="0.306" classname="DataVerification.RefereneceTargetCalcuationOptinOut"/>
  <testcase name="target" time="2.309" classname="DataVerification.RefereneceTargetCalcuationOptinOut"/>
  <testcase name="target" time="1.946" classname="DataVerification.RefereneceTargetCalcuationOptinOut"/>
  <testcase name="target" time="0.902" classname="DataVerification.RefereneceTargetCalcuationOptinOut"/>
  <testcase name="target" time="2.994" classname="DataVerification.RefereneceTargetCalcuationOptinOut"/>
  <testcase name="target" time="0.165" classname="DataVerification.RefereneceTargetCalcuationOptinOut"/>
  <testcase name="target" time="4.061" classname="DataVerification.RefereneceTargetCalcuationOptinOut"/>
  <testcase name="target" time="2.301" classname="DataVerification.RefereneceTargetCalcuationOptinOut"/>
  <testcase name="target" time="2.415" classname="DataVerification.RefereneceTargetCalcuationOptinOut"/>
  <testcase name="target" time="1.789" classname="DataVerification.RefereneceTargetCalcuationOptinOut"/>
  <testcase name="target" time="3.579" classname="DataVerification.RefereneceTargetCalcuationOptinOut"/>
  <testcase name="target" time="0.086" classname="DataVerification.RefereneceTargetCalcuationOptinOut"/>
  <testcase name="target" time="3.475" classname="DataVerification.RefereneceTargetCalcuationOptinOut"/>
  <testcase name="target" time="1.794" classname="DataVerification.RefereneceTargetCalcuationOptinOut"/>
  <testcase name="target" time="1.325" classname="DataVerification.RefereneceTargetCalcuationOptinOut"/>
  <testcase name="target" time="1.457" classname="DataVerification.RefereneceTargetCalcuationOptinOut"/>
  <testcase name="target" time="0.433" classname="DataVerification.RefereneceTargetCalcuationOptinOut"/>
  <testcase name="target" time="3.840" classname="DataVerification.RefereneceTargetCalcuationOptinOut"/>
  <testcase name="target" time="2.099" classname="DataVerification.RefereneceTargetCalcuationOptinOut"/>
  <testcase name="target" time="2.476" classname="DataVerification.RefereneceTargetCalcuationOptinOut"/>
  <testcase name="target" time="4.592" classname="DataVerification.RefereneceTargetCalcuationOptinOut"/>
  <testcase name="target" time="0.333" classname="DataVerification.RefereneceTargetCalcuationOptinOut"/>
  <testcase name="target" time="1.158" classname="DataVerification.RefereneceTargetCalcuationOptinOut"/>
  <testcase name="target" time="0.718" classname="DataVerification.RefereneceTargetCalcuationOptinOut"/>
  <testcase name="target" time="7.053" classname="DataVerification.RefereneceTargetCalcuationOptinOut"/>
  <testcase name="target" time="14.512" classname="DataVerification.RefereneceTargetCalcuationOptinOut"/>
  <testcase name="target" time="3.277" classname="DataVerification.RefereneceTargetCalcuationOptinOut"/>
  <testcase name="target" time="0.985" classname="DataVerification.RefereneceTargetCalcuationOptinOut"/>
  <testcase name="target" time="4.433" classname="DataVerification.RefereneceTargetCalcuationOptinOut"/>
  <testcase name="target" time="2.117" classname="DataVerification.RefereneceTargetCalcuationOptinOut"/>
  <testcase name="target" time="2.809" classname="DataVerification.RefereneceTargetCalcuationOptinOut"/>
  <testcase name="target" time="0.811" classname="DataVerification.RefereneceTargetCalcuationOptinOut"/>
  <testcase name="target" time="1.832" classname="DataVerification.RefereneceTargetCalcuationOptinOut"/>
  <testcase name="target" time="2.441" classname="DataVerification.RefereneceTargetCalcuationOptinOut"/>
  <testcase name="target" time="0.121" classname="DataVerification.RefereneceTargetCalcuationOptinOut"/>
  <testcase name="target" time="2.710" classname="DataVerification.RefereneceTargetCalcuationOptinOut"/>
  <testcase name="target" time="1.174" classname="DataVerification.RefereneceTargetCalcuationOptinOut"/>
  <testcase name="target" time="1.100" classname="DataVerification.RefereneceTargetCalcuationOptinOut"/>
  <testcase name="target" time="0.307" classname="DataVerification.RefereneceTargetCalcuationOptinOut"/>
  <testcase name="target" time="0.789" classname="DataVerification.RefereneceTargetCalcuationOptinOut"/>
  <testcase name="target" time="0.876" classname="DataVerification.RefereneceTargetCalcuationOptinOut"/>
  <testcase name="target" time="0.155" classname="DataVerification.RefereneceTargetCalcuationOptinOut"/>
  <testcase name="target" time="0.124" classname="DataVerification.RefereneceTargetCalcuationOptinOut"/>
  <testcase name="target" time="2.489" classname="DataVerification.RefereneceTargetCalcuationOptinOut"/>
  <testcase name="target" time="0.390" classname="DataVerification.RefereneceTargetCalcuationOptinOut"/>
  <testcase name="target" time="1.329" classname="DataVerification.RefereneceTargetCalcuationOptinOut"/>
  <testcase name="target" time="1.123" classname="DataVerification.RefereneceTargetCalcuationOptinOut"/>
</testsuite> <!-- DataVerification.RefereneceTargetCalcuationOptinOut -->
