<?xml version="1.0" encoding="UTF-8"?>
<!-- Generated by org.testng.reporters.JUnitReportReporter -->
<testsuite hostname="MCGL-5632" name="testcases.optinout" tests="420" failures="0" timestamp="6 Oct 2017 06:27:34 GMT" time="2328.945" errors="0">
  <testcase name="script" time="5.989" classname="testcases.optinout"/>
  <testcase name="script" time="5.544" classname="testcases.optinout"/>
  <testcase name="script" time="6.917" classname="testcases.optinout"/>
  <testcase name="script" time="8.281" classname="testcases.optinout"/>
  <testcase name="script" time="5.328" classname="testcases.optinout"/>
  <testcase name="script" time="5.492" classname="testcases.optinout"/>
  <testcase name="script" time="5.349" classname="testcases.optinout"/>
  <testcase name="script" time="5.432" classname="testcases.optinout"/>
  <testcase name="script" time="5.505" classname="testcases.optinout"/>
  <testcase name="script" time="5.260" classname="testcases.optinout"/>
  <testcase name="script" time="5.333" classname="testcases.optinout"/>
  <testcase name="script" time="5.723" classname="testcases.optinout"/>
  <testcase name="script" time="5.900" classname="testcases.optinout"/>
  <testcase name="script" time="6.265" classname="testcases.optinout"/>
  <testcase name="script" time="6.241" classname="testcases.optinout"/>
  <testcase name="script" time="5.228" classname="testcases.optinout"/>
  <testcase name="script" time="5.568" classname="testcases.optinout"/>
  <testcase name="script" time="5.571" classname="testcases.optinout"/>
  <testcase name="script" time="5.311" classname="testcases.optinout"/>
  <testcase name="script" time="7.117" classname="testcases.optinout"/>
  <testcase name="script" time="5.289" classname="testcases.optinout"/>
  <testcase name="script" time="5.421" classname="testcases.optinout"/>
  <testcase name="script" time="5.335" classname="testcases.optinout"/>
  <testcase name="script" time="5.371" classname="testcases.optinout"/>
  <testcase name="script" time="5.287" classname="testcases.optinout"/>
  <testcase name="script" time="5.562" classname="testcases.optinout"/>
  <testcase name="script" time="5.265" classname="testcases.optinout"/>
  <testcase name="script" time="5.637" classname="testcases.optinout"/>
  <testcase name="script" time="6.221" classname="testcases.optinout"/>
  <testcase name="script" time="5.771" classname="testcases.optinout"/>
  <testcase name="script" time="5.217" classname="testcases.optinout"/>
  <testcase name="script" time="5.246" classname="testcases.optinout"/>
  <testcase name="script" time="5.136" classname="testcases.optinout"/>
  <testcase name="script" time="5.556" classname="testcases.optinout"/>
  <testcase name="script" time="6.202" classname="testcases.optinout"/>
  <testcase name="script" time="5.381" classname="testcases.optinout"/>
  <testcase name="script" time="5.247" classname="testcases.optinout"/>
  <testcase name="script" time="5.319" classname="testcases.optinout"/>
  <testcase name="script" time="5.300" classname="testcases.optinout"/>
  <testcase name="script" time="5.875" classname="testcases.optinout"/>
  <testcase name="script" time="5.601" classname="testcases.optinout"/>
  <testcase name="script" time="5.505" classname="testcases.optinout"/>
  <testcase name="script" time="5.542" classname="testcases.optinout"/>
  <testcase name="script" time="5.370" classname="testcases.optinout"/>
  <testcase name="script" time="5.191" classname="testcases.optinout"/>
  <testcase name="script" time="5.712" classname="testcases.optinout"/>
  <testcase name="script" time="6.263" classname="testcases.optinout"/>
  <testcase name="script" time="5.228" classname="testcases.optinout"/>
  <testcase name="script" time="5.827" classname="testcases.optinout"/>
  <testcase name="script" time="6.515" classname="testcases.optinout"/>
  <testcase name="script" time="5.303" classname="testcases.optinout"/>
  <testcase name="script" time="5.536" classname="testcases.optinout"/>
  <testcase name="script" time="5.025" classname="testcases.optinout"/>
  <testcase name="script" time="5.520" classname="testcases.optinout"/>
  <testcase name="script" time="5.488" classname="testcases.optinout"/>
  <testcase name="script" time="5.375" classname="testcases.optinout"/>
  <testcase name="script" time="5.188" classname="testcases.optinout"/>
  <testcase name="script" time="5.432" classname="testcases.optinout"/>
  <testcase name="script" time="5.187" classname="testcases.optinout"/>
  <testcase name="script" time="5.731" classname="testcases.optinout"/>
  <testcase name="script" time="5.454" classname="testcases.optinout"/>
  <testcase name="script" time="5.401" classname="testcases.optinout"/>
  <testcase name="script" time="5.827" classname="testcases.optinout"/>
  <testcase name="script" time="5.386" classname="testcases.optinout"/>
  <testcase name="script" time="5.683" classname="testcases.optinout"/>
  <testcase name="script" time="5.514" classname="testcases.optinout"/>
  <testcase name="script" time="5.197" classname="testcases.optinout"/>
  <testcase name="script" time="5.587" classname="testcases.optinout"/>
  <testcase name="script" time="5.207" classname="testcases.optinout"/>
  <testcase name="script" time="5.728" classname="testcases.optinout"/>
  <testcase name="script" time="5.341" classname="testcases.optinout"/>
  <testcase name="script" time="5.609" classname="testcases.optinout"/>
  <testcase name="script" time="5.732" classname="testcases.optinout"/>
  <testcase name="script" time="5.632" classname="testcases.optinout"/>
  <testcase name="script" time="5.384" classname="testcases.optinout"/>
  <testcase name="script" time="5.534" classname="testcases.optinout"/>
  <testcase name="script" time="5.318" classname="testcases.optinout"/>
  <testcase name="script" time="5.346" classname="testcases.optinout"/>
  <testcase name="script" time="5.394" classname="testcases.optinout"/>
  <testcase name="script" time="5.324" classname="testcases.optinout"/>
  <testcase name="script" time="5.640" classname="testcases.optinout"/>
  <testcase name="script" time="5.135" classname="testcases.optinout"/>
  <testcase name="script" time="5.360" classname="testcases.optinout"/>
  <testcase name="script" time="5.205" classname="testcases.optinout"/>
  <testcase name="script" time="5.611" classname="testcases.optinout"/>
  <testcase name="script" time="5.369" classname="testcases.optinout"/>
  <testcase name="script" time="5.178" classname="testcases.optinout"/>
  <testcase name="script" time="5.289" classname="testcases.optinout"/>
  <testcase name="script" time="5.649" classname="testcases.optinout"/>
  <testcase name="script" time="5.882" classname="testcases.optinout"/>
  <testcase name="script" time="5.177" classname="testcases.optinout"/>
  <testcase name="script" time="5.266" classname="testcases.optinout"/>
  <testcase name="script" time="5.262" classname="testcases.optinout"/>
  <testcase name="script" time="4.941" classname="testcases.optinout"/>
  <testcase name="script" time="5.369" classname="testcases.optinout"/>
  <testcase name="script" time="5.685" classname="testcases.optinout"/>
  <testcase name="script" time="5.611" classname="testcases.optinout"/>
  <testcase name="script" time="5.218" classname="testcases.optinout"/>
  <testcase name="script" time="5.370" classname="testcases.optinout"/>
  <testcase name="script" time="5.858" classname="testcases.optinout"/>
  <testcase name="script" time="5.676" classname="testcases.optinout"/>
  <testcase name="script" time="5.816" classname="testcases.optinout"/>
  <testcase name="script" time="5.432" classname="testcases.optinout"/>
  <testcase name="script" time="5.532" classname="testcases.optinout"/>
  <testcase name="script" time="5.282" classname="testcases.optinout"/>
  <testcase name="script" time="5.332" classname="testcases.optinout"/>
  <testcase name="script" time="5.367" classname="testcases.optinout"/>
  <testcase name="script" time="5.705" classname="testcases.optinout"/>
  <testcase name="script" time="5.494" classname="testcases.optinout"/>
  <testcase name="script" time="5.545" classname="testcases.optinout"/>
  <testcase name="script" time="5.687" classname="testcases.optinout"/>
  <testcase name="script" time="5.206" classname="testcases.optinout"/>
  <testcase name="script" time="5.462" classname="testcases.optinout"/>
  <testcase name="script" time="5.363" classname="testcases.optinout"/>
  <testcase name="script" time="5.120" classname="testcases.optinout"/>
  <testcase name="script" time="5.285" classname="testcases.optinout"/>
  <testcase name="script" time="5.574" classname="testcases.optinout"/>
  <testcase name="script" time="6.043" classname="testcases.optinout"/>
  <testcase name="script" time="5.511" classname="testcases.optinout"/>
  <testcase name="script" time="5.629" classname="testcases.optinout"/>
  <testcase name="script" time="5.251" classname="testcases.optinout"/>
  <testcase name="script" time="5.678" classname="testcases.optinout"/>
  <testcase name="script" time="5.354" classname="testcases.optinout"/>
  <testcase name="script" time="5.268" classname="testcases.optinout"/>
  <testcase name="script" time="5.582" classname="testcases.optinout"/>
  <testcase name="script" time="5.374" classname="testcases.optinout"/>
  <testcase name="script" time="5.042" classname="testcases.optinout"/>
  <testcase name="script" time="5.464" classname="testcases.optinout"/>
  <testcase name="script" time="5.676" classname="testcases.optinout"/>
  <testcase name="script" time="5.759" classname="testcases.optinout"/>
  <testcase name="script" time="5.198" classname="testcases.optinout"/>
  <testcase name="script" time="5.216" classname="testcases.optinout"/>
  <testcase name="script" time="5.694" classname="testcases.optinout"/>
  <testcase name="script" time="5.505" classname="testcases.optinout"/>
  <testcase name="script" time="5.707" classname="testcases.optinout"/>
  <testcase name="script" time="5.104" classname="testcases.optinout"/>
  <testcase name="script" time="5.354" classname="testcases.optinout"/>
  <testcase name="script" time="5.139" classname="testcases.optinout"/>
  <testcase name="script" time="5.428" classname="testcases.optinout"/>
  <testcase name="script" time="5.216" classname="testcases.optinout"/>
  <testcase name="script" time="5.456" classname="testcases.optinout"/>
  <testcase name="script" time="5.235" classname="testcases.optinout"/>
  <testcase name="script" time="5.200" classname="testcases.optinout"/>
  <testcase name="script" time="5.627" classname="testcases.optinout"/>
  <testcase name="script" time="5.128" classname="testcases.optinout"/>
  <testcase name="script" time="5.248" classname="testcases.optinout"/>
  <testcase name="script" time="5.185" classname="testcases.optinout"/>
  <testcase name="script" time="5.315" classname="testcases.optinout"/>
  <testcase name="script" time="5.371" classname="testcases.optinout"/>
  <testcase name="script" time="5.806" classname="testcases.optinout"/>
  <testcase name="script" time="5.378" classname="testcases.optinout"/>
  <testcase name="script" time="6.824" classname="testcases.optinout"/>
  <testcase name="script" time="6.152" classname="testcases.optinout"/>
  <testcase name="script" time="5.479" classname="testcases.optinout"/>
  <testcase name="script" time="5.204" classname="testcases.optinout"/>
  <testcase name="script" time="5.298" classname="testcases.optinout"/>
  <testcase name="script" time="6.336" classname="testcases.optinout"/>
  <testcase name="script" time="5.832" classname="testcases.optinout"/>
  <testcase name="script" time="5.150" classname="testcases.optinout"/>
  <testcase name="script" time="5.550" classname="testcases.optinout"/>
  <testcase name="script" time="5.020" classname="testcases.optinout"/>
  <testcase name="script" time="7.575" classname="testcases.optinout"/>
  <testcase name="script" time="6.980" classname="testcases.optinout"/>
  <testcase name="script" time="5.175" classname="testcases.optinout"/>
  <testcase name="script" time="5.305" classname="testcases.optinout"/>
  <testcase name="script" time="5.605" classname="testcases.optinout"/>
  <testcase name="script" time="5.404" classname="testcases.optinout"/>
  <testcase name="script" time="5.189" classname="testcases.optinout"/>
  <testcase name="script" time="5.239" classname="testcases.optinout"/>
  <testcase name="script" time="5.554" classname="testcases.optinout"/>
  <testcase name="script" time="5.255" classname="testcases.optinout"/>
  <testcase name="script" time="5.222" classname="testcases.optinout"/>
  <testcase name="script" time="5.220" classname="testcases.optinout"/>
  <testcase name="script" time="5.970" classname="testcases.optinout"/>
  <testcase name="script" time="5.990" classname="testcases.optinout"/>
  <testcase name="script" time="5.547" classname="testcases.optinout"/>
  <testcase name="script" time="6.586" classname="testcases.optinout"/>
  <testcase name="script" time="5.659" classname="testcases.optinout"/>
  <testcase name="script" time="5.203" classname="testcases.optinout"/>
  <testcase name="script" time="5.241" classname="testcases.optinout"/>
  <testcase name="script" time="5.321" classname="testcases.optinout"/>
  <testcase name="script" time="6.185" classname="testcases.optinout"/>
  <testcase name="script" time="5.263" classname="testcases.optinout"/>
  <testcase name="script" time="5.311" classname="testcases.optinout"/>
  <testcase name="script" time="5.434" classname="testcases.optinout"/>
  <testcase name="script" time="5.012" classname="testcases.optinout"/>
  <testcase name="script" time="5.461" classname="testcases.optinout"/>
  <testcase name="script" time="5.563" classname="testcases.optinout"/>
  <testcase name="script" time="5.548" classname="testcases.optinout"/>
  <testcase name="script" time="5.045" classname="testcases.optinout"/>
  <testcase name="script" time="5.290" classname="testcases.optinout"/>
  <testcase name="script" time="5.692" classname="testcases.optinout"/>
  <testcase name="script" time="5.055" classname="testcases.optinout"/>
  <testcase name="script" time="5.526" classname="testcases.optinout"/>
  <testcase name="script" time="5.584" classname="testcases.optinout"/>
  <testcase name="script" time="5.120" classname="testcases.optinout"/>
  <testcase name="script" time="5.291" classname="testcases.optinout"/>
  <testcase name="script" time="5.340" classname="testcases.optinout"/>
  <testcase name="script" time="6.272" classname="testcases.optinout"/>
  <testcase name="script" time="5.452" classname="testcases.optinout"/>
  <testcase name="script" time="6.153" classname="testcases.optinout"/>
  <testcase name="script" time="5.335" classname="testcases.optinout"/>
  <testcase name="script" time="5.395" classname="testcases.optinout"/>
  <testcase name="script" time="4.969" classname="testcases.optinout"/>
  <testcase name="script" time="5.103" classname="testcases.optinout"/>
  <testcase name="script" time="5.306" classname="testcases.optinout"/>
  <testcase name="script" time="5.197" classname="testcases.optinout"/>
  <testcase name="script" time="5.662" classname="testcases.optinout"/>
  <testcase name="script" time="5.639" classname="testcases.optinout"/>
  <testcase name="script" time="5.114" classname="testcases.optinout"/>
  <testcase name="script" time="5.249" classname="testcases.optinout"/>
  <testcase name="script" time="5.294" classname="testcases.optinout"/>
  <testcase name="script" time="5.700" classname="testcases.optinout"/>
  <testcase name="script" time="5.956" classname="testcases.optinout"/>
  <testcase name="script" time="5.476" classname="testcases.optinout"/>
  <testcase name="script" time="5.881" classname="testcases.optinout"/>
  <testcase name="script" time="5.107" classname="testcases.optinout"/>
  <testcase name="script" time="5.154" classname="testcases.optinout"/>
  <testcase name="script" time="6.180" classname="testcases.optinout"/>
  <testcase name="script" time="5.421" classname="testcases.optinout"/>
  <testcase name="script" time="5.545" classname="testcases.optinout"/>
  <testcase name="script" time="5.131" classname="testcases.optinout"/>
  <testcase name="script" time="5.597" classname="testcases.optinout"/>
  <testcase name="script" time="5.412" classname="testcases.optinout"/>
  <testcase name="script" time="5.208" classname="testcases.optinout"/>
  <testcase name="script" time="5.533" classname="testcases.optinout"/>
  <testcase name="script" time="5.838" classname="testcases.optinout"/>
  <testcase name="script" time="5.457" classname="testcases.optinout"/>
  <testcase name="script" time="5.260" classname="testcases.optinout"/>
  <testcase name="script" time="5.073" classname="testcases.optinout"/>
  <testcase name="script" time="5.218" classname="testcases.optinout"/>
  <testcase name="script" time="5.196" classname="testcases.optinout"/>
  <testcase name="script" time="5.293" classname="testcases.optinout"/>
  <testcase name="script" time="5.417" classname="testcases.optinout"/>
  <testcase name="script" time="5.239" classname="testcases.optinout"/>
  <testcase name="script" time="5.375" classname="testcases.optinout"/>
  <testcase name="script" time="5.812" classname="testcases.optinout"/>
  <testcase name="script" time="5.538" classname="testcases.optinout"/>
  <testcase name="script" time="5.234" classname="testcases.optinout"/>
  <testcase name="script" time="6.026" classname="testcases.optinout"/>
  <testcase name="script" time="5.137" classname="testcases.optinout"/>
  <testcase name="script" time="5.283" classname="testcases.optinout"/>
  <testcase name="script" time="5.565" classname="testcases.optinout"/>
  <testcase name="script" time="6.411" classname="testcases.optinout"/>
  <testcase name="script" time="5.138" classname="testcases.optinout"/>
  <testcase name="script" time="5.210" classname="testcases.optinout"/>
  <testcase name="script" time="5.330" classname="testcases.optinout"/>
  <testcase name="script" time="5.654" classname="testcases.optinout"/>
  <testcase name="script" time="5.256" classname="testcases.optinout"/>
  <testcase name="script" time="5.112" classname="testcases.optinout"/>
  <testcase name="script" time="5.519" classname="testcases.optinout"/>
  <testcase name="script" time="6.240" classname="testcases.optinout"/>
  <testcase name="script" time="5.566" classname="testcases.optinout"/>
  <testcase name="script" time="8.036" classname="testcases.optinout"/>
  <testcase name="script" time="5.041" classname="testcases.optinout"/>
  <testcase name="script" time="5.070" classname="testcases.optinout"/>
  <testcase name="script" time="5.796" classname="testcases.optinout"/>
  <testcase name="script" time="5.292" classname="testcases.optinout"/>
  <testcase name="script" time="5.247" classname="testcases.optinout"/>
  <testcase name="script" time="5.332" classname="testcases.optinout"/>
  <testcase name="script" time="5.549" classname="testcases.optinout"/>
  <testcase name="script" time="5.601" classname="testcases.optinout"/>
  <testcase name="script" time="6.006" classname="testcases.optinout"/>
  <testcase name="script" time="6.308" classname="testcases.optinout"/>
  <testcase name="script" time="5.295" classname="testcases.optinout"/>
  <testcase name="script" time="5.401" classname="testcases.optinout"/>
  <testcase name="script" time="4.963" classname="testcases.optinout"/>
  <testcase name="script" time="5.371" classname="testcases.optinout"/>
  <testcase name="script" time="6.466" classname="testcases.optinout"/>
  <testcase name="script" time="5.137" classname="testcases.optinout"/>
  <testcase name="script" time="5.415" classname="testcases.optinout"/>
  <testcase name="script" time="5.247" classname="testcases.optinout"/>
  <testcase name="script" time="6.526" classname="testcases.optinout"/>
  <testcase name="script" time="7.248" classname="testcases.optinout"/>
  <testcase name="script" time="6.118" classname="testcases.optinout"/>
  <testcase name="script" time="5.621" classname="testcases.optinout"/>
  <testcase name="script" time="5.308" classname="testcases.optinout"/>
  <testcase name="script" time="5.679" classname="testcases.optinout"/>
  <testcase name="script" time="4.992" classname="testcases.optinout"/>
  <testcase name="script" time="5.661" classname="testcases.optinout"/>
  <testcase name="script" time="5.954" classname="testcases.optinout"/>
  <testcase name="script" time="6.152" classname="testcases.optinout"/>
  <testcase name="script" time="5.629" classname="testcases.optinout"/>
  <testcase name="script" time="5.266" classname="testcases.optinout"/>
  <testcase name="script" time="5.571" classname="testcases.optinout"/>
  <testcase name="script" time="5.069" classname="testcases.optinout"/>
  <testcase name="script" time="5.381" classname="testcases.optinout"/>
  <testcase name="script" time="5.399" classname="testcases.optinout"/>
  <testcase name="script" time="5.480" classname="testcases.optinout"/>
  <testcase name="script" time="5.539" classname="testcases.optinout"/>
  <testcase name="script" time="5.776" classname="testcases.optinout"/>
  <testcase name="script" time="5.641" classname="testcases.optinout"/>
  <testcase name="script" time="7.143" classname="testcases.optinout"/>
  <testcase name="script" time="5.316" classname="testcases.optinout"/>
  <testcase name="script" time="5.490" classname="testcases.optinout"/>
  <testcase name="script" time="5.561" classname="testcases.optinout"/>
  <testcase name="script" time="5.222" classname="testcases.optinout"/>
  <testcase name="script" time="6.042" classname="testcases.optinout"/>
  <testcase name="script" time="5.520" classname="testcases.optinout"/>
  <testcase name="script" time="5.211" classname="testcases.optinout"/>
  <testcase name="script" time="5.578" classname="testcases.optinout"/>
  <testcase name="script" time="5.479" classname="testcases.optinout"/>
  <testcase name="script" time="5.667" classname="testcases.optinout"/>
  <testcase name="script" time="6.836" classname="testcases.optinout"/>
  <testcase name="script" time="5.643" classname="testcases.optinout"/>
  <testcase name="script" time="5.152" classname="testcases.optinout"/>
  <testcase name="script" time="5.274" classname="testcases.optinout"/>
  <testcase name="script" time="6.911" classname="testcases.optinout"/>
  <testcase name="script" time="5.025" classname="testcases.optinout"/>
  <testcase name="script" time="5.323" classname="testcases.optinout"/>
  <testcase name="script" time="5.730" classname="testcases.optinout"/>
  <testcase name="script" time="5.139" classname="testcases.optinout"/>
  <testcase name="script" time="5.342" classname="testcases.optinout"/>
  <testcase name="script" time="5.191" classname="testcases.optinout"/>
  <testcase name="script" time="5.022" classname="testcases.optinout"/>
  <testcase name="script" time="5.434" classname="testcases.optinout"/>
  <testcase name="script" time="5.479" classname="testcases.optinout"/>
  <testcase name="script" time="6.407" classname="testcases.optinout"/>
  <testcase name="script" time="5.398" classname="testcases.optinout"/>
  <testcase name="script" time="5.388" classname="testcases.optinout"/>
  <testcase name="script" time="5.405" classname="testcases.optinout"/>
  <testcase name="script" time="5.547" classname="testcases.optinout"/>
  <testcase name="script" time="5.155" classname="testcases.optinout"/>
  <testcase name="script" time="5.721" classname="testcases.optinout"/>
  <testcase name="script" time="5.141" classname="testcases.optinout"/>
  <testcase name="script" time="5.435" classname="testcases.optinout"/>
  <testcase name="script" time="5.638" classname="testcases.optinout"/>
  <testcase name="script" time="5.879" classname="testcases.optinout"/>
  <testcase name="script" time="5.776" classname="testcases.optinout"/>
  <testcase name="script" time="5.642" classname="testcases.optinout"/>
  <testcase name="script" time="5.252" classname="testcases.optinout"/>
  <testcase name="script" time="5.090" classname="testcases.optinout"/>
  <testcase name="script" time="5.351" classname="testcases.optinout"/>
  <testcase name="script" time="6.233" classname="testcases.optinout"/>
  <testcase name="script" time="6.759" classname="testcases.optinout"/>
  <testcase name="script" time="5.638" classname="testcases.optinout"/>
  <testcase name="script" time="5.374" classname="testcases.optinout"/>
  <testcase name="script" time="5.413" classname="testcases.optinout"/>
  <testcase name="script" time="5.671" classname="testcases.optinout"/>
  <testcase name="script" time="5.887" classname="testcases.optinout"/>
  <testcase name="script" time="5.209" classname="testcases.optinout"/>
  <testcase name="script" time="6.365" classname="testcases.optinout"/>
  <testcase name="script" time="5.765" classname="testcases.optinout"/>
  <testcase name="script" time="5.189" classname="testcases.optinout"/>
  <testcase name="script" time="6.492" classname="testcases.optinout"/>
  <testcase name="script" time="5.913" classname="testcases.optinout"/>
  <testcase name="script" time="5.277" classname="testcases.optinout"/>
  <testcase name="script" time="5.713" classname="testcases.optinout"/>
  <testcase name="script" time="5.283" classname="testcases.optinout"/>
  <testcase name="script" time="5.215" classname="testcases.optinout"/>
  <testcase name="script" time="5.961" classname="testcases.optinout"/>
  <testcase name="script" time="6.919" classname="testcases.optinout"/>
  <testcase name="script" time="6.425" classname="testcases.optinout"/>
  <testcase name="script" time="5.377" classname="testcases.optinout"/>
  <testcase name="script" time="5.890" classname="testcases.optinout"/>
  <testcase name="script" time="5.239" classname="testcases.optinout"/>
  <testcase name="script" time="5.479" classname="testcases.optinout"/>
  <testcase name="script" time="5.277" classname="testcases.optinout"/>
  <testcase name="script" time="5.397" classname="testcases.optinout"/>
  <testcase name="script" time="5.010" classname="testcases.optinout"/>
  <testcase name="script" time="5.441" classname="testcases.optinout"/>
  <testcase name="script" time="5.337" classname="testcases.optinout"/>
  <testcase name="script" time="5.215" classname="testcases.optinout"/>
  <testcase name="script" time="6.122" classname="testcases.optinout"/>
  <testcase name="script" time="5.201" classname="testcases.optinout"/>
  <testcase name="script" time="5.198" classname="testcases.optinout"/>
  <testcase name="script" time="5.462" classname="testcases.optinout"/>
  <testcase name="script" time="6.198" classname="testcases.optinout"/>
  <testcase name="script" time="5.570" classname="testcases.optinout"/>
  <testcase name="script" time="5.681" classname="testcases.optinout"/>
  <testcase name="script" time="5.992" classname="testcases.optinout"/>
  <testcase name="script" time="6.088" classname="testcases.optinout"/>
  <testcase name="script" time="7.031" classname="testcases.optinout"/>
  <testcase name="script" time="5.494" classname="testcases.optinout"/>
  <testcase name="script" time="5.579" classname="testcases.optinout"/>
  <testcase name="script" time="5.222" classname="testcases.optinout"/>
  <testcase name="script" time="5.055" classname="testcases.optinout"/>
  <testcase name="script" time="5.559" classname="testcases.optinout"/>
  <testcase name="script" time="5.778" classname="testcases.optinout"/>
  <testcase name="script" time="5.588" classname="testcases.optinout"/>
  <testcase name="script" time="5.106" classname="testcases.optinout"/>
  <testcase name="script" time="5.067" classname="testcases.optinout"/>
  <testcase name="script" time="4.995" classname="testcases.optinout"/>
  <testcase name="script" time="5.096" classname="testcases.optinout"/>
  <testcase name="script" time="5.514" classname="testcases.optinout"/>
  <testcase name="script" time="5.357" classname="testcases.optinout"/>
  <testcase name="script" time="5.379" classname="testcases.optinout"/>
  <testcase name="script" time="5.283" classname="testcases.optinout"/>
  <testcase name="script" time="5.773" classname="testcases.optinout"/>
  <testcase name="script" time="5.069" classname="testcases.optinout"/>
  <testcase name="script" time="4.953" classname="testcases.optinout"/>
  <testcase name="script" time="5.159" classname="testcases.optinout"/>
  <testcase name="script" time="5.482" classname="testcases.optinout"/>
  <testcase name="script" time="5.122" classname="testcases.optinout"/>
  <testcase name="script" time="6.166" classname="testcases.optinout"/>
  <testcase name="script" time="5.692" classname="testcases.optinout"/>
  <testcase name="script" time="5.222" classname="testcases.optinout"/>
  <testcase name="script" time="5.370" classname="testcases.optinout"/>
  <testcase name="script" time="5.459" classname="testcases.optinout"/>
  <testcase name="script" time="5.692" classname="testcases.optinout"/>
  <testcase name="script" time="5.278" classname="testcases.optinout"/>
  <testcase name="script" time="5.480" classname="testcases.optinout"/>
  <testcase name="script" time="6.414" classname="testcases.optinout"/>
  <testcase name="script" time="5.189" classname="testcases.optinout"/>
  <testcase name="script" time="5.288" classname="testcases.optinout"/>
  <testcase name="script" time="5.316" classname="testcases.optinout"/>
  <testcase name="script" time="5.270" classname="testcases.optinout"/>
  <testcase name="script" time="5.218" classname="testcases.optinout"/>
  <testcase name="script" time="5.103" classname="testcases.optinout"/>
  <testcase name="script" time="5.618" classname="testcases.optinout"/>
  <testcase name="script" time="6.438" classname="testcases.optinout"/>
  <testcase name="script" time="6.242" classname="testcases.optinout"/>
  <testcase name="script" time="5.698" classname="testcases.optinout"/>
  <testcase name="script" time="5.772" classname="testcases.optinout"/>
  <testcase name="script" time="5.312" classname="testcases.optinout"/>
  <testcase name="script" time="5.537" classname="testcases.optinout"/>
  <testcase name="script" time="5.583" classname="testcases.optinout"/>
  <testcase name="script" time="5.250" classname="testcases.optinout"/>
  <testcase name="script" time="5.547" classname="testcases.optinout"/>
  <testcase name="script" time="5.851" classname="testcases.optinout"/>
</testsuite> <!-- testcases.optinout -->
