<?xml version="1.0" encoding="UTF-8"?>
<!-- Generated by org.testng.reporters.JUnitReportReporter -->
<testsuite hostname="MCGL-5632" name="testcases.Redemption" tests="13" failures="0" timestamp="14 Sep 2017 03:57:31 GMT" time="15.008" errors="0">
  <testcase name="redeemption" time="1.117" classname="testcases.Redemption"/>
  <testcase name="redeemption" time="1.850" classname="testcases.Redemption"/>
  <testcase name="redeemption" time="0.764" classname="testcases.Redemption"/>
  <testcase name="redeemption" time="1.737" classname="testcases.Redemption"/>
  <testcase name="redeemption" time="1.034" classname="testcases.Redemption"/>
  <testcase name="redeemption" time="0.989" classname="testcases.Redemption"/>
  <testcase name="redeemption" time="1.327" classname="testcases.Redemption"/>
  <testcase name="redeemption" time="1.311" classname="testcases.Redemption"/>
  <testcase name="redeemption" time="0.988" classname="testcases.Redemption"/>
  <testcase name="redeemption" time="0.990" classname="testcases.Redemption"/>
  <testcase name="redeemption" time="0.763" classname="testcases.Redemption"/>
  <testcase name="redeemption" time="1.306" classname="testcases.Redemption"/>
  <testcase name="redeemption" time="0.832" classname="testcases.Redemption"/>
</testsuite> <!-- testcases.Redemption -->
