<?xml version="1.0" encoding="UTF-8"?>
<!-- Generated by org.testng.reporters.JUnitReportReporter -->
<testsuite hostname="MCGL-5632" name="testcases.C2CTransfer" tests="246" failures="0" timestamp="10 Oct 2017 11:28:18 GMT" time="4036.906" errors="1">
  <testcase name="c2c" time="6.214" classname="testcases.C2CTransfer"/>
  <testcase name="c2c" time="5.587" classname="testcases.C2CTransfer"/>
  <testcase name="c2c" time="7.392" classname="testcases.C2CTransfer"/>
  <testcase name="c2c" time="5.523" classname="testcases.C2CTransfer"/>
  <testcase name="c2c" time="5.239" classname="testcases.C2CTransfer"/>
  <testcase name="c2c" time="5.949" classname="testcases.C2CTransfer"/>
  <testcase name="c2c" time="6.595" classname="testcases.C2CTransfer"/>
  <testcase name="c2c" time="6.478" classname="testcases.C2CTransfer"/>
  <testcase name="c2c" time="5.142" classname="testcases.C2CTransfer"/>
  <testcase name="c2c" time="40.486" classname="testcases.C2CTransfer"/>
  <testcase name="c2c" time="8.779" classname="testcases.C2CTransfer"/>
  <testcase name="c2c" time="6.100" classname="testcases.C2CTransfer"/>
  <testcase name="c2c" time="5.501" classname="testcases.C2CTransfer"/>
  <testcase name="c2c" time="24.606" classname="testcases.C2CTransfer"/>
  <testcase name="c2c" time="8.534" classname="testcases.C2CTransfer"/>
  <testcase name="c2c" time="5.236" classname="testcases.C2CTransfer"/>
  <testcase name="c2c" time="6.202" classname="testcases.C2CTransfer"/>
  <testcase name="c2c" time="11.214" classname="testcases.C2CTransfer"/>
  <testcase name="c2c" time="40.771" classname="testcases.C2CTransfer"/>
  <testcase name="c2c" time="5.069" classname="testcases.C2CTransfer"/>
  <testcase name="c2c" time="8.172" classname="testcases.C2CTransfer"/>
  <testcase name="c2c" time="5.509" classname="testcases.C2CTransfer"/>
  <testcase name="c2c" time="7.151" classname="testcases.C2CTransfer"/>
  <testcase name="c2c" time="8.266" classname="testcases.C2CTransfer"/>
  <testcase name="c2c" time="11.267" classname="testcases.C2CTransfer"/>
  <testcase name="c2c" time="39.941" classname="testcases.C2CTransfer"/>
  <testcase name="c2c" time="14.564" classname="testcases.C2CTransfer"/>
  <testcase name="c2c" time="5.506" classname="testcases.C2CTransfer"/>
  <testcase name="c2c" time="7.340" classname="testcases.C2CTransfer"/>
  <testcase name="c2c" time="45.265" classname="testcases.C2CTransfer"/>
  <testcase name="c2c" time="7.189" classname="testcases.C2CTransfer"/>
  <testcase name="c2c" time="40.736" classname="testcases.C2CTransfer"/>
  <testcase name="c2c" time="40.680" classname="testcases.C2CTransfer"/>
  <testcase name="c2c" time="6.132" classname="testcases.C2CTransfer"/>
  <testcase name="c2c" time="5.397" classname="testcases.C2CTransfer"/>
  <testcase name="c2c" time="44.630" classname="testcases.C2CTransfer"/>
  <testcase name="c2c" time="5.038" classname="testcases.C2CTransfer"/>
  <testcase name="c2c" time="41.039" classname="testcases.C2CTransfer"/>
  <testcase name="c2c" time="6.699" classname="testcases.C2CTransfer"/>
  <testcase name="c2c" time="46.989" classname="testcases.C2CTransfer"/>
  <testcase name="c2c" time="9.139" classname="testcases.C2CTransfer"/>
  <testcase name="c2c" time="45.939" classname="testcases.C2CTransfer"/>
  <testcase name="c2c" time="6.782" classname="testcases.C2CTransfer"/>
  <testcase name="c2c" time="43.394" classname="testcases.C2CTransfer"/>
  <testcase name="c2c" time="40.194" classname="testcases.C2CTransfer"/>
  <testcase name="c2c" time="7.096" classname="testcases.C2CTransfer"/>
  <testcase name="c2c" time="7.489" classname="testcases.C2CTransfer"/>
  <testcase name="c2c" time="6.155" classname="testcases.C2CTransfer"/>
  <testcase name="c2c" time="5.242" classname="testcases.C2CTransfer"/>
  <testcase name="c2c" time="6.987" classname="testcases.C2CTransfer"/>
  <testcase name="c2c" time="44.502" classname="testcases.C2CTransfer"/>
  <testcase name="c2c" time="40.114" classname="testcases.C2CTransfer"/>
  <testcase name="c2c" time="5.604" classname="testcases.C2CTransfer"/>
  <testcase name="c2c" time="5.564" classname="testcases.C2CTransfer"/>
  <testcase name="c2c" time="5.959" classname="testcases.C2CTransfer"/>
  <testcase name="c2c" time="6.017" classname="testcases.C2CTransfer"/>
  <testcase name="c2c" time="8.120" classname="testcases.C2CTransfer"/>
  <testcase name="c2c" time="9.956" classname="testcases.C2CTransfer"/>
  <testcase name="c2c" time="6.195" classname="testcases.C2CTransfer"/>
  <testcase name="c2c" time="5.391" classname="testcases.C2CTransfer"/>
  <testcase name="c2c" time="41.178" classname="testcases.C2CTransfer"/>
  <testcase name="c2c" time="15.591" classname="testcases.C2CTransfer"/>
  <testcase name="c2c" time="44.408" classname="testcases.C2CTransfer"/>
  <testcase name="c2c" time="5.883" classname="testcases.C2CTransfer"/>
  <testcase name="c2c" time="5.919" classname="testcases.C2CTransfer"/>
  <testcase name="c2c" time="10.709" classname="testcases.C2CTransfer"/>
  <testcase name="c2c" time="10.648" classname="testcases.C2CTransfer"/>
  <testcase name="c2c" time="7.050" classname="testcases.C2CTransfer"/>
  <testcase name="c2c" time="5.448" classname="testcases.C2CTransfer"/>
  <testcase name="c2c" time="41.014" classname="testcases.C2CTransfer"/>
  <testcase name="c2c" time="11.500" classname="testcases.C2CTransfer"/>
  <testcase name="c2c" time="42.036" classname="testcases.C2CTransfer"/>
  <testcase name="c2c" time="8.552" classname="testcases.C2CTransfer"/>
  <testcase name="c2c" time="7.251" classname="testcases.C2CTransfer"/>
  <testcase name="c2c" time="40.036" classname="testcases.C2CTransfer"/>
  <testcase name="c2c" time="0.944" classname="testcases.C2CTransfer">
    <error type="org.openqa.selenium.NoSuchElementException" message="no such element: Unable to locate element: {&quot;method&quot;:&quot;link text&quot;,&quot;selector&quot;:&quot;C2C transfer&quot;}
  (Session info: chrome=61.0.3163.100)
  (Driver info: chromedriver=2.24.417431 (9aea000394714d2fbb20850021f6204f2256b9cf),platform=Windows NT 10.0.10240 x86_64) (WARNING: The server did not provide any stacktrace information)
Command duration or timeout: 47 milliseconds
For documentation on this error, please visit: http://seleniumhq.org/exceptions/no_such_element.html
Build info: version: &#039;2.53.1&#039;, revision: &#039;a36b8b1&#039;, time: &#039;2016-06-30 17:32:46&#039;
System info: host: &#039;MCGL-5632&#039;, ip: &#039;172.16.6.166&#039;, os.name: &#039;Windows 10&#039;, os.arch: &#039;amd64&#039;, os.version: &#039;10.0&#039;, java.version: &#039;1.8.0_131&#039;
Driver info: org.openqa.selenium.chrome.ChromeDriver
Capabilities [{applicationCacheEnabled=false, rotatable=false, mobileEmulationEnabled=false, networkConnectionEnabled=false, chrome={chromedriverVersion=2.24.417431 (9aea000394714d2fbb20850021f6204f2256b9cf), userDataDir=C:\Users\RUCHI~1.SHA\AppData\Local\Temp\scoped_dir1672_17782}, takesHeapSnapshot=true, pageLoadStrategy=normal, databaseEnabled=false, handlesAlerts=true, hasTouchScreen=false, version=61.0.3163.100, platform=XP, browserConnectionEnabled=false, nativeEvents=true, acceptSslCerts=true, locationContextEnabled=true, webStorageEnabled=true, browserName=chrome, takesScreenshot=true, javascriptEnabled=true, cssSelectorsEnabled=true}]
Session ID: 49d3a4207a179a078ce2c6eaf858ec66
*** Element info: {Using=link text, value=C2C transfer}">
      <![CDATA[org.openqa.selenium.NoSuchElementException: no such element: Unable to locate element: {"method":"link text","selector":"C2C transfer"}
  (Session info: chrome=61.0.3163.100)
  (Driver info: chromedriver=2.24.417431 (9aea000394714d2fbb20850021f6204f2256b9cf),platform=Windows NT 10.0.10240 x86_64) (WARNING: The server did not provide any stacktrace information)
Command duration or timeout: 47 milliseconds
For documentation on this error, please visit: http://seleniumhq.org/exceptions/no_such_element.html
Build info: version: '2.53.1', revision: 'a36b8b1', time: '2016-06-30 17:32:46'
System info: host: 'MCGL-5632', ip: '172.16.6.166', os.name: 'Windows 10', os.arch: 'amd64', os.version: '10.0', java.version: '1.8.0_131'
Driver info: org.openqa.selenium.chrome.ChromeDriver
Capabilities [{applicationCacheEnabled=false, rotatable=false, mobileEmulationEnabled=false, networkConnectionEnabled=false, chrome={chromedriverVersion=2.24.417431 (9aea000394714d2fbb20850021f6204f2256b9cf), userDataDir=C:\Users\RUCHI~1.SHA\AppData\Local\Temp\scoped_dir1672_17782}, takesHeapSnapshot=true, pageLoadStrategy=normal, databaseEnabled=false, handlesAlerts=true, hasTouchScreen=false, version=61.0.3163.100, platform=XP, browserConnectionEnabled=false, nativeEvents=true, acceptSslCerts=true, locationContextEnabled=true, webStorageEnabled=true, browserName=chrome, takesScreenshot=true, javascriptEnabled=true, cssSelectorsEnabled=true}]
Session ID: 49d3a4207a179a078ce2c6eaf858ec66
*** Element info: {Using=link text, value=C2C transfer}
	at sun.reflect.NativeConstructorAccessorImpl.newInstance0(Native Method)
	at sun.reflect.NativeConstructorAccessorImpl.newInstance(Unknown Source)
	at sun.reflect.DelegatingConstructorAccessorImpl.newInstance(Unknown Source)
	at java.lang.reflect.Constructor.newInstance(Unknown Source)
	at org.openqa.selenium.remote.ErrorHandler.createThrowable(ErrorHandler.java:206)
	at org.openqa.selenium.remote.ErrorHandler.throwIfResponseFailed(ErrorHandler.java:158)
	at org.openqa.selenium.remote.RemoteWebDriver.execute(RemoteWebDriver.java:678)
	at org.openqa.selenium.remote.RemoteWebDriver.findElement(RemoteWebDriver.java:363)
	at org.openqa.selenium.remote.RemoteWebDriver.findElementByLinkText(RemoteWebDriver.java:428)
	at org.openqa.selenium.By$ByLinkText.findElement(By.java:246)
	at org.openqa.selenium.remote.RemoteWebDriver.findElement(RemoteWebDriver.java:355)
	at common_features.LMSOptions.clicklms(LMSOptions.java:14)
	at testcases.C2CTransfer.c2c(C2CTransfer.java:66)
	at sun.reflect.GeneratedMethodAccessor2.invoke(Unknown Source)
	at sun.reflect.DelegatingMethodAccessorImpl.invoke(Unknown Source)
	at java.lang.reflect.Method.invoke(Unknown Source)
	at org.testng.internal.MethodInvocationHelper.invokeMethod(MethodInvocationHelper.java:85)
	at org.testng.internal.Invoker.invokeMethod(Invoker.java:639)
	at org.testng.internal.Invoker.invokeTestMethod(Invoker.java:816)
	at org.testng.internal.Invoker.invokeTestMethods(Invoker.java:1124)
	at org.testng.internal.TestMethodWorker.invokeTestMethods(TestMethodWorker.java:125)
	at org.testng.internal.TestMethodWorker.run(TestMethodWorker.java:108)
	at org.testng.TestRunner.privateRun(TestRunner.java:774)
	at org.testng.TestRunner.run(TestRunner.java:624)
	at org.testng.SuiteRunner.runTest(SuiteRunner.java:359)
	at org.testng.SuiteRunner.runSequentially(SuiteRunner.java:354)
	at org.testng.SuiteRunner.privateRun(SuiteRunner.java:312)
	at org.testng.SuiteRunner.run(SuiteRunner.java:261)
	at org.testng.SuiteRunnerWorker.runSuite(SuiteRunnerWorker.java:52)
	at org.testng.SuiteRunnerWorker.run(SuiteRunnerWorker.java:86)
	at org.testng.TestNG.runSuitesSequentially(TestNG.java:1215)
	at org.testng.TestNG.runSuitesLocally(TestNG.java:1140)
	at org.testng.TestNG.run(TestNG.java:1048)
	at org.testng.remote.AbstractRemoteTestNG.run(AbstractRemoteTestNG.java:132)
	at org.testng.remote.RemoteTestNG.initAndRun(RemoteTestNG.java:236)
	at org.testng.remote.RemoteTestNG.main(RemoteTestNG.java:81)
]]>
    </error>
  </testcase> <!-- c2c -->
  <testcase name="c2c" time="5.873" classname="testcases.C2CTransfer"/>
  <testcase name="c2c" time="41.711" classname="testcases.C2CTransfer"/>
  <testcase name="c2c" time="7.168" classname="testcases.C2CTransfer"/>
  <testcase name="c2c" time="7.669" classname="testcases.C2CTransfer"/>
  <testcase name="c2c" time="5.597" classname="testcases.C2CTransfer"/>
  <testcase name="c2c" time="41.532" classname="testcases.C2CTransfer"/>
  <testcase name="c2c" time="42.019" classname="testcases.C2CTransfer"/>
  <testcase name="c2c" time="14.626" classname="testcases.C2CTransfer"/>
  <testcase name="c2c" time="5.883" classname="testcases.C2CTransfer"/>
  <testcase name="c2c" time="5.222" classname="testcases.C2CTransfer"/>
  <testcase name="c2c" time="5.233" classname="testcases.C2CTransfer"/>
  <testcase name="c2c" time="5.349" classname="testcases.C2CTransfer"/>
  <testcase name="c2c" time="5.524" classname="testcases.C2CTransfer"/>
  <testcase name="c2c" time="43.383" classname="testcases.C2CTransfer"/>
  <testcase name="c2c" time="5.848" classname="testcases.C2CTransfer"/>
  <testcase name="c2c" time="5.492" classname="testcases.C2CTransfer"/>
  <testcase name="c2c" time="7.898" classname="testcases.C2CTransfer"/>
  <testcase name="c2c" time="9.685" classname="testcases.C2CTransfer"/>
  <testcase name="c2c" time="42.623" classname="testcases.C2CTransfer"/>
  <testcase name="c2c" time="5.590" classname="testcases.C2CTransfer"/>
  <testcase name="c2c" time="40.098" classname="testcases.C2CTransfer"/>
  <testcase name="c2c" time="5.532" classname="testcases.C2CTransfer"/>
  <testcase name="c2c" time="40.215" classname="testcases.C2CTransfer"/>
  <testcase name="c2c" time="7.001" classname="testcases.C2CTransfer"/>
  <testcase name="c2c" time="40.984" classname="testcases.C2CTransfer"/>
  <testcase name="c2c" time="43.823" classname="testcases.C2CTransfer"/>
  <testcase name="c2c" time="50.368" classname="testcases.C2CTransfer"/>
  <testcase name="c2c" time="5.468" classname="testcases.C2CTransfer"/>
  <testcase name="c2c" time="39.891" classname="testcases.C2CTransfer"/>
  <testcase name="c2c" time="5.861" classname="testcases.C2CTransfer"/>
  <testcase name="c2c" time="40.527" classname="testcases.C2CTransfer"/>
  <testcase name="c2c" time="42.499" classname="testcases.C2CTransfer"/>
  <testcase name="c2c" time="40.236" classname="testcases.C2CTransfer"/>
  <testcase name="c2c" time="6.927" classname="testcases.C2CTransfer"/>
  <testcase name="c2c" time="5.536" classname="testcases.C2CTransfer"/>
  <testcase name="c2c" time="6.109" classname="testcases.C2CTransfer"/>
  <testcase name="c2c" time="41.503" classname="testcases.C2CTransfer"/>
  <testcase name="c2c" time="7.147" classname="testcases.C2CTransfer"/>
  <testcase name="c2c" time="40.175" classname="testcases.C2CTransfer"/>
  <testcase name="c2c" time="5.295" classname="testcases.C2CTransfer"/>
  <testcase name="c2c" time="5.176" classname="testcases.C2CTransfer"/>
  <testcase name="c2c" time="103.315" classname="testcases.C2CTransfer"/>
  <testcase name="c2c" time="10.898" classname="testcases.C2CTransfer"/>
  <testcase name="c2c" time="6.049" classname="testcases.C2CTransfer"/>
  <testcase name="c2c" time="11.383" classname="testcases.C2CTransfer"/>
  <testcase name="c2c" time="55.749" classname="testcases.C2CTransfer"/>
  <testcase name="c2c" time="40.199" classname="testcases.C2CTransfer"/>
  <testcase name="c2c" time="6.241" classname="testcases.C2CTransfer"/>
  <testcase name="c2c" time="5.381" classname="testcases.C2CTransfer"/>
  <testcase name="c2c" time="7.647" classname="testcases.C2CTransfer"/>
  <testcase name="c2c" time="5.302" classname="testcases.C2CTransfer"/>
  <testcase name="c2c" time="5.599" classname="testcases.C2CTransfer"/>
  <testcase name="c2c" time="9.485" classname="testcases.C2CTransfer"/>
  <testcase name="c2c" time="43.752" classname="testcases.C2CTransfer"/>
  <testcase name="c2c" time="6.896" classname="testcases.C2CTransfer"/>
  <testcase name="c2c" time="6.218" classname="testcases.C2CTransfer"/>
  <testcase name="c2c" time="6.467" classname="testcases.C2CTransfer"/>
  <testcase name="c2c" time="5.786" classname="testcases.C2CTransfer"/>
  <testcase name="c2c" time="5.647" classname="testcases.C2CTransfer"/>
  <testcase name="c2c" time="48.535" classname="testcases.C2CTransfer"/>
  <testcase name="c2c" time="42.251" classname="testcases.C2CTransfer"/>
  <testcase name="c2c" time="13.838" classname="testcases.C2CTransfer"/>
  <testcase name="c2c" time="6.240" classname="testcases.C2CTransfer"/>
  <testcase name="c2c" time="5.490" classname="testcases.C2CTransfer"/>
  <testcase name="c2c" time="41.361" classname="testcases.C2CTransfer"/>
  <testcase name="c2c" time="5.472" classname="testcases.C2CTransfer"/>
  <testcase name="c2c" time="6.288" classname="testcases.C2CTransfer"/>
  <testcase name="c2c" time="8.051" classname="testcases.C2CTransfer"/>
  <testcase name="c2c" time="5.918" classname="testcases.C2CTransfer"/>
  <testcase name="c2c" time="5.414" classname="testcases.C2CTransfer"/>
  <testcase name="c2c" time="5.942" classname="testcases.C2CTransfer"/>
  <testcase name="c2c" time="9.373" classname="testcases.C2CTransfer"/>
  <testcase name="c2c" time="5.224" classname="testcases.C2CTransfer"/>
  <testcase name="c2c" time="54.135" classname="testcases.C2CTransfer"/>
  <testcase name="c2c" time="8.019" classname="testcases.C2CTransfer"/>
  <testcase name="c2c" time="5.825" classname="testcases.C2CTransfer"/>
  <testcase name="c2c" time="6.745" classname="testcases.C2CTransfer"/>
  <testcase name="c2c" time="5.597" classname="testcases.C2CTransfer"/>
  <testcase name="c2c" time="46.643" classname="testcases.C2CTransfer"/>
  <testcase name="c2c" time="5.644" classname="testcases.C2CTransfer"/>
  <testcase name="c2c" time="11.611" classname="testcases.C2CTransfer"/>
  <testcase name="c2c" time="11.670" classname="testcases.C2CTransfer"/>
  <testcase name="c2c" time="5.696" classname="testcases.C2CTransfer"/>
  <testcase name="c2c" time="5.523" classname="testcases.C2CTransfer"/>
  <testcase name="c2c" time="5.332" classname="testcases.C2CTransfer"/>
  <testcase name="c2c" time="5.494" classname="testcases.C2CTransfer"/>
  <testcase name="c2c" time="46.803" classname="testcases.C2CTransfer"/>
  <testcase name="c2c" time="5.370" classname="testcases.C2CTransfer"/>
  <testcase name="c2c" time="6.709" classname="testcases.C2CTransfer"/>
  <testcase name="c2c" time="5.290" classname="testcases.C2CTransfer"/>
  <testcase name="c2c" time="40.144" classname="testcases.C2CTransfer"/>
  <testcase name="c2c" time="5.143" classname="testcases.C2CTransfer"/>
  <testcase name="c2c" time="5.980" classname="testcases.C2CTransfer"/>
  <testcase name="c2c" time="6.493" classname="testcases.C2CTransfer"/>
  <testcase name="c2c" time="45.147" classname="testcases.C2CTransfer"/>
  <testcase name="c2c" time="6.423" classname="testcases.C2CTransfer"/>
  <testcase name="c2c" time="47.971" classname="testcases.C2CTransfer"/>
  <testcase name="c2c" time="8.593" classname="testcases.C2CTransfer"/>
  <testcase name="c2c" time="6.228" classname="testcases.C2CTransfer"/>
  <testcase name="c2c" time="5.854" classname="testcases.C2CTransfer"/>
  <testcase name="c2c" time="4.877" classname="testcases.C2CTransfer"/>
  <testcase name="c2c" time="24.321" classname="testcases.C2CTransfer"/>
  <testcase name="c2c" time="8.272" classname="testcases.C2CTransfer"/>
  <testcase name="c2c" time="9.447" classname="testcases.C2CTransfer"/>
  <testcase name="c2c" time="6.455" classname="testcases.C2CTransfer"/>
  <testcase name="c2c" time="5.695" classname="testcases.C2CTransfer"/>
  <testcase name="c2c" time="5.575" classname="testcases.C2CTransfer"/>
  <testcase name="c2c" time="7.245" classname="testcases.C2CTransfer"/>
  <testcase name="c2c" time="15.154" classname="testcases.C2CTransfer"/>
  <testcase name="c2c" time="6.414" classname="testcases.C2CTransfer"/>
  <testcase name="c2c" time="44.872" classname="testcases.C2CTransfer"/>
  <testcase name="c2c" time="36.705" classname="testcases.C2CTransfer"/>
  <testcase name="c2c" time="8.098" classname="testcases.C2CTransfer"/>
  <testcase name="c2c" time="10.363" classname="testcases.C2CTransfer"/>
  <testcase name="c2c" time="6.208" classname="testcases.C2CTransfer"/>
  <testcase name="c2c" time="4.880" classname="testcases.C2CTransfer"/>
  <testcase name="c2c" time="6.553" classname="testcases.C2CTransfer"/>
  <testcase name="c2c" time="5.850" classname="testcases.C2CTransfer"/>
  <testcase name="c2c" time="6.496" classname="testcases.C2CTransfer"/>
  <testcase name="c2c" time="5.745" classname="testcases.C2CTransfer"/>
  <testcase name="c2c" time="40.486" classname="testcases.C2CTransfer"/>
  <testcase name="c2c" time="5.677" classname="testcases.C2CTransfer"/>
  <testcase name="c2c" time="12.434" classname="testcases.C2CTransfer"/>
  <testcase name="c2c" time="11.031" classname="testcases.C2CTransfer"/>
  <testcase name="c2c" time="6.643" classname="testcases.C2CTransfer"/>
  <testcase name="c2c" time="7.852" classname="testcases.C2CTransfer"/>
  <testcase name="c2c" time="40.123" classname="testcases.C2CTransfer"/>
  <testcase name="c2c" time="7.846" classname="testcases.C2CTransfer"/>
  <testcase name="c2c" time="5.761" classname="testcases.C2CTransfer"/>
  <testcase name="c2c" time="6.555" classname="testcases.C2CTransfer"/>
  <testcase name="c2c" time="41.356" classname="testcases.C2CTransfer"/>
  <testcase name="c2c" time="5.647" classname="testcases.C2CTransfer"/>
  <testcase name="c2c" time="7.670" classname="testcases.C2CTransfer"/>
  <testcase name="c2c" time="5.125" classname="testcases.C2CTransfer"/>
  <testcase name="c2c" time="5.821" classname="testcases.C2CTransfer"/>
  <testcase name="c2c" time="5.513" classname="testcases.C2CTransfer"/>
  <testcase name="c2c" time="5.796" classname="testcases.C2CTransfer"/>
  <testcase name="c2c" time="40.078" classname="testcases.C2CTransfer"/>
  <testcase name="c2c" time="5.823" classname="testcases.C2CTransfer"/>
  <testcase name="c2c" time="50.119" classname="testcases.C2CTransfer"/>
  <testcase name="c2c" time="5.880" classname="testcases.C2CTransfer"/>
  <testcase name="c2c" time="6.074" classname="testcases.C2CTransfer"/>
  <testcase name="c2c" time="5.566" classname="testcases.C2CTransfer"/>
  <testcase name="c2c" time="6.365" classname="testcases.C2CTransfer"/>
  <testcase name="c2c" time="5.866" classname="testcases.C2CTransfer"/>
  <testcase name="c2c" time="5.532" classname="testcases.C2CTransfer"/>
  <testcase name="c2c" time="7.594" classname="testcases.C2CTransfer"/>
  <testcase name="c2c" time="6.050" classname="testcases.C2CTransfer"/>
  <testcase name="c2c" time="5.243" classname="testcases.C2CTransfer"/>
  <testcase name="c2c" time="6.130" classname="testcases.C2CTransfer"/>
  <testcase name="c2c" time="5.352" classname="testcases.C2CTransfer"/>
  <testcase name="c2c" time="6.750" classname="testcases.C2CTransfer"/>
  <testcase name="c2c" time="5.495" classname="testcases.C2CTransfer"/>
  <testcase name="c2c" time="6.417" classname="testcases.C2CTransfer"/>
  <testcase name="c2c" time="46.103" classname="testcases.C2CTransfer"/>
  <testcase name="c2c" time="6.131" classname="testcases.C2CTransfer"/>
  <testcase name="c2c" time="5.794" classname="testcases.C2CTransfer"/>
  <testcase name="c2c" time="40.307" classname="testcases.C2CTransfer"/>
  <testcase name="c2c" time="42.851" classname="testcases.C2CTransfer"/>
  <testcase name="c2c" time="6.922" classname="testcases.C2CTransfer"/>
  <testcase name="c2c" time="56.473" classname="testcases.C2CTransfer"/>
  <testcase name="c2c" time="5.654" classname="testcases.C2CTransfer"/>
  <testcase name="c2c" time="40.870" classname="testcases.C2CTransfer"/>
  <testcase name="c2c" time="6.088" classname="testcases.C2CTransfer"/>
  <testcase name="c2c" time="6.810" classname="testcases.C2CTransfer"/>
  <testcase name="c2c" time="5.973" classname="testcases.C2CTransfer"/>
  <testcase name="c2c" time="14.310" classname="testcases.C2CTransfer"/>
  <testcase name="c2c" time="41.674" classname="testcases.C2CTransfer"/>
  <testcase name="c2c" time="40.504" classname="testcases.C2CTransfer"/>
  <testcase name="c2c" time="5.625" classname="testcases.C2CTransfer"/>
</testsuite> <!-- testcases.C2CTransfer -->
