<?xml version="1.0" encoding="UTF-8"?>
<!-- Generated by org.testng.reporters.JUnitReportReporter -->
<testsuite hostname="MCGL-5632" name="testcases.ResumeProfile" tests="4" failures="0" timestamp="16 Oct 2017 10:25:55 GMT" time="79.068" errors="0">
  <testcase name="resume" time="14.319" classname="testcases.ResumeProfile"/>
  <testcase name="resume" time="14.676" classname="testcases.ResumeProfile"/>
  <testcase name="resume" time="14.379" classname="testcases.ResumeProfile"/>
  <testcase name="resume" time="35.694" classname="testcases.ResumeProfile"/>
</testsuite> <!-- testcases.ResumeProfile -->
