<?xml version="1.0" encoding="UTF-8"?>
<!-- Generated by org.testng.reporters.JUnitReportReporter -->
<testsuite hostname="MCGL-5632" name="neg.DeleteLMSItems" tests="2" failures="0" timestamp="14 Sep 2017 03:40:58 GMT" time="1.505" errors="0">
  <testcase name="modifyItems" time="0.955" classname="neg.DeleteLMSItems"/>
  <testcase name="modifyItems" time="0.550" classname="neg.DeleteLMSItems"/>
</testsuite> <!-- neg.DeleteLMSItems -->
